12.0409 	WARNING 	User requested fullscreen with size [1463  823], but screen is actually [2560, 1600]. Using actual size
14.3131 	EXP 	Created window1 = Window(allowGUI=True, allowStencil=False, autoLog=True, backendConf=UNKNOWN, backgroundFit=<method-wrapper '__getattribute__' of attributeSetter object at 0x0000018CD0C18F70>, backgroundImage=<method-wrapper '__getattribute__' of attributeSetter object at 0x0000018CD0C18F10>, bitsMode=UNKNOWN, blendMode='avg', bpc=(8, 8, 8), color=array([0, 0, 0]), colorSpace='rgb', depthBits=8, fullscr=<method-wrapper '__getattribute__' of attributeSetter object at 0x0000018CD0C18D30>, gamma=None, gammaErrorPolicy='raise', lms=UNKNOWN, monitor=<psychopy.monitors.calibTools.Monitor object at 0x0000018CD10B1070>, multiSample=False, name='window1', numSamples=2, pos=(0, 0), screen=0, size=array([2560, 1600]), stencilBits=0, stereo=False, title='PsychoPy', units='deg', useFBO=True, useRetina=False, viewOri=0.0, viewPos=None, viewScale=None, waitBlanking=True, winType='pyglet')
14.3132 	EXP 	window1: mouseVisible = True
14.3132 	EXP 	window1: backgroundImage = ''
14.3132 	EXP 	window1: backgroundFit = 'none'
14.3164 	EXP 	window1: Attempting to measure frame rate of screen (0) ...
14.3164 	EXP 	window1: recordFrameIntervals = False
14.4788 	EXP 	window1: recordFrameIntervals = True
14.6629 	EXP 	Screen (0) actual frame rate measured at 59.92Hz
14.6630 	EXP 	window1: recordFrameIntervals = False
14.6631 	EXP 	window1: mouseVisible = False
17.0084 	EXP 	ASRT_percept: status = STARTED
17.0087 	EXP 	window1: mouseVisible = True
17.1738 	EXP 	Created spaceship = ImageStim(__class__=<class 'psychopy.visual.image.ImageStim'>, anchor=('center', 'center'), autoLog=True, color=array([1., 1., 1.]), colorSpace='rgb', contrast=1.0, depth=0.0, draggable=False, flipHoriz=False, flipVert=False, image='images/spaceship.jpg', interpolate=True, mask=None, maskParams=None, name='spaceship', opacity=0.3, ori=0.0, pos=array([0., 0.]), size=array([128.,  64.]), texRes=128.0, units='deg', win=Window(...))
17.1740 	EXP 	window1: mouseVisible = True
17.5908 	EXP 	Created welcometext = TextStim(__class__=<class 'psychopy.visual.text.TextStim'>, alignHoriz=method-wrapper(...), alignText='center', alignVert=method-wrapper(...), anchorHoriz='center', anchorVert='center', antialias=True, autoDraw=False, autoLog=True, bold=False, color=array([-1.,  1.,  1.]), colorSpace='rgb', contrast=1.0, depth=-1.0, draggable=False, flipHoriz=False, flipVert=False, font='DFKai-SB', fontFiles=[], height=2.0, italic=False, languageStyle='LTR', name='welcometext', opacity=1.0, ori=0.0, pos=array([0., 0.]), rgb=UNKNOWN, text=str(...), units='deg', win=Window(...), wrapWidth=30.0)
23.4781 	EXP 	window1: mouseVisible = True
23.4860 	EXP 	Created fixation_init = ShapeStim(__class__=<class 'psychopy.visual.shape.ShapeStim'>, anchor=('center', 'center'), autoDraw=False, autoLog=True, closeShape=True, color=method-wrapper(...), colorSpace='rgb', contrast=None, depth=-1.0, draggable=False, fillColor=array([1, 1, 1]), fillColorSpace='rgb', fillRGB=array([1, 1, 1]), interpolate=True, lineColor=array([1., 1., 1.]), lineColorSpace='rgb', lineRGB=array([1, 1, 1]), lineWidth=1.0, name='fixation_init', opacity=1.0, ori=0.0, pos=array([0., 0.]), size=array([2., 2.]), units='deg', vertices=ndarray(...), win=Window(...), windingRule=None)
23.4863 	EXP 	window1: mouseVisible = True
23.4917 	EXP 	Created arrowhead = ShapeStim(__class__=<class 'psychopy.visual.shape.ShapeStim'>, anchor=('center', 'center'), autoDraw=False, autoLog=True, closeShape=True, color=method-wrapper(...), colorSpace='rgb', contrast=None, depth=0.0, draggable=False, fillColor=array([1, 1, 1]), fillColorSpace='rgb', fillRGB=array([1, 1, 1]), interpolate=True, lineColor=array([0., 0., 0.]), lineColorSpace='rgb', lineRGB=array([0, 0, 0]), lineWidth=1.0, name='arrowhead', opacity=0.25, ori=1.0, pos=array([0., 0.]), size=array([3., 3.]), units='deg', vertices=ndarray(...), win=Window(...), windingRule=None)
23.4921 	EXP 	window1: mouseVisible = True
23.4979 	EXP 	Created cross = ShapeStim(__class__=<class 'psychopy.visual.shape.ShapeStim'>, anchor=('center', 'center'), autoDraw=False, autoLog=True, closeShape=True, color=method-wrapper(...), colorSpace='rgb', contrast=None, depth=0.0, draggable=False, fillColor=array([-1, -1, -1]), fillColorSpace='rgb', fillRGB=array([-1, -1, -1]), interpolate=True, lineColor=array([-1., -1., -1.]), lineColorSpace='rgb', lineRGB=array([-1, -1, -1]), lineWidth=1.0, name='cross', opacity=1.0, ori=0.0, pos=array([0., 0.]), size=array([2., 2.]), units='deg', vertices=ndarray(...), win=Window(...), windingRule=None)
23.4982 	EXP 	window1: mouseVisible = True
23.5036 	EXP 	Created feedback_text = TextStim(__class__=<class 'psychopy.visual.text.TextStim'>, alignHoriz=method-wrapper(...), alignText='center', alignVert=method-wrapper(...), anchorHoriz='center', anchorVert='center', antialias=True, autoDraw=False, autoLog=True, bold=False, color=array([1., 1., 1.]), colorSpace='rgb', contrast=1.0, depth=-2.0, draggable=False, flipHoriz=False, flipVert=False, font='Open Sans', fontFiles=[], height=3.0, italic=False, languageStyle='LTR', name='feedback_text', opacity=1.0, ori=0.0, pos=array([ 0., -8.]), rgb=UNKNOWN, text='', units='deg', win=Window(...), wrapWidth=15.0)
23.5038 	EXP 	window1: mouseVisible = True
23.5081 	EXP 	Created text_2 = TextStim(__class__=<class 'psychopy.visual.text.TextStim'>, alignHoriz=method-wrapper(...), alignText='center', alignVert=method-wrapper(...), anchorHoriz='center', anchorVert='center', antialias=True, autoDraw=False, autoLog=True, bold=False, color=array([1., 1., 1.]), colorSpace='rgb', contrast=1.0, depth=0.0, draggable=False, flipHoriz=False, flipVert=False, font='Open Sans', fontFiles=[], height=0.05, italic=False, languageStyle='LTR', name='text_2', opacity=1.0, ori=0.0, pos=array([0., 0.]), rgb=UNKNOWN, text='', units='deg', win=Window(...), wrapWidth=15.0)
23.5084 	EXP 	window1: mouseVisible = True
23.5106 	EXP 	Created feedback_post_section = TextStim(__class__=<class 'psychopy.visual.text.TextStim'>, alignHoriz=method-wrapper(...), alignText='center', alignVert=method-wrapper(...), anchorHoriz='center', anchorVert='center', antialias=True, autoDraw=False, autoLog=True, bold=False, color=array([1., 1., 1.]), colorSpace='rgb', contrast=1.0, depth=-1.0, draggable=False, flipHoriz=False, flipVert=False, font='DFKai-SB', fontFiles=[], height=2.0, italic=False, languageStyle='LTR', name='feedback_post_section', opacity=1.0, ori=0.0, pos=array([0., 0.]), rgb=UNKNOWN, text='', units='deg', win=Window(...), wrapWidth=30.0)
23.5109 	EXP 	window1: mouseVisible = True
23.7375 	EXP 	Created spaceship_rotated = ImageStim(__class__=<class 'psychopy.visual.image.ImageStim'>, anchor=('center', 'center'), autoLog=True, color=array([1., 1., 1.]), colorSpace='rgb', contrast=1.0, depth=0.0, draggable=False, flipHoriz=False, flipVert=True, image='images/spaceship.jpg', interpolate=True, mask=None, maskParams=None, name='spaceship_rotated', opacity=0.3, ori=-45.0, pos=array([0., 0.]), size=array([128.,  64.]), texRes=128.0, units='deg', win=Window(...))
23.7378 	EXP 	window1: mouseVisible = True
23.9036 	EXP 	Created rotation_instruction = TextStim(__class__=<class 'psychopy.visual.text.TextStim'>, alignHoriz=method-wrapper(...), alignText='center', alignVert=method-wrapper(...), anchorHoriz='center', anchorVert='center', antialias=True, autoDraw=False, autoLog=True, bold=False, color=array([-1.,  1.,  1.]), colorSpace='rgb', contrast=1.0, depth=-1.0, draggable=False, flipHoriz=False, flipVert=False, font='DFKai-SB', fontFiles=[], height=2.0, italic=False, languageStyle='LTR', name='rotation_instruction', opacity=1.0, ori=0.0, pos=array([0., 0.]), rgb=UNKNOWN, text=str(...), units='deg', win=Window(...), wrapWidth=30.0)
23.9040 	EXP 	window1: mouseVisible = True
23.9085 	EXP 	Created fixation_init = ShapeStim(__class__=<class 'psychopy.visual.shape.ShapeStim'>, anchor=('center', 'center'), autoDraw=False, autoLog=True, closeShape=True, color=method-wrapper(...), colorSpace='rgb', contrast=None, depth=-1.0, draggable=False, fillColor=array([1, 1, 1]), fillColorSpace='rgb', fillRGB=array([1, 1, 1]), interpolate=True, lineColor=array([1., 1., 1.]), lineColorSpace='rgb', lineRGB=array([1, 1, 1]), lineWidth=1.0, name='fixation_init', opacity=1.0, ori=0.0, pos=array([0., 0.]), size=array([2., 2.]), units='deg', vertices=ndarray(...), win=Window(...), windingRule=None)
23.9088 	EXP 	window1: mouseVisible = True
23.9132 	EXP 	Created arrowhead = ShapeStim(__class__=<class 'psychopy.visual.shape.ShapeStim'>, anchor=('center', 'center'), autoDraw=False, autoLog=True, closeShape=True, color=method-wrapper(...), colorSpace='rgb', contrast=None, depth=0.0, draggable=False, fillColor=array([1, 1, 1]), fillColorSpace='rgb', fillRGB=array([1, 1, 1]), interpolate=True, lineColor=array([0., 0., 0.]), lineColorSpace='rgb', lineRGB=array([0, 0, 0]), lineWidth=1.0, name='arrowhead', opacity=0.25, ori=1.0, pos=array([0., 0.]), size=array([3., 3.]), units='deg', vertices=ndarray(...), win=Window(...), windingRule=None)
23.9135 	EXP 	window1: mouseVisible = True
23.9185 	EXP 	Created cross = ShapeStim(__class__=<class 'psychopy.visual.shape.ShapeStim'>, anchor=('center', 'center'), autoDraw=False, autoLog=True, closeShape=True, color=method-wrapper(...), colorSpace='rgb', contrast=None, depth=0.0, draggable=False, fillColor=array([-1, -1, -1]), fillColorSpace='rgb', fillRGB=array([-1, -1, -1]), interpolate=True, lineColor=array([-1., -1., -1.]), lineColorSpace='rgb', lineRGB=array([-1, -1, -1]), lineWidth=1.0, name='cross', opacity=1.0, ori=0.0, pos=array([0., 0.]), size=array([2., 2.]), units='deg', vertices=ndarray(...), win=Window(...), windingRule=None)
23.9188 	EXP 	window1: mouseVisible = True
23.9219 	EXP 	Created feedback_text = TextStim(__class__=<class 'psychopy.visual.text.TextStim'>, alignHoriz=method-wrapper(...), alignText='center', alignVert=method-wrapper(...), anchorHoriz='center', anchorVert='center', antialias=True, autoDraw=False, autoLog=True, bold=False, color=array([1., 1., 1.]), colorSpace='rgb', contrast=1.0, depth=-2.0, draggable=False, flipHoriz=False, flipVert=False, font='Open Sans', fontFiles=[], height=3.0, italic=False, languageStyle='LTR', name='feedback_text', opacity=1.0, ori=0.0, pos=array([ 0., -8.]), rgb=UNKNOWN, text='', units='deg', win=Window(...), wrapWidth=15.0)
23.9222 	EXP 	window1: mouseVisible = True
23.9259 	EXP 	Created text_2 = TextStim(__class__=<class 'psychopy.visual.text.TextStim'>, alignHoriz=method-wrapper(...), alignText='center', alignVert=method-wrapper(...), anchorHoriz='center', anchorVert='center', antialias=True, autoDraw=False, autoLog=True, bold=False, color=array([1., 1., 1.]), colorSpace='rgb', contrast=1.0, depth=0.0, draggable=False, flipHoriz=False, flipVert=False, font='Open Sans', fontFiles=[], height=0.05, italic=False, languageStyle='LTR', name='text_2', opacity=1.0, ori=0.0, pos=array([0., 0.]), rgb=UNKNOWN, text='', units='deg', win=Window(...), wrapWidth=15.0)
23.9261 	EXP 	window1: mouseVisible = True
23.9294 	EXP 	Created feedback_post_section = TextStim(__class__=<class 'psychopy.visual.text.TextStim'>, alignHoriz=method-wrapper(...), alignText='center', alignVert=method-wrapper(...), anchorHoriz='center', anchorVert='center', antialias=True, autoDraw=False, autoLog=True, bold=False, color=array([1., 1., 1.]), colorSpace='rgb', contrast=1.0, depth=-1.0, draggable=False, flipHoriz=False, flipVert=False, font='DFKai-SB', fontFiles=[], height=2.0, italic=False, languageStyle='LTR', name='feedback_post_section', opacity=1.0, ori=0.0, pos=array([0., 0.]), rgb=UNKNOWN, text='', units='deg', win=Window(...), wrapWidth=30.0)
23.9298 	EXP 	window1: mouseVisible = True
24.1805 	EXP 	Created spaceship_rotated01 = ImageStim(__class__=<class 'psychopy.visual.image.ImageStim'>, anchor=('center', 'center'), autoLog=True, color=array([1., 1., 1.]), colorSpace='rgb', contrast=1.0, depth=0.0, draggable=False, flipHoriz=False, flipVert=True, image='images/spaceship.jpg', interpolate=True, mask=None, maskParams=None, name='spaceship_rotated01', opacity=0.3, ori=-45.0, pos=array([0., 0.]), size=array([128.,  64.]), texRes=128.0, units='deg', win=Window(...))
24.1808 	EXP 	window1: mouseVisible = True
24.3583 	EXP 	Created rotation_instruction01 = TextStim(__class__=<class 'psychopy.visual.text.TextStim'>, alignHoriz=method-wrapper(...), alignText='center', alignVert=method-wrapper(...), anchorHoriz='center', anchorVert='center', antialias=True, autoDraw=False, autoLog=True, bold=False, color=array([-1.,  1.,  1.]), colorSpace='rgb', contrast=1.0, depth=-1.0, draggable=False, flipHoriz=False, flipVert=False, font='DFKai-SB', fontFiles=[], height=2.0, italic=False, languageStyle='LTR', name='rotation_instruction01', opacity=1.0, ori=0.0, pos=array([0., 0.]), rgb=UNKNOWN, text=str(...), units='deg', win=Window(...), wrapWidth=100.0)
24.3586 	EXP 	window1: mouseVisible = True
24.3645 	EXP 	Created fixation_init = ShapeStim(__class__=<class 'psychopy.visual.shape.ShapeStim'>, anchor=('center', 'center'), autoDraw=False, autoLog=True, closeShape=True, color=method-wrapper(...), colorSpace='rgb', contrast=None, depth=-1.0, draggable=False, fillColor=array([1, 1, 1]), fillColorSpace='rgb', fillRGB=array([1, 1, 1]), interpolate=True, lineColor=array([1., 1., 1.]), lineColorSpace='rgb', lineRGB=array([1, 1, 1]), lineWidth=1.0, name='fixation_init', opacity=1.0, ori=0.0, pos=array([0., 0.]), size=array([2., 2.]), units='deg', vertices=ndarray(...), win=Window(...), windingRule=None)
24.3648 	EXP 	window1: mouseVisible = True
24.3703 	EXP 	Created arrowhead = ShapeStim(__class__=<class 'psychopy.visual.shape.ShapeStim'>, anchor=('center', 'center'), autoDraw=False, autoLog=True, closeShape=True, color=method-wrapper(...), colorSpace='rgb', contrast=None, depth=0.0, draggable=False, fillColor=array([1, 1, 1]), fillColorSpace='rgb', fillRGB=array([1, 1, 1]), interpolate=True, lineColor=array([0., 0., 0.]), lineColorSpace='rgb', lineRGB=array([0, 0, 0]), lineWidth=1.0, name='arrowhead', opacity=0.25, ori=1.0, pos=array([0., 0.]), size=array([3., 3.]), units='deg', vertices=ndarray(...), win=Window(...), windingRule=None)
24.3706 	EXP 	window1: mouseVisible = True
24.3758 	EXP 	Created cross = ShapeStim(__class__=<class 'psychopy.visual.shape.ShapeStim'>, anchor=('center', 'center'), autoDraw=False, autoLog=True, closeShape=True, color=method-wrapper(...), colorSpace='rgb', contrast=None, depth=0.0, draggable=False, fillColor=array([-1, -1, -1]), fillColorSpace='rgb', fillRGB=array([-1, -1, -1]), interpolate=True, lineColor=array([-1., -1., -1.]), lineColorSpace='rgb', lineRGB=array([-1, -1, -1]), lineWidth=1.0, name='cross', opacity=1.0, ori=0.0, pos=array([0., 0.]), size=array([2., 2.]), units='deg', vertices=ndarray(...), win=Window(...), windingRule=None)
24.3761 	EXP 	window1: mouseVisible = True
24.3788 	EXP 	Created feedback_text = TextStim(__class__=<class 'psychopy.visual.text.TextStim'>, alignHoriz=method-wrapper(...), alignText='center', alignVert=method-wrapper(...), anchorHoriz='center', anchorVert='center', antialias=True, autoDraw=False, autoLog=True, bold=False, color=array([1., 1., 1.]), colorSpace='rgb', contrast=1.0, depth=-2.0, draggable=False, flipHoriz=False, flipVert=False, font='Open Sans', fontFiles=[], height=3.0, italic=False, languageStyle='LTR', name='feedback_text', opacity=1.0, ori=0.0, pos=array([ 0., -8.]), rgb=UNKNOWN, text='', units='deg', win=Window(...), wrapWidth=15.0)
24.3790 	EXP 	window1: mouseVisible = True
24.3838 	EXP 	Created text_2 = TextStim(__class__=<class 'psychopy.visual.text.TextStim'>, alignHoriz=method-wrapper(...), alignText='center', alignVert=method-wrapper(...), anchorHoriz='center', anchorVert='center', antialias=True, autoDraw=False, autoLog=True, bold=False, color=array([1., 1., 1.]), colorSpace='rgb', contrast=1.0, depth=0.0, draggable=False, flipHoriz=False, flipVert=False, font='Open Sans', fontFiles=[], height=0.05, italic=False, languageStyle='LTR', name='text_2', opacity=1.0, ori=0.0, pos=array([0., 0.]), rgb=UNKNOWN, text='', units='deg', win=Window(...), wrapWidth=15.0)
24.3841 	EXP 	window1: mouseVisible = True
24.4644 	EXP 	Created seqreport_instruction_text = TextStim(__class__=<class 'psychopy.visual.text.TextStim'>, alignHoriz=method-wrapper(...), alignText='center', alignVert=method-wrapper(...), anchorHoriz='center', anchorVert='center', antialias=True, autoDraw=False, autoLog=True, bold=False, color=array([ 1.,  1., -1.]), colorSpace='rgb', contrast=1.0, depth=0.0, draggable=False, flipHoriz=False, flipVert=False, font='DFKai-SB', fontFiles=[], height=3.0, italic=False, languageStyle='LTR', name='seqreport_instruction_text', opacity=1.0, ori=0.0, pos=array([-15.,   6.]), rgb=UNKNOWN, text='請依時間順序按下出現白色箭頭時\n你所按的按鍵\n\n請按空白鍵繼續…', units='deg', win=Window(...), wrapWidth=20.0)
24.4648 	EXP 	window1: mouseVisible = True
24.4700 	EXP 	Created arrow_report = ShapeStim(__class__=<class 'psychopy.visual.shape.ShapeStim'>, anchor=('center', 'center'), autoDraw=False, autoLog=True, closeShape=True, color=method-wrapper(...), colorSpace='rgb', contrast=None, depth=0.0, draggable=False, fillColor=array([1, 1, 1]), fillColorSpace='rgb', fillRGB=array([1, 1, 1]), interpolate=True, lineColor=array([1., 1., 1.]), lineColorSpace='rgb', lineRGB=array([1, 1, 1]), lineWidth=1.0, name='arrow_report', opacity=1.0, ori=1.0, pos=array([0., 0.]), size=array([3., 3.]), units='deg', vertices=ndarray(...), win=Window(...), windingRule=None)
24.4702 	EXP 	window1: mouseVisible = True
24.4730 	EXP 	Created feedback_post_section = TextStim(__class__=<class 'psychopy.visual.text.TextStim'>, alignHoriz=method-wrapper(...), alignText='center', alignVert=method-wrapper(...), anchorHoriz='center', anchorVert='center', antialias=True, autoDraw=False, autoLog=True, bold=False, color=array([1., 1., 1.]), colorSpace='rgb', contrast=1.0, depth=-1.0, draggable=False, flipHoriz=False, flipVert=False, font='DFKai-SB', fontFiles=[], height=2.0, italic=False, languageStyle='LTR', name='feedback_post_section', opacity=1.0, ori=0.0, pos=array([0., 0.]), rgb=UNKNOWN, text='', units='deg', win=Window(...), wrapWidth=30.0)
24.4733 	EXP 	window1: mouseVisible = True
24.7105 	EXP 	Created spaceship4 = ImageStim(__class__=<class 'psychopy.visual.image.ImageStim'>, anchor=('center', 'center'), autoLog=True, color=array([1., 1., 1.]), colorSpace='rgb', contrast=1.0, depth=0.0, draggable=False, flipHoriz=False, flipVert=False, image='images/spaceship.jpg', interpolate=True, mask=None, maskParams=None, name='spaceship4', opacity=0.3, ori=0.0, pos=array([0., 0.]), size=array([128.,  64.]), texRes=128.0, units='deg', win=Window(...))
24.7108 	EXP 	window1: mouseVisible = True
24.7613 	EXP 	Created percept_testing_instruction_text = TextStim(__class__=<class 'psychopy.visual.text.TextStim'>, alignHoriz=method-wrapper(...), alignText='center', alignVert=method-wrapper(...), anchorHoriz='center', anchorVert='center', antialias=True, autoDraw=False, autoLog=True, bold=False, color=array([-1.,  1.,  1.]), colorSpace='rgb', contrast=1.0, depth=-2.0, draggable=False, flipHoriz=False, flipVert=False, font='DFKai-SB', fontFiles=[], height=2.0, italic=False, languageStyle='LTR', name='percept_testing_instruction_text', opacity=1.0, ori=0.0, pos=array([0., 0.]), rgb=UNKNOWN, text=str(...), units='deg', win=Window(...), wrapWidth=30.0)
24.7616 	EXP 	window1: mouseVisible = True
24.7681 	EXP 	Created fixation_init = ShapeStim(__class__=<class 'psychopy.visual.shape.ShapeStim'>, anchor=('center', 'center'), autoDraw=False, autoLog=True, closeShape=True, color=method-wrapper(...), colorSpace='rgb', contrast=None, depth=-1.0, draggable=False, fillColor=array([1, 1, 1]), fillColorSpace='rgb', fillRGB=array([1, 1, 1]), interpolate=True, lineColor=array([1., 1., 1.]), lineColorSpace='rgb', lineRGB=array([1, 1, 1]), lineWidth=1.0, name='fixation_init', opacity=1.0, ori=0.0, pos=array([0., 0.]), size=array([2., 2.]), units='deg', vertices=ndarray(...), win=Window(...), windingRule=None)
24.7684 	EXP 	window1: mouseVisible = True
24.7737 	EXP 	Created arrowhead = ShapeStim(__class__=<class 'psychopy.visual.shape.ShapeStim'>, anchor=('center', 'center'), autoDraw=False, autoLog=True, closeShape=True, color=method-wrapper(...), colorSpace='rgb', contrast=None, depth=0.0, draggable=False, fillColor=array([1, 1, 1]), fillColorSpace='rgb', fillRGB=array([1, 1, 1]), interpolate=True, lineColor=array([0., 0., 0.]), lineColorSpace='rgb', lineRGB=array([0, 0, 0]), lineWidth=1.0, name='arrowhead', opacity=0.25, ori=1.0, pos=array([0., 0.]), size=array([3., 3.]), units='deg', vertices=ndarray(...), win=Window(...), windingRule=None)
24.7741 	EXP 	window1: mouseVisible = True
24.7797 	EXP 	Created cross_2 = ShapeStim(__class__=<class 'psychopy.visual.shape.ShapeStim'>, anchor=('center', 'center'), autoDraw=False, autoLog=True, closeShape=True, color=method-wrapper(...), colorSpace='rgb', contrast=None, depth=0.0, draggable=False, fillColor=array([-1, -1, -1]), fillColorSpace='rgb', fillRGB=array([-1, -1, -1]), interpolate=True, lineColor=array([-1., -1., -1.]), lineColorSpace='rgb', lineRGB=array([-1, -1, -1]), lineWidth=1.0, name='cross_2', opacity=1.0, ori=0.0, pos=array([0., 0.]), size=array([2., 2.]), units='deg', vertices=ndarray(...), win=Window(...), windingRule=None)
24.7799 	EXP 	window1: mouseVisible = True
24.7838 	EXP 	Created text_2 = TextStim(__class__=<class 'psychopy.visual.text.TextStim'>, alignHoriz=method-wrapper(...), alignText='center', alignVert=method-wrapper(...), anchorHoriz='center', anchorVert='center', antialias=True, autoDraw=False, autoLog=True, bold=False, color=array([1., 1., 1.]), colorSpace='rgb', contrast=1.0, depth=0.0, draggable=False, flipHoriz=False, flipVert=False, font='Open Sans', fontFiles=[], height=0.05, italic=False, languageStyle='LTR', name='text_2', opacity=1.0, ori=0.0, pos=array([0., 0.]), rgb=UNKNOWN, text='', units='deg', win=Window(...), wrapWidth=15.0)
24.7841 	EXP 	window1: mouseVisible = True
24.7868 	EXP 	Created feedback_post_section = TextStim(__class__=<class 'psychopy.visual.text.TextStim'>, alignHoriz=method-wrapper(...), alignText='center', alignVert=method-wrapper(...), anchorHoriz='center', anchorVert='center', antialias=True, autoDraw=False, autoLog=True, bold=False, color=array([1., 1., 1.]), colorSpace='rgb', contrast=1.0, depth=-1.0, draggable=False, flipHoriz=False, flipVert=False, font='DFKai-SB', fontFiles=[], height=2.0, italic=False, languageStyle='LTR', name='feedback_post_section', opacity=1.0, ori=0.0, pos=array([0., 0.]), rgb=UNKNOWN, text='', units='deg', win=Window(...), wrapWidth=30.0)
24.7871 	EXP 	window1: mouseVisible = True
24.8711 	EXP 	Created text = TextStim(__class__=<class 'psychopy.visual.text.TextStim'>, alignHoriz=method-wrapper(...), alignText='center', alignVert=method-wrapper(...), anchorHoriz='center', anchorVert='center', antialias=True, autoDraw=False, autoLog=True, bold=False, color=array([-1.,  1.,  1.]), colorSpace='rgb', contrast=1.0, depth=0.0, draggable=False, flipHoriz=False, flipVert=False, font='DFKai-SB', fontFiles=[], height=3.0, italic=False, languageStyle='LTR', name='text', opacity=1.0, ori=0.0, pos=array([0., 0.]), rgb=UNKNOWN, text='實驗已完成，謝謝您的參與！\n請等待實驗者的進一步導引。', units='deg', win=Window(...), wrapWidth=30.0)
0.3035 	EXP 	spaceship: autoDraw = True
0.3035 	EXP 	welcometext: autoDraw = True
2.1045 	EXP 	Imported sequences/init_random_sequence_file_list.xlsx as conditions, 1 conditions, 1 params
2.1058 	EXP 	Created sequence: sequential, trialTypes=1, nReps=0, seed=None
2.1306 	EXP 	spaceship: autoDraw = False
2.1306 	EXP 	welcometext: autoDraw = False
2.1306 	EXP 	spaceship_rotated: autoDraw = True
2.1306 	EXP 	rotation_instruction: autoDraw = True
2.5718 	EXP 	Imported sequences/practice_sequence_file_list.xlsx as conditions, 5 conditions, 1 params
2.5726 	EXP 	Created sequence: sequential, trialTypes=5, nReps=0, seed=None
2.5962 	EXP 	spaceship_rotated: autoDraw = False
2.5962 	EXP 	rotation_instruction: autoDraw = False
2.5962 	EXP 	spaceship_rotated01: autoDraw = True
2.5962 	EXP 	rotation_instruction01: autoDraw = True
2.9920 	EXP 	Imported sequences/learning_sequence_file_list.xlsx as conditions, 20 conditions, 1 params
2.9931 	EXP 	Created sequence: sequential, trialTypes=20, nReps=0, seed=None
3.0163 	EXP 	spaceship_rotated01: autoDraw = False
3.0163 	EXP 	rotation_instruction01: autoDraw = False
3.0163 	EXP 	spaceship4: autoDraw = True
3.0163 	EXP 	percept_testing_instruction_text: autoDraw = True
3.5054 	EXP 	Imported sequences/percept_testing_sequence_file_list.xlsx as conditions, 5 conditions, 1 params
3.5063 	EXP 	Created sequence: sequential, trialTypes=5, nReps=1, seed=None
3.5069 	EXP 	New trial (rep=0, index=0): {'percept_testing_seq_files': 'sequences/002534_percepttesting_sequence_00.csv'}
3.5285 	EXP 	spaceship4: autoDraw = False
3.5285 	EXP 	percept_testing_instruction_text: autoDraw = False
3.5285 	EXP 	fixation_init: autoDraw = True
4.5331 	EXP 	Imported sequences/002534_percepttesting_sequence_00.csv as conditions, 8 conditions, 5 params
4.5333 	EXP 	Created sequence: sequential, trialTypes=8, nReps=1, seed=None
4.5334 	EXP 	New trial (rep=0, index=0): OrderedDict([('orientation_degrees', 0), ('orientation_index', 0), ('correct_answer_index', 0), ('correct_answer_direction', 4), ('arrow_color', 'red')])
4.5390 	EXP 	fixation_init: autoDraw = False
4.5390 	EXP 	arrowhead: fillColor = <psychopy.colors.Color: red, alpha=1.0>
4.5390 	EXP 	arrowhead: ori = 0.0
4.5390 	EXP 	arrowhead: borderColor = <psychopy.colors.Color: none, alpha=0.0>
4.5390 	EXP 	arrowhead: autoDraw = True
4.7432 	EXP 	arrowhead: autoDraw = False
5.5256 	EXP 	arrowhead: autoDraw = False
5.5256 	EXP 	cross_2: autoDraw = True
5.6605 	EXP 	cross_2: autoDraw = False
5.6605 	EXP 	cross_2: autoDraw = False
5.6605 	EXP 	text_2: autoDraw = True
6.3448 	EXP 	New trial (rep=0, index=1): OrderedDict([('orientation_degrees', 90), ('orientation_index', 1), ('correct_answer_index', 1), ('correct_answer_direction', 3), ('arrow_color', 'red')])
6.3591 	EXP 	text_2: autoDraw = False
6.3591 	EXP 	text_2: autoDraw = False
6.3591 	EXP 	arrowhead: fillColor = <psychopy.colors.Color: red, alpha=1.0>
6.3591 	EXP 	arrowhead: ori = 90.0
6.3591 	EXP 	arrowhead: borderColor = <psychopy.colors.Color: none, alpha=0.0>
6.3591 	EXP 	arrowhead: autoDraw = True
6.5588 	EXP 	arrowhead: autoDraw = False
7.3590 	EXP 	arrowhead: autoDraw = False
7.3590 	EXP 	cross_2: autoDraw = True
7.4056 	DATA 	Mouse: Left button down, pos=(1052,966)
7.6071 	EXP 	cross_2: autoDraw = False
7.6071 	EXP 	cross_2: autoDraw = False
7.6071 	EXP 	text_2: autoDraw = True
7.6269 	DATA 	Mouse:  Left button up, pos=(1052,966)
8.2914 	EXP 	New trial (rep=0, index=2): OrderedDict([('orientation_degrees', 90), ('orientation_index', 1), ('correct_answer_index', 1), ('correct_answer_direction', 3), ('arrow_color', 'red')])
8.3069 	EXP 	text_2: autoDraw = False
8.3069 	EXP 	text_2: autoDraw = False
8.3069 	EXP 	arrowhead: fillColor = <psychopy.colors.Color: red, alpha=1.0>
8.3069 	EXP 	arrowhead: ori = 90.0
8.3069 	EXP 	arrowhead: borderColor = <psychopy.colors.Color: none, alpha=0.0>
8.3069 	EXP 	arrowhead: autoDraw = True
8.5067 	EXP 	arrowhead: autoDraw = False
9.3067 	EXP 	arrowhead: autoDraw = False
9.3067 	EXP 	cross_2: autoDraw = True
9.4400 	EXP 	cross_2: autoDraw = False
9.4400 	EXP 	cross_2: autoDraw = False
9.4400 	EXP 	text_2: autoDraw = True
10.1245 	EXP 	New trial (rep=0, index=3): OrderedDict([('orientation_degrees', 270), ('orientation_index', 3), ('correct_answer_index', 3), ('correct_answer_direction', 1), ('arrow_color', 'red')])
10.1402 	EXP 	text_2: autoDraw = False
10.1402 	EXP 	text_2: autoDraw = False
10.1402 	EXP 	arrowhead: fillColor = <psychopy.colors.Color: red, alpha=1.0>
10.1402 	EXP 	arrowhead: ori = 270.0
10.1402 	EXP 	arrowhead: borderColor = <psychopy.colors.Color: none, alpha=0.0>
10.1402 	EXP 	arrowhead: autoDraw = True
10.3401 	EXP 	arrowhead: autoDraw = False
11.1400 	EXP 	arrowhead: autoDraw = False
11.1400 	EXP 	cross_2: autoDraw = True
11.2731 	EXP 	cross_2: autoDraw = False
11.2731 	EXP 	cross_2: autoDraw = False
11.2731 	EXP 	text_2: autoDraw = True
11.9571 	EXP 	New trial (rep=0, index=4): OrderedDict([('orientation_degrees', 270), ('orientation_index', 3), ('correct_answer_index', 3), ('correct_answer_direction', 1), ('arrow_color', 'red')])
11.9731 	EXP 	text_2: autoDraw = False
11.9731 	EXP 	text_2: autoDraw = False
11.9731 	EXP 	arrowhead: fillColor = <psychopy.colors.Color: red, alpha=1.0>
11.9731 	EXP 	arrowhead: ori = 270.0
11.9731 	EXP 	arrowhead: borderColor = <psychopy.colors.Color: none, alpha=0.0>
11.9731 	EXP 	arrowhead: autoDraw = True
12.1733 	EXP 	arrowhead: autoDraw = False
12.9730 	EXP 	arrowhead: autoDraw = False
12.9730 	EXP 	cross_2: autoDraw = True
13.1064 	EXP 	cross_2: autoDraw = False
13.1064 	EXP 	cross_2: autoDraw = False
13.1064 	EXP 	text_2: autoDraw = True
13.7907 	EXP 	New trial (rep=0, index=5): OrderedDict([('orientation_degrees', 180), ('orientation_index', 2), ('correct_answer_index', 2), ('correct_answer_direction', 2), ('arrow_color', 'white')])
13.8065 	EXP 	text_2: autoDraw = False
13.8065 	EXP 	text_2: autoDraw = False
13.8065 	EXP 	arrowhead: fillColor = <psychopy.colors.Color: white, alpha=1.0>
13.8065 	EXP 	arrowhead: ori = 180.0
13.8065 	EXP 	arrowhead: borderColor = <psychopy.colors.Color: none, alpha=0.0>
13.8065 	EXP 	arrowhead: autoDraw = True
14.0065 	EXP 	arrowhead: autoDraw = False
14.8063 	EXP 	arrowhead: autoDraw = False
14.8063 	EXP 	cross_2: autoDraw = True
14.9397 	EXP 	cross_2: autoDraw = False
14.9397 	EXP 	cross_2: autoDraw = False
14.9397 	EXP 	text_2: autoDraw = True
15.6241 	EXP 	New trial (rep=0, index=6): OrderedDict([('orientation_degrees', 0), ('orientation_index', 0), ('correct_answer_index', 0), ('correct_answer_direction', 4), ('arrow_color', 'red')])
15.6397 	EXP 	text_2: autoDraw = False
15.6397 	EXP 	text_2: autoDraw = False
15.6397 	EXP 	arrowhead: fillColor = <psychopy.colors.Color: red, alpha=1.0>
15.6397 	EXP 	arrowhead: ori = 0.0
15.6397 	EXP 	arrowhead: borderColor = <psychopy.colors.Color: none, alpha=0.0>
15.6397 	EXP 	arrowhead: autoDraw = True
15.8398 	EXP 	arrowhead: autoDraw = False
16.6395 	EXP 	arrowhead: autoDraw = False
16.6395 	EXP 	cross_2: autoDraw = True
16.7728 	EXP 	cross_2: autoDraw = False
16.7728 	EXP 	cross_2: autoDraw = False
16.7728 	EXP 	text_2: autoDraw = True
17.4570 	EXP 	New trial (rep=0, index=7): OrderedDict([('orientation_degrees', 90), ('orientation_index', 1), ('correct_answer_index', 1), ('correct_answer_direction', 3), ('arrow_color', 'white')])
17.4728 	EXP 	text_2: autoDraw = False
17.4728 	EXP 	text_2: autoDraw = False
17.4728 	EXP 	arrowhead: fillColor = <psychopy.colors.Color: white, alpha=1.0>
17.4728 	EXP 	arrowhead: ori = 90.0
17.4728 	EXP 	arrowhead: borderColor = <psychopy.colors.Color: none, alpha=0.0>
17.4728 	EXP 	arrowhead: autoDraw = True
17.6729 	EXP 	arrowhead: autoDraw = False
18.4728 	EXP 	arrowhead: autoDraw = False
18.4728 	EXP 	cross_2: autoDraw = True
18.6061 	EXP 	cross_2: autoDraw = False
18.6061 	EXP 	cross_2: autoDraw = False
18.6061 	EXP 	text_2: autoDraw = True
19.3145 	EXP 	text_2: autoDraw = False
19.3145 	EXP 	text_2: autoDraw = False
19.3145 	EXP 	feedback_post_section: height = 2.0
19.3145 	EXP 	feedback_post_section: height = 2.0
19.3145 	EXP 	feedback_post_section: height = 2.0
19.3145 	EXP 	feedback_post_section: text = '\n        您在這一個段落的表現：\n        平均反應時間：0.0ms\n        正確率：0.0%\n        請按任意鍵繼續…\n        '
19.3145 	EXP 	feedback_post_section: autoDraw = True
21.2577 	EXP 	New trial (rep=0, index=1): {'percept_testing_seq_files': 'sequences/002534_percepttesting_sequence_01.csv'}
21.2592 	DATA 	Keypress: space
21.2733 	EXP 	feedback_post_section: autoDraw = False
21.2733 	EXP 	fixation_init: autoDraw = True
22.2605 	EXP 	Imported sequences/002534_percepttesting_sequence_01.csv as conditions, 8 conditions, 5 params
22.2607 	EXP 	Created sequence: sequential, trialTypes=8, nReps=1, seed=None
22.2608 	EXP 	New trial (rep=0, index=0): OrderedDict([('orientation_degrees', 270), ('orientation_index', 3), ('correct_answer_index', 3), ('correct_answer_direction', 1), ('arrow_color', 'red')])
22.2734 	EXP 	fixation_init: autoDraw = False
22.2734 	EXP 	fixation_init: autoDraw = False
22.2734 	EXP 	arrowhead: fillColor = <psychopy.colors.Color: red, alpha=1.0>
22.2734 	EXP 	arrowhead: ori = 270.0
22.2734 	EXP 	arrowhead: borderColor = <psychopy.colors.Color: none, alpha=0.0>
22.2734 	EXP 	arrowhead: autoDraw = True
22.4725 	EXP 	arrowhead: autoDraw = False
23.2725 	EXP 	arrowhead: autoDraw = False
23.2725 	EXP 	cross_2: autoDraw = True
23.4060 	EXP 	cross_2: autoDraw = False
23.4060 	EXP 	cross_2: autoDraw = False
23.4060 	EXP 	text_2: autoDraw = True
23.5408 	DATA 	Keypress: 1
24.0901 	EXP 	New trial (rep=0, index=1): OrderedDict([('orientation_degrees', 90), ('orientation_index', 1), ('correct_answer_index', 1), ('correct_answer_direction', 3), ('arrow_color', 'red')])
24.1058 	EXP 	text_2: autoDraw = False
24.1058 	EXP 	text_2: autoDraw = False
24.1058 	EXP 	arrowhead: fillColor = <psychopy.colors.Color: red, alpha=1.0>
24.1058 	EXP 	arrowhead: ori = 90.0
24.1058 	EXP 	arrowhead: borderColor = <psychopy.colors.Color: none, alpha=0.0>
24.1058 	EXP 	arrowhead: autoDraw = True
24.3065 	EXP 	arrowhead: autoDraw = False
24.5744 	DATA 	Keypress: 2
24.5893 	EXP 	arrowhead: autoDraw = False
24.5893 	EXP 	cross_2: autoDraw = True
24.7225 	EXP 	cross_2: autoDraw = False
24.7225 	EXP 	cross_2: autoDraw = False
24.7225 	EXP 	text_2: autoDraw = True
25.4065 	EXP 	New trial (rep=0, index=2): OrderedDict([('orientation_degrees', 90), ('orientation_index', 1), ('correct_answer_index', 1), ('correct_answer_direction', 3), ('arrow_color', 'red')])
25.4225 	EXP 	text_2: autoDraw = False
25.4225 	EXP 	text_2: autoDraw = False
25.4225 	EXP 	arrowhead: fillColor = <psychopy.colors.Color: red, alpha=1.0>
25.4225 	EXP 	arrowhead: ori = 90.0
25.4225 	EXP 	arrowhead: borderColor = <psychopy.colors.Color: none, alpha=0.0>
25.4225 	EXP 	arrowhead: autoDraw = True
25.6225 	EXP 	arrowhead: autoDraw = False
26.1579 	DATA 	Keypress: 3
26.1723 	EXP 	arrowhead: autoDraw = False
26.1723 	EXP 	cross_2: autoDraw = True
26.3058 	EXP 	cross_2: autoDraw = False
26.3058 	EXP 	cross_2: autoDraw = False
26.3058 	EXP 	text_2: autoDraw = True
26.9897 	EXP 	New trial (rep=0, index=3): OrderedDict([('orientation_degrees', 180), ('orientation_index', 2), ('correct_answer_index', 2), ('correct_answer_direction', 2), ('arrow_color', 'red')])
27.0057 	EXP 	text_2: autoDraw = False
27.0057 	EXP 	text_2: autoDraw = False
27.0057 	EXP 	arrowhead: fillColor = <psychopy.colors.Color: red, alpha=1.0>
27.0057 	EXP 	arrowhead: ori = 180.0
27.0057 	EXP 	arrowhead: borderColor = <psychopy.colors.Color: none, alpha=0.0>
27.0057 	EXP 	arrowhead: autoDraw = True
27.2056 	EXP 	arrowhead: autoDraw = False
27.9917 	DATA 	Keypress: 4
28.0057 	EXP 	arrowhead: autoDraw = False
28.0057 	EXP 	cross_2: autoDraw = True
28.1399 	EXP 	cross_2: autoDraw = False
28.1399 	EXP 	cross_2: autoDraw = False
28.1399 	EXP 	text_2: autoDraw = True
28.8235 	EXP 	New trial (rep=0, index=4): OrderedDict([('orientation_degrees', 0), ('orientation_index', 0), ('correct_answer_index', 0), ('correct_answer_direction', 4), ('arrow_color', 'red')])
28.8391 	EXP 	text_2: autoDraw = False
28.8391 	EXP 	text_2: autoDraw = False
28.8391 	EXP 	arrowhead: fillColor = <psychopy.colors.Color: red, alpha=1.0>
28.8391 	EXP 	arrowhead: ori = 0.0
28.8391 	EXP 	arrowhead: borderColor = <psychopy.colors.Color: none, alpha=0.0>
28.8391 	EXP 	arrowhead: autoDraw = True
29.0390 	EXP 	arrowhead: autoDraw = False
29.4245 	DATA 	Keypress: 4
29.4390 	EXP 	arrowhead: autoDraw = False
29.4390 	EXP 	cross_2: autoDraw = True
29.5725 	EXP 	cross_2: autoDraw = False
29.5725 	EXP 	cross_2: autoDraw = False
29.5725 	EXP 	text_2: autoDraw = True
30.2563 	EXP 	New trial (rep=0, index=5): OrderedDict([('orientation_degrees', 180), ('orientation_index', 2), ('correct_answer_index', 2), ('correct_answer_direction', 2), ('arrow_color', 'white')])
30.2722 	EXP 	text_2: autoDraw = False
30.2722 	EXP 	text_2: autoDraw = False
30.2722 	EXP 	arrowhead: fillColor = <psychopy.colors.Color: white, alpha=1.0>
30.2722 	EXP 	arrowhead: ori = 180.0
30.2722 	EXP 	arrowhead: borderColor = <psychopy.colors.Color: none, alpha=0.0>
30.2722 	EXP 	arrowhead: autoDraw = True
30.4724 	EXP 	arrowhead: autoDraw = False
30.8743 	DATA 	Keypress: 2
30.8888 	EXP 	arrowhead: autoDraw = False
30.8888 	EXP 	cross_2: autoDraw = True
31.0221 	EXP 	cross_2: autoDraw = False
31.0221 	EXP 	cross_2: autoDraw = False
31.0221 	EXP 	text_2: autoDraw = True
31.7062 	EXP 	New trial (rep=0, index=6): OrderedDict([('orientation_degrees', 0), ('orientation_index', 0), ('correct_answer_index', 0), ('correct_answer_direction', 4), ('arrow_color', 'red')])
31.7221 	EXP 	text_2: autoDraw = False
31.7221 	EXP 	text_2: autoDraw = False
31.7221 	EXP 	arrowhead: fillColor = <psychopy.colors.Color: red, alpha=1.0>
31.7221 	EXP 	arrowhead: ori = 0.0
31.7221 	EXP 	arrowhead: borderColor = <psychopy.colors.Color: none, alpha=0.0>
31.7221 	EXP 	arrowhead: autoDraw = True
31.9219 	EXP 	arrowhead: autoDraw = False
32.4742 	DATA 	Keypress: 4
32.4888 	EXP 	arrowhead: autoDraw = False
32.4888 	EXP 	cross_2: autoDraw = True
32.6222 	EXP 	cross_2: autoDraw = False
32.6222 	EXP 	cross_2: autoDraw = False
32.6222 	EXP 	text_2: autoDraw = True
33.3062 	EXP 	New trial (rep=0, index=7): OrderedDict([('orientation_degrees', 90), ('orientation_index', 1), ('correct_answer_index', 1), ('correct_answer_direction', 3), ('arrow_color', 'white')])
33.3220 	EXP 	text_2: autoDraw = False
33.3220 	EXP 	text_2: autoDraw = False
33.3220 	EXP 	arrowhead: fillColor = <psychopy.colors.Color: white, alpha=1.0>
33.3220 	EXP 	arrowhead: ori = 90.0
33.3220 	EXP 	arrowhead: borderColor = <psychopy.colors.Color: none, alpha=0.0>
33.3220 	EXP 	arrowhead: autoDraw = True
33.5227 	EXP 	arrowhead: autoDraw = False
34.1919 	DATA 	Keypress: 3
34.2057 	EXP 	arrowhead: autoDraw = False
34.2057 	EXP 	cross_2: autoDraw = True
34.3386 	EXP 	cross_2: autoDraw = False
34.3386 	EXP 	cross_2: autoDraw = False
34.3386 	EXP 	text_2: autoDraw = True
35.0386 	EXP 	text_2: autoDraw = False
35.0386 	EXP 	text_2: autoDraw = False
35.0386 	EXP 	feedback_post_section: height = 2.0
35.0386 	EXP 	feedback_post_section: height = 2.0
35.0386 	EXP 	feedback_post_section: height = 2.0
35.0386 	EXP 	feedback_post_section: text = '\n        您在這一個段落的表現：\n        平均反應時間：700.0ms\n        正確率：62.0%\n        請按任意鍵繼續…\n        '
35.0386 	EXP 	feedback_post_section: autoDraw = True
36.9062 	EXP 	New trial (rep=0, index=2): {'percept_testing_seq_files': 'sequences/002534_percepttesting_sequence_02.csv'}
36.9075 	DATA 	Keypress: space
36.9220 	EXP 	feedback_post_section: autoDraw = False
36.9220 	EXP 	fixation_init: autoDraw = True
37.9108 	EXP 	Imported sequences/002534_percepttesting_sequence_02.csv as conditions, 8 conditions, 5 params
37.9111 	EXP 	Created sequence: sequential, trialTypes=8, nReps=1, seed=None
37.9112 	EXP 	New trial (rep=0, index=0): OrderedDict([('orientation_degrees', 270), ('orientation_index', 3), ('correct_answer_index', 3), ('correct_answer_direction', 1), ('arrow_color', 'red')])
37.9218 	EXP 	fixation_init: autoDraw = False
37.9218 	EXP 	fixation_init: autoDraw = False
37.9218 	EXP 	arrowhead: fillColor = <psychopy.colors.Color: red, alpha=1.0>
37.9218 	EXP 	arrowhead: ori = 270.0
37.9218 	EXP 	arrowhead: borderColor = <psychopy.colors.Color: none, alpha=0.0>
37.9218 	EXP 	arrowhead: autoDraw = True
38.1219 	EXP 	arrowhead: autoDraw = False
38.5407 	DATA 	Keypress: 1
38.5551 	EXP 	arrowhead: autoDraw = False
38.5551 	EXP 	cross_2: autoDraw = True
38.6886 	EXP 	cross_2: autoDraw = False
38.6886 	EXP 	cross_2: autoDraw = False
38.6886 	EXP 	text_2: autoDraw = True
39.3724 	EXP 	New trial (rep=0, index=1): OrderedDict([('orientation_degrees', 270), ('orientation_index', 3), ('correct_answer_index', 3), ('correct_answer_direction', 1), ('arrow_color', 'red')])
39.3886 	EXP 	text_2: autoDraw = False
39.3886 	EXP 	text_2: autoDraw = False
39.3886 	EXP 	arrowhead: fillColor = <psychopy.colors.Color: red, alpha=1.0>
39.3886 	EXP 	arrowhead: ori = 270.0
39.3886 	EXP 	arrowhead: borderColor = <psychopy.colors.Color: none, alpha=0.0>
39.3886 	EXP 	arrowhead: autoDraw = True
39.5885 	EXP 	arrowhead: autoDraw = False
39.9239 	DATA 	Keypress: 1
39.9384 	EXP 	arrowhead: autoDraw = False
39.9384 	EXP 	cross_2: autoDraw = True
40.0717 	EXP 	cross_2: autoDraw = False
40.0717 	EXP 	cross_2: autoDraw = False
40.0717 	EXP 	text_2: autoDraw = True
40.7558 	EXP 	New trial (rep=0, index=2): OrderedDict([('orientation_degrees', 0), ('orientation_index', 0), ('correct_answer_index', 0), ('correct_answer_direction', 4), ('arrow_color', 'red')])
40.7718 	EXP 	text_2: autoDraw = False
40.7718 	EXP 	text_2: autoDraw = False
40.7718 	EXP 	arrowhead: fillColor = <psychopy.colors.Color: red, alpha=1.0>
40.7718 	EXP 	arrowhead: ori = 0.0
40.7718 	EXP 	arrowhead: borderColor = <psychopy.colors.Color: none, alpha=0.0>
40.7718 	EXP 	arrowhead: autoDraw = True
40.9717 	EXP 	arrowhead: autoDraw = False
41.7718 	EXP 	arrowhead: autoDraw = False
41.7718 	EXP 	cross_2: autoDraw = True
41.7734 	DATA 	Keypress: 4
41.9049 	EXP 	cross_2: autoDraw = False
41.9049 	EXP 	cross_2: autoDraw = False
41.9049 	EXP 	text_2: autoDraw = True
42.5893 	EXP 	New trial (rep=0, index=3): OrderedDict([('orientation_degrees', 0), ('orientation_index', 0), ('correct_answer_index', 0), ('correct_answer_direction', 4), ('arrow_color', 'red')])
42.6052 	EXP 	text_2: autoDraw = False
42.6052 	EXP 	text_2: autoDraw = False
42.6052 	EXP 	arrowhead: fillColor = <psychopy.colors.Color: red, alpha=1.0>
42.6052 	EXP 	arrowhead: ori = 0.0
42.6052 	EXP 	arrowhead: borderColor = <psychopy.colors.Color: none, alpha=0.0>
42.6052 	EXP 	arrowhead: autoDraw = True
42.8048 	EXP 	arrowhead: autoDraw = False
43.4904 	DATA 	Keypress: 4
43.5049 	EXP 	arrowhead: autoDraw = False
43.5049 	EXP 	cross_2: autoDraw = True
43.6381 	EXP 	cross_2: autoDraw = False
43.6381 	EXP 	cross_2: autoDraw = False
43.6381 	EXP 	text_2: autoDraw = True
44.3222 	EXP 	New trial (rep=0, index=4): OrderedDict([('orientation_degrees', 180), ('orientation_index', 2), ('correct_answer_index', 2), ('correct_answer_direction', 2), ('arrow_color', 'red')])
44.3382 	EXP 	text_2: autoDraw = False
44.3382 	EXP 	text_2: autoDraw = False
44.3382 	EXP 	arrowhead: fillColor = <psychopy.colors.Color: red, alpha=1.0>
44.3382 	EXP 	arrowhead: ori = 180.0
44.3382 	EXP 	arrowhead: borderColor = <psychopy.colors.Color: none, alpha=0.0>
44.3382 	EXP 	arrowhead: autoDraw = True
44.5381 	EXP 	arrowhead: autoDraw = False
45.0735 	DATA 	Keypress: 2
45.0881 	EXP 	arrowhead: autoDraw = False
45.0881 	EXP 	cross_2: autoDraw = True
45.2217 	EXP 	cross_2: autoDraw = False
45.2217 	EXP 	cross_2: autoDraw = False
45.2217 	EXP 	text_2: autoDraw = True
45.9057 	EXP 	New trial (rep=0, index=5): OrderedDict([('orientation_degrees', 180), ('orientation_index', 2), ('correct_answer_index', 2), ('correct_answer_direction', 2), ('arrow_color', 'white')])
45.9215 	EXP 	text_2: autoDraw = False
45.9215 	EXP 	text_2: autoDraw = False
45.9215 	EXP 	arrowhead: fillColor = <psychopy.colors.Color: white, alpha=1.0>
45.9215 	EXP 	arrowhead: ori = 180.0
45.9215 	EXP 	arrowhead: borderColor = <psychopy.colors.Color: none, alpha=0.0>
45.9215 	EXP 	arrowhead: autoDraw = True
46.1214 	EXP 	arrowhead: autoDraw = False
46.9214 	EXP 	arrowhead: autoDraw = False
46.9214 	EXP 	cross_2: autoDraw = True
47.0061 	DATA 	Keypress: 2
47.0547 	EXP 	cross_2: autoDraw = False
47.0547 	EXP 	cross_2: autoDraw = False
47.0547 	EXP 	text_2: autoDraw = True
47.7390 	EXP 	New trial (rep=0, index=6): OrderedDict([('orientation_degrees', 90), ('orientation_index', 1), ('correct_answer_index', 1), ('correct_answer_direction', 3), ('arrow_color', 'red')])
47.7547 	EXP 	text_2: autoDraw = False
47.7547 	EXP 	text_2: autoDraw = False
47.7547 	EXP 	arrowhead: fillColor = <psychopy.colors.Color: red, alpha=1.0>
47.7547 	EXP 	arrowhead: ori = 90.0
47.7547 	EXP 	arrowhead: borderColor = <psychopy.colors.Color: none, alpha=0.0>
47.7547 	EXP 	arrowhead: autoDraw = True
47.9547 	EXP 	arrowhead: autoDraw = False
48.4566 	DATA 	Keypress: 4
48.4713 	EXP 	arrowhead: autoDraw = False
48.4713 	EXP 	cross_2: autoDraw = True
48.6045 	EXP 	cross_2: autoDraw = False
48.6045 	EXP 	cross_2: autoDraw = False
48.6045 	EXP 	text_2: autoDraw = True
49.2887 	EXP 	New trial (rep=0, index=7): OrderedDict([('orientation_degrees', 90), ('orientation_index', 1), ('correct_answer_index', 1), ('correct_answer_direction', 3), ('arrow_color', 'white')])
49.3047 	EXP 	text_2: autoDraw = False
49.3047 	EXP 	text_2: autoDraw = False
49.3047 	EXP 	arrowhead: fillColor = <psychopy.colors.Color: white, alpha=1.0>
49.3047 	EXP 	arrowhead: ori = 90.0
49.3047 	EXP 	arrowhead: borderColor = <psychopy.colors.Color: none, alpha=0.0>
49.3047 	EXP 	arrowhead: autoDraw = True
49.5049 	EXP 	arrowhead: autoDraw = False
50.2065 	DATA 	Keypress: 3
50.2212 	EXP 	arrowhead: autoDraw = False
50.2212 	EXP 	cross_2: autoDraw = True
50.3547 	EXP 	cross_2: autoDraw = False
50.3547 	EXP 	cross_2: autoDraw = False
50.3547 	EXP 	text_2: autoDraw = True
51.0546 	EXP 	text_2: autoDraw = False
51.0546 	EXP 	text_2: autoDraw = False
51.0546 	EXP 	feedback_post_section: height = 2.0
51.0546 	EXP 	feedback_post_section: height = 2.0
51.0546 	EXP 	feedback_post_section: height = 2.0
51.0546 	EXP 	feedback_post_section: text = '\n        您在這一個段落的表現：\n        平均反應時間：725.0ms\n        正確率：62.0%\n        請按任意鍵繼續…\n        '
51.0546 	EXP 	feedback_post_section: autoDraw = True
52.7896 	DATA 	Keypress: space
52.8055 	EXP 	New trial (rep=0, index=3): {'percept_testing_seq_files': 'sequences/002534_percepttesting_sequence_03.csv'}
52.8209 	EXP 	feedback_post_section: autoDraw = False
52.8209 	EXP 	fixation_init: autoDraw = True
53.8089 	EXP 	Imported sequences/002534_percepttesting_sequence_03.csv as conditions, 8 conditions, 5 params
53.8091 	EXP 	Created sequence: sequential, trialTypes=8, nReps=1, seed=None
53.8092 	EXP 	New trial (rep=0, index=0): OrderedDict([('orientation_degrees', 90), ('orientation_index', 1), ('correct_answer_index', 1), ('correct_answer_direction', 3), ('arrow_color', 'red')])
53.8212 	EXP 	fixation_init: autoDraw = False
53.8212 	EXP 	fixation_init: autoDraw = False
53.8212 	EXP 	arrowhead: fillColor = <psychopy.colors.Color: red, alpha=1.0>
53.8212 	EXP 	arrowhead: ori = 90.0
53.8212 	EXP 	arrowhead: borderColor = <psychopy.colors.Color: none, alpha=0.0>
53.8212 	EXP 	arrowhead: autoDraw = True
54.0209 	EXP 	arrowhead: autoDraw = False
54.8210 	EXP 	arrowhead: autoDraw = False
54.8210 	EXP 	cross_2: autoDraw = True
54.9543 	EXP 	cross_2: autoDraw = False
54.9543 	EXP 	cross_2: autoDraw = False
54.9543 	EXP 	text_2: autoDraw = True
54.9557 	DATA 	Keypress: 4
55.6383 	EXP 	New trial (rep=0, index=1): OrderedDict([('orientation_degrees', 180), ('orientation_index', 2), ('correct_answer_index', 2), ('correct_answer_direction', 2), ('arrow_color', 'red')])
55.6545 	EXP 	text_2: autoDraw = False
55.6545 	EXP 	text_2: autoDraw = False
55.6545 	EXP 	arrowhead: fillColor = <psychopy.colors.Color: red, alpha=1.0>
55.6545 	EXP 	arrowhead: ori = 180.0
55.6545 	EXP 	arrowhead: borderColor = <psychopy.colors.Color: none, alpha=0.0>
55.6545 	EXP 	arrowhead: autoDraw = True
55.8544 	EXP 	arrowhead: autoDraw = False
56.6239 	DATA 	Keypress: 3
56.6377 	EXP 	arrowhead: autoDraw = False
56.6377 	EXP 	cross_2: autoDraw = True
56.7709 	EXP 	cross_2: autoDraw = False
56.7709 	EXP 	cross_2: autoDraw = False
56.7709 	EXP 	text_2: autoDraw = True
57.4551 	EXP 	New trial (rep=0, index=2): OrderedDict([('orientation_degrees', 90), ('orientation_index', 1), ('correct_answer_index', 1), ('correct_answer_direction', 3), ('arrow_color', 'red')])
57.4708 	EXP 	text_2: autoDraw = False
57.4708 	EXP 	text_2: autoDraw = False
57.4708 	EXP 	arrowhead: fillColor = <psychopy.colors.Color: red, alpha=1.0>
57.4708 	EXP 	arrowhead: ori = 90.0
57.4708 	EXP 	arrowhead: borderColor = <psychopy.colors.Color: none, alpha=0.0>
57.4708 	EXP 	arrowhead: autoDraw = True
57.6709 	EXP 	arrowhead: autoDraw = False
58.2234 	DATA 	Keypress: 4
58.2372 	EXP 	arrowhead: autoDraw = False
58.2372 	EXP 	cross_2: autoDraw = True
58.3710 	EXP 	cross_2: autoDraw = False
58.3710 	EXP 	cross_2: autoDraw = False
58.3710 	EXP 	text_2: autoDraw = True
59.0548 	EXP 	New trial (rep=0, index=3): OrderedDict([('orientation_degrees', 270), ('orientation_index', 3), ('correct_answer_index', 3), ('correct_answer_direction', 1), ('arrow_color', 'red')])
59.0707 	EXP 	text_2: autoDraw = False
59.0707 	EXP 	text_2: autoDraw = False
59.0707 	EXP 	arrowhead: fillColor = <psychopy.colors.Color: red, alpha=1.0>
59.0707 	EXP 	arrowhead: ori = 270.0
59.0707 	EXP 	arrowhead: borderColor = <psychopy.colors.Color: none, alpha=0.0>
59.0707 	EXP 	arrowhead: autoDraw = True
59.2708 	EXP 	arrowhead: autoDraw = False
59.9396 	DATA 	Keypress: 1
59.9541 	EXP 	arrowhead: autoDraw = False
59.9541 	EXP 	cross_2: autoDraw = True
60.0873 	EXP 	cross_2: autoDraw = False
60.0873 	EXP 	cross_2: autoDraw = False
60.0873 	EXP 	text_2: autoDraw = True
60.7715 	EXP 	New trial (rep=0, index=4): OrderedDict([('orientation_degrees', 90), ('orientation_index', 1), ('correct_answer_index', 1), ('correct_answer_direction', 3), ('arrow_color', 'red')])
60.7873 	EXP 	text_2: autoDraw = False
60.7873 	EXP 	text_2: autoDraw = False
60.7873 	EXP 	arrowhead: fillColor = <psychopy.colors.Color: red, alpha=1.0>
60.7873 	EXP 	arrowhead: ori = 90.0
60.7873 	EXP 	arrowhead: borderColor = <psychopy.colors.Color: none, alpha=0.0>
60.7873 	EXP 	arrowhead: autoDraw = True
60.9875 	EXP 	arrowhead: autoDraw = False
61.4559 	DATA 	Keypress: 3
61.4708 	EXP 	arrowhead: autoDraw = False
61.4708 	EXP 	cross_2: autoDraw = True
61.6039 	EXP 	cross_2: autoDraw = False
61.6039 	EXP 	cross_2: autoDraw = False
61.6039 	EXP 	text_2: autoDraw = True
62.2878 	EXP 	New trial (rep=0, index=5): OrderedDict([('orientation_degrees', 180), ('orientation_index', 2), ('correct_answer_index', 2), ('correct_answer_direction', 2), ('arrow_color', 'white')])
62.3039 	EXP 	text_2: autoDraw = False
62.3039 	EXP 	text_2: autoDraw = False
62.3039 	EXP 	arrowhead: fillColor = <psychopy.colors.Color: white, alpha=1.0>
62.3039 	EXP 	arrowhead: ori = 180.0
62.3039 	EXP 	arrowhead: borderColor = <psychopy.colors.Color: none, alpha=0.0>
62.3039 	EXP 	arrowhead: autoDraw = True
62.5041 	EXP 	arrowhead: autoDraw = False
62.9562 	DATA 	Keypress: 2
62.9873 	EXP 	arrowhead: autoDraw = False
62.9873 	EXP 	cross_2: autoDraw = True
63.1207 	EXP 	cross_2: autoDraw = False
63.1207 	EXP 	cross_2: autoDraw = False
63.1207 	EXP 	text_2: autoDraw = True
63.8063 	EXP 	New trial (rep=0, index=6): OrderedDict([('orientation_degrees', 90), ('orientation_index', 1), ('correct_answer_index', 1), ('correct_answer_direction', 3), ('arrow_color', 'red')])
63.8208 	EXP 	text_2: autoDraw = False
63.8208 	EXP 	arrowhead: fillColor = <psychopy.colors.Color: red, alpha=1.0>
63.8208 	EXP 	arrowhead: ori = 90.0
63.8208 	EXP 	arrowhead: borderColor = <psychopy.colors.Color: none, alpha=0.0>
63.8208 	EXP 	arrowhead: autoDraw = True
64.0207 	EXP 	arrowhead: autoDraw = False
64.2557 	DATA 	Keypress: 3
64.2704 	EXP 	arrowhead: autoDraw = False
64.2704 	EXP 	cross_2: autoDraw = True
64.4041 	EXP 	cross_2: autoDraw = False
64.4041 	EXP 	cross_2: autoDraw = False
64.4041 	EXP 	text_2: autoDraw = True
65.0878 	EXP 	New trial (rep=0, index=7): OrderedDict([('orientation_degrees', 90), ('orientation_index', 1), ('correct_answer_index', 1), ('correct_answer_direction', 3), ('arrow_color', 'white')])
65.1039 	EXP 	text_2: autoDraw = False
65.1039 	EXP 	text_2: autoDraw = False
65.1039 	EXP 	arrowhead: fillColor = <psychopy.colors.Color: white, alpha=1.0>
65.1039 	EXP 	arrowhead: ori = 90.0
65.1039 	EXP 	arrowhead: borderColor = <psychopy.colors.Color: none, alpha=0.0>
65.1039 	EXP 	arrowhead: autoDraw = True
65.3039 	EXP 	arrowhead: autoDraw = False
66.0228 	DATA 	Keypress: 4
66.0371 	EXP 	arrowhead: autoDraw = False
66.0371 	EXP 	cross_2: autoDraw = True
66.1706 	EXP 	cross_2: autoDraw = False
66.1706 	EXP 	cross_2: autoDraw = False
66.1706 	EXP 	text_2: autoDraw = True
66.8704 	EXP 	text_2: autoDraw = False
66.8704 	EXP 	text_2: autoDraw = False
66.8704 	EXP 	feedback_post_section: height = 2.0
66.8704 	EXP 	feedback_post_section: height = 2.0
66.8704 	EXP 	feedback_post_section: height = 2.0
66.8704 	EXP 	feedback_post_section: text = '\n        您在這一個段落的表現：\n        平均反應時間：647.0ms\n        正確率：50.0%\n        請按任意鍵繼續…\n        '
66.8704 	EXP 	feedback_post_section: autoDraw = True
67.5901 	DATA 	Keypress: 3
68.1881 	EXP 	New trial (rep=0, index=4): {'percept_testing_seq_files': 'sequences/002534_percepttesting_sequence_04.csv'}
68.1892 	DATA 	Keypress: space
68.2035 	EXP 	feedback_post_section: autoDraw = False
68.2035 	EXP 	fixation_init: autoDraw = True
69.1922 	EXP 	Imported sequences/002534_percepttesting_sequence_04.csv as conditions, 8 conditions, 5 params
69.1924 	EXP 	Created sequence: sequential, trialTypes=8, nReps=1, seed=None
69.1926 	EXP 	New trial (rep=0, index=0): OrderedDict([('orientation_degrees', 90), ('orientation_index', 1), ('correct_answer_index', 1), ('correct_answer_direction', 3), ('arrow_color', 'red')])
69.2039 	EXP 	fixation_init: autoDraw = False
69.2039 	EXP 	fixation_init: autoDraw = False
69.2039 	EXP 	arrowhead: fillColor = <psychopy.colors.Color: red, alpha=1.0>
69.2039 	EXP 	arrowhead: ori = 90.0
69.2039 	EXP 	arrowhead: borderColor = <psychopy.colors.Color: none, alpha=0.0>
69.2039 	EXP 	arrowhead: autoDraw = True
69.4035 	EXP 	arrowhead: autoDraw = False
69.5728 	DATA 	Keypress: 3
69.5870 	EXP 	arrowhead: autoDraw = False
69.5870 	EXP 	cross_2: autoDraw = True
69.7203 	EXP 	cross_2: autoDraw = False
69.7203 	EXP 	cross_2: autoDraw = False
69.7203 	EXP 	text_2: autoDraw = True
70.4044 	EXP 	New trial (rep=0, index=1): OrderedDict([('orientation_degrees', 0), ('orientation_index', 0), ('correct_answer_index', 0), ('correct_answer_direction', 4), ('arrow_color', 'red')])
70.4204 	EXP 	text_2: autoDraw = False
70.4204 	EXP 	text_2: autoDraw = False
70.4204 	EXP 	arrowhead: fillColor = <psychopy.colors.Color: red, alpha=1.0>
70.4204 	EXP 	arrowhead: ori = 0.0
70.4204 	EXP 	arrowhead: borderColor = <psychopy.colors.Color: none, alpha=0.0>
70.4204 	EXP 	arrowhead: autoDraw = True
70.6200 	EXP 	arrowhead: autoDraw = False
70.8553 	DATA 	Keypress: 1
70.8701 	EXP 	arrowhead: autoDraw = False
70.8701 	EXP 	cross_2: autoDraw = True
71.0033 	EXP 	cross_2: autoDraw = False
71.0033 	EXP 	cross_2: autoDraw = False
71.0033 	EXP 	text_2: autoDraw = True
71.6877 	EXP 	New trial (rep=0, index=2): OrderedDict([('orientation_degrees', 270), ('orientation_index', 3), ('correct_answer_index', 3), ('correct_answer_direction', 1), ('arrow_color', 'red')])
71.7033 	EXP 	text_2: autoDraw = False
71.7033 	EXP 	text_2: autoDraw = False
71.7033 	EXP 	arrowhead: fillColor = <psychopy.colors.Color: red, alpha=1.0>
71.7033 	EXP 	arrowhead: ori = 270.0
71.7033 	EXP 	arrowhead: borderColor = <psychopy.colors.Color: none, alpha=0.0>
71.7033 	EXP 	arrowhead: autoDraw = True
71.9036 	EXP 	arrowhead: autoDraw = False
72.0226 	DATA 	Keypress: 2
72.0369 	EXP 	arrowhead: autoDraw = False
72.0369 	EXP 	cross_2: autoDraw = True
72.1700 	EXP 	cross_2: autoDraw = False
72.1700 	EXP 	cross_2: autoDraw = False
72.1700 	EXP 	text_2: autoDraw = True
72.8541 	EXP 	New trial (rep=0, index=3): OrderedDict([('orientation_degrees', 0), ('orientation_index', 0), ('correct_answer_index', 0), ('correct_answer_direction', 4), ('arrow_color', 'red')])
72.8703 	EXP 	text_2: autoDraw = False
72.8703 	EXP 	text_2: autoDraw = False
72.8703 	EXP 	arrowhead: fillColor = <psychopy.colors.Color: red, alpha=1.0>
72.8703 	EXP 	arrowhead: ori = 0.0
72.8703 	EXP 	arrowhead: borderColor = <psychopy.colors.Color: none, alpha=0.0>
72.8703 	EXP 	arrowhead: autoDraw = True
73.0702 	EXP 	arrowhead: autoDraw = False
73.0889 	DATA 	Keypress: 4
73.1034 	EXP 	arrowhead: autoDraw = False
73.1034 	EXP 	cross_2: autoDraw = True
73.2366 	EXP 	cross_2: autoDraw = False
73.2366 	EXP 	cross_2: autoDraw = False
73.2366 	EXP 	text_2: autoDraw = True
73.9206 	EXP 	New trial (rep=0, index=4): OrderedDict([('orientation_degrees', 270), ('orientation_index', 3), ('correct_answer_index', 3), ('correct_answer_direction', 1), ('arrow_color', 'red')])
73.9367 	EXP 	text_2: autoDraw = False
73.9367 	EXP 	text_2: autoDraw = False
73.9367 	EXP 	arrowhead: fillColor = <psychopy.colors.Color: red, alpha=1.0>
73.9367 	EXP 	arrowhead: ori = 270.0
73.9367 	EXP 	arrowhead: borderColor = <psychopy.colors.Color: none, alpha=0.0>
73.9367 	EXP 	arrowhead: autoDraw = True
74.1368 	EXP 	arrowhead: autoDraw = False
74.1726 	DATA 	Keypress: 2
74.1866 	EXP 	arrowhead: autoDraw = False
74.1866 	EXP 	cross_2: autoDraw = True
74.3203 	EXP 	cross_2: autoDraw = False
74.3203 	EXP 	cross_2: autoDraw = False
74.3203 	EXP 	text_2: autoDraw = True
75.0045 	EXP 	New trial (rep=0, index=5): OrderedDict([('orientation_degrees', 180), ('orientation_index', 2), ('correct_answer_index', 2), ('correct_answer_direction', 2), ('arrow_color', 'white')])
75.0200 	EXP 	text_2: autoDraw = False
75.0200 	EXP 	text_2: autoDraw = False
75.0200 	EXP 	arrowhead: fillColor = <psychopy.colors.Color: white, alpha=1.0>
75.0200 	EXP 	arrowhead: ori = 180.0
75.0200 	EXP 	arrowhead: borderColor = <psychopy.colors.Color: none, alpha=0.0>
75.0200 	EXP 	arrowhead: autoDraw = True
75.2202 	EXP 	arrowhead: autoDraw = False
76.0201 	EXP 	arrowhead: autoDraw = False
76.0201 	EXP 	cross_2: autoDraw = True
76.1532 	EXP 	cross_2: autoDraw = False
76.1532 	EXP 	cross_2: autoDraw = False
76.1532 	EXP 	text_2: autoDraw = True
76.8374 	EXP 	New trial (rep=0, index=6): OrderedDict([('orientation_degrees', 90), ('orientation_index', 1), ('correct_answer_index', 1), ('correct_answer_direction', 3), ('arrow_color', 'red')])
76.8531 	EXP 	text_2: autoDraw = False
76.8531 	EXP 	arrowhead: fillColor = <psychopy.colors.Color: red, alpha=1.0>
76.8531 	EXP 	arrowhead: ori = 90.0
76.8531 	EXP 	arrowhead: borderColor = <psychopy.colors.Color: none, alpha=0.0>
76.8531 	EXP 	arrowhead: autoDraw = True
77.0533 	EXP 	arrowhead: autoDraw = False
77.7570 	DATA 	Keypress: 3
77.7701 	EXP 	arrowhead: autoDraw = False
77.7701 	EXP 	cross_2: autoDraw = True
77.9033 	EXP 	cross_2: autoDraw = False
77.9033 	EXP 	cross_2: autoDraw = False
77.9033 	EXP 	text_2: autoDraw = True
78.5870 	EXP 	New trial (rep=0, index=7): OrderedDict([('orientation_degrees', 90), ('orientation_index', 1), ('correct_answer_index', 1), ('correct_answer_direction', 3), ('arrow_color', 'white')])
78.6031 	EXP 	text_2: autoDraw = False
78.6031 	EXP 	text_2: autoDraw = False
78.6031 	EXP 	arrowhead: fillColor = <psychopy.colors.Color: white, alpha=1.0>
78.6031 	EXP 	arrowhead: ori = 90.0
78.6031 	EXP 	arrowhead: borderColor = <psychopy.colors.Color: none, alpha=0.0>
78.6031 	EXP 	arrowhead: autoDraw = True
78.7220 	DATA 	Keypress: 4
78.7365 	EXP 	arrowhead: autoDraw = False
78.7365 	EXP 	cross_2: autoDraw = True
78.8698 	EXP 	cross_2: autoDraw = False
78.8698 	EXP 	cross_2: autoDraw = False
78.8698 	EXP 	text_2: autoDraw = True
79.5701 	EXP 	text_2: autoDraw = False
79.5701 	EXP 	text_2: autoDraw = False
79.5701 	EXP 	feedback_post_section: height = 2.0
79.5701 	EXP 	feedback_post_section: height = 2.0
79.5701 	EXP 	feedback_post_section: height = 2.0
79.5701 	EXP 	feedback_post_section: text = '\n        您在這一個段落的表現：\n        平均反應時間：485.0ms\n        正確率：38.0%\n        請按任意鍵繼續…\n        '
79.5701 	EXP 	feedback_post_section: autoDraw = True
80.2048 	DATA 	Keypress: 4
80.6226 	DATA 	Keypress: space
80.6364 	EXP 	feedback_post_section: autoDraw = False
80.6364 	EXP 	text: autoDraw = True
81.4208 	DATA 	Keypress: space
81.4364 	EXP 	text: autoDraw = False
81.4365 	EXP 	ASRT_percept: status = STOPPED
81.5680 	EXP 	window1: mouseVisible = True
