66.5871 	WARNING 	User requested fullscreen with size [1280  720], but screen is actually [2560, 1600]. Using actual size
68.5639 	EXP 	Created window1 = Window(allowGUI=True, allowStencil=False, autoLog=True, backendConf=UNKNOWN, backgroundFit=<method-wrapper '__getattribute__' of attributeSetter object at 0x000001EAF5854C70>, backgroundImage=<method-wrapper '__getattribute__' of attributeSetter object at 0x000001EAF5854C10>, bitsMode=UNKNOWN, blendMode='avg', bpc=(8, 8, 8), color=array([0, 0, 0]), colorSpace='rgb', depthBits=8, fullscr=<method-wrapper '__getattribute__' of attributeSetter object at 0x000001EAF5854A60>, gamma=None, gammaErrorPolicy='raise', lms=UNKNOWN, monitor=<psychopy.monitors.calibTools.Monitor object at 0x000001EAF5CF27F0>, multiSample=False, name='window1', numSamples=2, pos=(0, 0), screen=0, size=array([2560, 1600]), stencilBits=0, stereo=False, title='PsychoPy', units='deg', useFBO=True, useRetina=False, viewOri=0.0, viewPos=None, viewScale=None, waitBlanking=True, winType='pyglet')
68.5640 	EXP 	window1: mouseVisible = True
68.5640 	EXP 	window1: backgroundImage = ''
68.5640 	EXP 	window1: backgroundFit = 'none'
68.5655 	EXP 	window1: Attempting to measure frame rate of screen (0) ...
68.5655 	EXP 	window1: recordFrameIntervals = False
68.7297 	EXP 	window1: recordFrameIntervals = True
68.9133 	EXP 	Screen (0) actual frame rate measured at 59.98Hz
68.9134 	EXP 	window1: recordFrameIntervals = False
68.9135 	EXP 	window1: mouseVisible = False
70.7815 	EXP 	ASRT_percept: status = STARTED
70.7819 	EXP 	window1: mouseVisible = True
70.9463 	EXP 	Created spaceship = ImageStim(__class__=<class 'psychopy.visual.image.ImageStim'>, anchor=('center', 'center'), autoLog=True, color=array([1., 1., 1.]), colorSpace='rgb', contrast=1.0, depth=0.0, draggable=False, flipHoriz=False, flipVert=False, image='images/spaceship.jpg', interpolate=True, mask=None, maskParams=None, name='spaceship', opacity=0.3, ori=0.0, pos=array([0., 0.]), size=array([128.,  64.]), texRes=128.0, units='deg', win=Window(...))
70.9465 	EXP 	window1: mouseVisible = True
71.1022 	EXP 	Created welcometext = TextStim(__class__=<class 'psychopy.visual.text.TextStim'>, alignHoriz=method-wrapper(...), alignText='center', alignVert=method-wrapper(...), anchorHoriz='center', anchorVert='center', antialias=True, autoDraw=False, autoLog=True, bold=False, color=array([-1.,  1.,  1.]), colorSpace='rgb', contrast=1.0, depth=-1.0, draggable=False, flipHoriz=False, flipVert=False, font='DFKai-SB', fontFiles=[], height=2.0, italic=False, languageStyle='LTR', name='welcometext', opacity=1.0, ori=0.0, pos=array([0., 0.]), rgb=UNKNOWN, text=str(...), units='deg', win=Window(...), wrapWidth=30.0)
74.5826 	EXP 	window1: mouseVisible = True
74.5915 	EXP 	Created arrowhead = ShapeStim(__class__=<class 'psychopy.visual.shape.ShapeStim'>, anchor=('center', 'center'), autoDraw=False, autoLog=True, closeShape=True, color=method-wrapper(...), colorSpace='rgb', contrast=None, depth=0.0, draggable=False, fillColor=array([1, 1, 1]), fillColorSpace='rgb', fillRGB=array([1, 1, 1]), interpolate=True, lineColor=array([0., 0., 0.]), lineColorSpace='rgb', lineRGB=array([0, 0, 0]), lineWidth=1.0, name='arrowhead', opacity=0.25, ori=1.0, pos=array([0., 0.]), size=array([3., 3.]), units='deg', vertices=ndarray(...), win=Window(...), windingRule=None)
74.5916 	EXP 	window1: mouseVisible = True
74.5929 	EXP 	Created cross = ShapeStim(__class__=<class 'psychopy.visual.shape.ShapeStim'>, anchor=('center', 'center'), autoDraw=False, autoLog=True, closeShape=True, color=method-wrapper(...), colorSpace='rgb', contrast=None, depth=0.0, draggable=False, fillColor=array([-1, -1, -1]), fillColorSpace='rgb', fillRGB=array([-1, -1, -1]), interpolate=True, lineColor=array([-1., -1., -1.]), lineColorSpace='rgb', lineRGB=array([-1, -1, -1]), lineWidth=1.0, name='cross', opacity=1.0, ori=0.0, pos=array([0., 0.]), size=array([2., 2.]), units='deg', vertices=ndarray(...), win=Window(...), windingRule=None)
74.5930 	EXP 	window1: mouseVisible = True
74.5942 	EXP 	Created feedback_text = TextStim(__class__=<class 'psychopy.visual.text.TextStim'>, alignHoriz=method-wrapper(...), alignText='center', alignVert=method-wrapper(...), anchorHoriz='center', anchorVert='center', antialias=True, autoDraw=False, autoLog=True, bold=False, color=array([1., 1., 1.]), colorSpace='rgb', contrast=1.0, depth=-2.0, draggable=False, flipHoriz=False, flipVert=False, font='DFSB-Kai', fontFiles=[], height=3.0, italic=False, languageStyle='LTR', name='feedback_text', opacity=1.0, ori=0.0, pos=array([ 0., -8.]), rgb=UNKNOWN, text='', units='deg', win=Window(...), wrapWidth=15.0)
74.5943 	EXP 	window1: mouseVisible = True
74.5971 	EXP 	Created text_2 = TextStim(__class__=<class 'psychopy.visual.text.TextStim'>, alignHoriz=method-wrapper(...), alignText='center', alignVert=method-wrapper(...), anchorHoriz='center', anchorVert='center', antialias=True, autoDraw=False, autoLog=True, bold=False, color=array([1., 1., 1.]), colorSpace='rgb', contrast=1.0, depth=0.0, draggable=False, flipHoriz=False, flipVert=False, font='Open Sans', fontFiles=[], height=0.05, italic=False, languageStyle='LTR', name='text_2', opacity=1.0, ori=0.0, pos=array([0., 0.]), rgb=UNKNOWN, text='', units='deg', win=Window(...), wrapWidth=15.0)
74.5972 	EXP 	window1: mouseVisible = True
74.5980 	EXP 	Created feedback_post_section = TextStim(__class__=<class 'psychopy.visual.text.TextStim'>, alignHoriz=method-wrapper(...), alignText='center', alignVert=method-wrapper(...), anchorHoriz='center', anchorVert='center', antialias=True, autoDraw=False, autoLog=True, bold=False, color=array([1., 1., 1.]), colorSpace='rgb', contrast=1.0, depth=-1.0, draggable=False, flipHoriz=False, flipVert=False, font='DFKai-SB', fontFiles=[], height=2.0, italic=False, languageStyle='LTR', name='feedback_post_section', opacity=1.0, ori=0.0, pos=array([0., 0.]), rgb=UNKNOWN, text='', units='deg', win=Window(...), wrapWidth=15.0)
74.5980 	EXP 	window1: mouseVisible = True
74.6832 	EXP 	Created spaceship_rotated = ImageStim(__class__=<class 'psychopy.visual.image.ImageStim'>, anchor=('center', 'center'), autoLog=True, color=array([1., 1., 1.]), colorSpace='rgb', contrast=1.0, depth=0.0, draggable=False, flipHoriz=False, flipVert=True, image='images/spaceship.jpg', interpolate=True, mask=None, maskParams=None, name='spaceship_rotated', opacity=0.3, ori=-45.0, pos=array([0., 0.]), size=array([128.,  64.]), texRes=128.0, units='deg', win=Window(...))
74.6833 	EXP 	window1: mouseVisible = True
74.7391 	EXP 	Created rotation_instruction = TextStim(__class__=<class 'psychopy.visual.text.TextStim'>, alignHoriz=method-wrapper(...), alignText='center', alignVert=method-wrapper(...), anchorHoriz='center', anchorVert='center', antialias=True, autoDraw=False, autoLog=True, bold=False, color=array([-1.,  1.,  1.]), colorSpace='rgb', contrast=1.0, depth=-1.0, draggable=False, flipHoriz=False, flipVert=False, font='DFKai-SB', fontFiles=[], height=2.0, italic=False, languageStyle='LTR', name='rotation_instruction', opacity=1.0, ori=0.0, pos=array([0., 0.]), rgb=UNKNOWN, text=str(...), units='deg', win=Window(...), wrapWidth=30.0)
74.7392 	EXP 	window1: mouseVisible = True
74.7408 	EXP 	Created arrowhead = ShapeStim(__class__=<class 'psychopy.visual.shape.ShapeStim'>, anchor=('center', 'center'), autoDraw=False, autoLog=True, closeShape=True, color=method-wrapper(...), colorSpace='rgb', contrast=None, depth=0.0, draggable=False, fillColor=array([1, 1, 1]), fillColorSpace='rgb', fillRGB=array([1, 1, 1]), interpolate=True, lineColor=array([0., 0., 0.]), lineColorSpace='rgb', lineRGB=array([0, 0, 0]), lineWidth=1.0, name='arrowhead', opacity=0.25, ori=1.0, pos=array([0., 0.]), size=array([3., 3.]), units='deg', vertices=ndarray(...), win=Window(...), windingRule=None)
74.7409 	EXP 	window1: mouseVisible = True
74.7429 	EXP 	Created cross = ShapeStim(__class__=<class 'psychopy.visual.shape.ShapeStim'>, anchor=('center', 'center'), autoDraw=False, autoLog=True, closeShape=True, color=method-wrapper(...), colorSpace='rgb', contrast=None, depth=0.0, draggable=False, fillColor=array([-1, -1, -1]), fillColorSpace='rgb', fillRGB=array([-1, -1, -1]), interpolate=True, lineColor=array([-1., -1., -1.]), lineColorSpace='rgb', lineRGB=array([-1, -1, -1]), lineWidth=1.0, name='cross', opacity=1.0, ori=0.0, pos=array([0., 0.]), size=array([2., 2.]), units='deg', vertices=ndarray(...), win=Window(...), windingRule=None)
74.7430 	EXP 	window1: mouseVisible = True
74.7442 	EXP 	Created feedback_text = TextStim(__class__=<class 'psychopy.visual.text.TextStim'>, alignHoriz=method-wrapper(...), alignText='center', alignVert=method-wrapper(...), anchorHoriz='center', anchorVert='center', antialias=True, autoDraw=False, autoLog=True, bold=False, color=array([1., 1., 1.]), colorSpace='rgb', contrast=1.0, depth=-2.0, draggable=False, flipHoriz=False, flipVert=False, font='DFSB-Kai', fontFiles=[], height=3.0, italic=False, languageStyle='LTR', name='feedback_text', opacity=1.0, ori=0.0, pos=array([ 0., -8.]), rgb=UNKNOWN, text='', units='deg', win=Window(...), wrapWidth=15.0)
74.7443 	EXP 	window1: mouseVisible = True
74.7461 	EXP 	Created text_2 = TextStim(__class__=<class 'psychopy.visual.text.TextStim'>, alignHoriz=method-wrapper(...), alignText='center', alignVert=method-wrapper(...), anchorHoriz='center', anchorVert='center', antialias=True, autoDraw=False, autoLog=True, bold=False, color=array([1., 1., 1.]), colorSpace='rgb', contrast=1.0, depth=0.0, draggable=False, flipHoriz=False, flipVert=False, font='Open Sans', fontFiles=[], height=0.05, italic=False, languageStyle='LTR', name='text_2', opacity=1.0, ori=0.0, pos=array([0., 0.]), rgb=UNKNOWN, text='', units='deg', win=Window(...), wrapWidth=15.0)
74.7462 	EXP 	window1: mouseVisible = True
74.7474 	EXP 	Created feedback_post_section = TextStim(__class__=<class 'psychopy.visual.text.TextStim'>, alignHoriz=method-wrapper(...), alignText='center', alignVert=method-wrapper(...), anchorHoriz='center', anchorVert='center', antialias=True, autoDraw=False, autoLog=True, bold=False, color=array([1., 1., 1.]), colorSpace='rgb', contrast=1.0, depth=-1.0, draggable=False, flipHoriz=False, flipVert=False, font='DFKai-SB', fontFiles=[], height=2.0, italic=False, languageStyle='LTR', name='feedback_post_section', opacity=1.0, ori=0.0, pos=array([0., 0.]), rgb=UNKNOWN, text='', units='deg', win=Window(...), wrapWidth=15.0)
74.7475 	EXP 	window1: mouseVisible = True
74.8343 	EXP 	Created spaceship_rotated01 = ImageStim(__class__=<class 'psychopy.visual.image.ImageStim'>, anchor=('center', 'center'), autoLog=True, color=array([1., 1., 1.]), colorSpace='rgb', contrast=1.0, depth=0.0, draggable=False, flipHoriz=False, flipVert=True, image='images/spaceship.jpg', interpolate=True, mask=None, maskParams=None, name='spaceship_rotated01', opacity=0.3, ori=-45.0, pos=array([0., 0.]), size=array([128.,  64.]), texRes=128.0, units='deg', win=Window(...))
74.8346 	EXP 	window1: mouseVisible = True
74.9017 	EXP 	Created rotation_instruction01 = TextStim(__class__=<class 'psychopy.visual.text.TextStim'>, alignHoriz=method-wrapper(...), alignText='center', alignVert=method-wrapper(...), anchorHoriz='center', anchorVert='center', antialias=True, autoDraw=False, autoLog=True, bold=False, color=array([-1.,  1.,  1.]), colorSpace='rgb', contrast=1.0, depth=-1.0, draggable=False, flipHoriz=False, flipVert=False, font='DFKai-SB', fontFiles=[], height=2.0, italic=False, languageStyle='LTR', name='rotation_instruction01', opacity=1.0, ori=0.0, pos=array([0., 0.]), rgb=UNKNOWN, text=str(...), units='deg', win=Window(...), wrapWidth=100.0)
74.9018 	EXP 	window1: mouseVisible = True
74.9033 	EXP 	Created arrowhead = ShapeStim(__class__=<class 'psychopy.visual.shape.ShapeStim'>, anchor=('center', 'center'), autoDraw=False, autoLog=True, closeShape=True, color=method-wrapper(...), colorSpace='rgb', contrast=None, depth=0.0, draggable=False, fillColor=array([1, 1, 1]), fillColorSpace='rgb', fillRGB=array([1, 1, 1]), interpolate=True, lineColor=array([0., 0., 0.]), lineColorSpace='rgb', lineRGB=array([0, 0, 0]), lineWidth=1.0, name='arrowhead', opacity=0.25, ori=1.0, pos=array([0., 0.]), size=array([3., 3.]), units='deg', vertices=ndarray(...), win=Window(...), windingRule=None)
74.9034 	EXP 	window1: mouseVisible = True
74.9049 	EXP 	Created cross_2 = ShapeStim(__class__=<class 'psychopy.visual.shape.ShapeStim'>, anchor=('center', 'center'), autoDraw=False, autoLog=True, closeShape=True, color=method-wrapper(...), colorSpace='rgb', contrast=None, depth=0.0, draggable=False, fillColor=array([-1, -1, -1]), fillColorSpace='rgb', fillRGB=array([-1, -1, -1]), interpolate=True, lineColor=array([-1., -1., -1.]), lineColorSpace='rgb', lineRGB=array([-1, -1, -1]), lineWidth=1.0, name='cross_2', opacity=1.0, ori=0.0, pos=array([0., 0.]), size=array([2., 2.]), units='deg', vertices=ndarray(...), win=Window(...), windingRule=None)
74.9050 	EXP 	window1: mouseVisible = True
74.9061 	EXP 	Created text_2 = TextStim(__class__=<class 'psychopy.visual.text.TextStim'>, alignHoriz=method-wrapper(...), alignText='center', alignVert=method-wrapper(...), anchorHoriz='center', anchorVert='center', antialias=True, autoDraw=False, autoLog=True, bold=False, color=array([1., 1., 1.]), colorSpace='rgb', contrast=1.0, depth=0.0, draggable=False, flipHoriz=False, flipVert=False, font='Open Sans', fontFiles=[], height=0.05, italic=False, languageStyle='LTR', name='text_2', opacity=1.0, ori=0.0, pos=array([0., 0.]), rgb=UNKNOWN, text='', units='deg', win=Window(...), wrapWidth=15.0)
74.9062 	EXP 	window1: mouseVisible = True
74.9325 	EXP 	Created seqreport_instruction_text = TextStim(__class__=<class 'psychopy.visual.text.TextStim'>, alignHoriz=method-wrapper(...), alignText='center', alignVert=method-wrapper(...), anchorHoriz='center', anchorVert='center', antialias=True, autoDraw=False, autoLog=True, bold=False, color=array([ 1.,  1., -1.]), colorSpace='rgb', contrast=1.0, depth=0.0, draggable=False, flipHoriz=False, flipVert=False, font='DFKai-SB', fontFiles=[], height=3.0, italic=False, languageStyle='LTR', name='seqreport_instruction_text', opacity=1.0, ori=0.0, pos=array([-15.,   6.]), rgb=UNKNOWN, text='請依時間順序按出白色箭頭方向\n請按空白鍵繼續…', units='deg', win=Window(...), wrapWidth=20.0)
74.9327 	EXP 	window1: mouseVisible = True
74.9342 	EXP 	Created arrow_report = ShapeStim(__class__=<class 'psychopy.visual.shape.ShapeStim'>, anchor=('center', 'center'), autoDraw=False, autoLog=True, closeShape=True, color=method-wrapper(...), colorSpace='rgb', contrast=None, depth=0.0, draggable=False, fillColor=array([1, 1, 1]), fillColorSpace='rgb', fillRGB=array([1, 1, 1]), interpolate=True, lineColor=array([1., 1., 1.]), lineColorSpace='rgb', lineRGB=array([1, 1, 1]), lineWidth=1.0, name='arrow_report', opacity=1.0, ori=1.0, pos=array([0., 0.]), size=array([3., 3.]), units='deg', vertices=ndarray(...), win=Window(...), windingRule=None)
74.9343 	EXP 	window1: mouseVisible = True
74.9352 	EXP 	Created feedback_post_section = TextStim(__class__=<class 'psychopy.visual.text.TextStim'>, alignHoriz=method-wrapper(...), alignText='center', alignVert=method-wrapper(...), anchorHoriz='center', anchorVert='center', antialias=True, autoDraw=False, autoLog=True, bold=False, color=array([1., 1., 1.]), colorSpace='rgb', contrast=1.0, depth=-1.0, draggable=False, flipHoriz=False, flipVert=False, font='DFKai-SB', fontFiles=[], height=2.0, italic=False, languageStyle='LTR', name='feedback_post_section', opacity=1.0, ori=0.0, pos=array([0., 0.]), rgb=UNKNOWN, text='', units='deg', win=Window(...), wrapWidth=15.0)
74.9353 	EXP 	window1: mouseVisible = True
75.0199 	EXP 	Created spaceship4 = ImageStim(__class__=<class 'psychopy.visual.image.ImageStim'>, anchor=('center', 'center'), autoLog=True, color=array([1., 1., 1.]), colorSpace='rgb', contrast=1.0, depth=0.0, draggable=False, flipHoriz=False, flipVert=False, image='images/spaceship.jpg', interpolate=True, mask=None, maskParams=None, name='spaceship4', opacity=0.3, ori=0.0, pos=array([0., 0.]), size=array([128.,  64.]), texRes=128.0, units='deg', win=Window(...))
75.0201 	EXP 	window1: mouseVisible = True
75.0338 	EXP 	Created percept_testing_instruction_text = TextStim(__class__=<class 'psychopy.visual.text.TextStim'>, alignHoriz=method-wrapper(...), alignText='center', alignVert=method-wrapper(...), anchorHoriz='center', anchorVert='center', antialias=True, autoDraw=False, autoLog=True, bold=False, color=array([-1.,  1.,  1.]), colorSpace='rgb', contrast=1.0, depth=-2.0, draggable=False, flipHoriz=False, flipVert=False, font='DFKai-SB', fontFiles=[], height=2.0, italic=False, languageStyle='LTR', name='percept_testing_instruction_text', opacity=1.0, ori=0.0, pos=array([0., 0.]), rgb=UNKNOWN, text='請您繼續依箭頭所指方向按下反應鍵。\n準備好請按任意鍵繼續…', units='deg', win=Window(...), wrapWidth=30.0)
75.0340 	EXP 	window1: mouseVisible = True
75.0356 	EXP 	Created arrowhead = ShapeStim(__class__=<class 'psychopy.visual.shape.ShapeStim'>, anchor=('center', 'center'), autoDraw=False, autoLog=True, closeShape=True, color=method-wrapper(...), colorSpace='rgb', contrast=None, depth=0.0, draggable=False, fillColor=array([1, 1, 1]), fillColorSpace='rgb', fillRGB=array([1, 1, 1]), interpolate=True, lineColor=array([0., 0., 0.]), lineColorSpace='rgb', lineRGB=array([0, 0, 0]), lineWidth=1.0, name='arrowhead', opacity=0.25, ori=1.0, pos=array([0., 0.]), size=array([3., 3.]), units='deg', vertices=ndarray(...), win=Window(...), windingRule=None)
75.0357 	EXP 	window1: mouseVisible = True
75.0373 	EXP 	Created cross_2 = ShapeStim(__class__=<class 'psychopy.visual.shape.ShapeStim'>, anchor=('center', 'center'), autoDraw=False, autoLog=True, closeShape=True, color=method-wrapper(...), colorSpace='rgb', contrast=None, depth=0.0, draggable=False, fillColor=array([-1, -1, -1]), fillColorSpace='rgb', fillRGB=array([-1, -1, -1]), interpolate=True, lineColor=array([-1., -1., -1.]), lineColorSpace='rgb', lineRGB=array([-1, -1, -1]), lineWidth=1.0, name='cross_2', opacity=1.0, ori=0.0, pos=array([0., 0.]), size=array([2., 2.]), units='deg', vertices=ndarray(...), win=Window(...), windingRule=None)
75.0374 	EXP 	window1: mouseVisible = True
75.0386 	EXP 	Created text_2 = TextStim(__class__=<class 'psychopy.visual.text.TextStim'>, alignHoriz=method-wrapper(...), alignText='center', alignVert=method-wrapper(...), anchorHoriz='center', anchorVert='center', antialias=True, autoDraw=False, autoLog=True, bold=False, color=array([1., 1., 1.]), colorSpace='rgb', contrast=1.0, depth=0.0, draggable=False, flipHoriz=False, flipVert=False, font='Open Sans', fontFiles=[], height=0.05, italic=False, languageStyle='LTR', name='text_2', opacity=1.0, ori=0.0, pos=array([0., 0.]), rgb=UNKNOWN, text='', units='deg', win=Window(...), wrapWidth=15.0)
75.0388 	EXP 	window1: mouseVisible = True
75.0396 	EXP 	Created feedback_post_section = TextStim(__class__=<class 'psychopy.visual.text.TextStim'>, alignHoriz=method-wrapper(...), alignText='center', alignVert=method-wrapper(...), anchorHoriz='center', anchorVert='center', antialias=True, autoDraw=False, autoLog=True, bold=False, color=array([1., 1., 1.]), colorSpace='rgb', contrast=1.0, depth=-1.0, draggable=False, flipHoriz=False, flipVert=False, font='DFKai-SB', fontFiles=[], height=2.0, italic=False, languageStyle='LTR', name='feedback_post_section', opacity=1.0, ori=0.0, pos=array([0., 0.]), rgb=UNKNOWN, text='', units='deg', win=Window(...), wrapWidth=15.0)
75.0397 	EXP 	window1: mouseVisible = True
75.0832 	EXP 	Created text = TextStim(__class__=<class 'psychopy.visual.text.TextStim'>, alignHoriz=method-wrapper(...), alignText='center', alignVert=method-wrapper(...), anchorHoriz='center', anchorVert='center', antialias=True, autoDraw=False, autoLog=True, bold=False, color=array([-1.,  1.,  1.]), colorSpace='rgb', contrast=1.0, depth=0.0, draggable=False, flipHoriz=False, flipVert=False, font='DFKai-SB', fontFiles=[], height=3.0, italic=False, languageStyle='LTR', name='text', opacity=1.0, ori=0.0, pos=array([0., 0.]), rgb=UNKNOWN, text='實驗已完成，謝謝您的參與！\n請等待實驗者的進一步導引。', units='deg', win=Window(...), wrapWidth=30.0)
0.0386 	EXP 	spaceship: autoDraw = True
0.0386 	EXP 	welcometext: autoDraw = True
14.4140 	EXP 	Imported sequences/init_random_sequence_file_list.xlsx as conditions, 1 conditions, 1 params
14.4146 	EXP 	Created sequence: sequential, trialTypes=1, nReps=1, seed=None
14.4148 	EXP 	New trial (rep=0, index=0): {'initial_random_seq_files': 'sequences/538043_initial_random.csv'}
14.4408 	EXP 	Imported sequences/538043_initial_random.csv as conditions, 85 conditions, 5 params
14.4414 	EXP 	Created sequence: sequential, trialTypes=85, nReps=1, seed=None
14.4416 	EXP 	New trial (rep=0, index=0): OrderedDict([('orientation_index', 1), ('orientation_degrees', 90), ('correct_answer_index', 1), ('correct_answer_direction', 3), ('arrow_color', 'red')])
14.4457 	DATA 	Keypress: space
14.4484 	EXP 	spaceship: autoDraw = False
14.4484 	EXP 	welcometext: autoDraw = False
14.4484 	EXP 	arrowhead: fillColor = <psychopy.colors.Color: red, alpha=1.0>
14.4484 	EXP 	arrowhead: ori = 90.0
14.4484 	EXP 	arrowhead: borderColor = <psychopy.colors.Color: none, alpha=0.0>
14.4484 	EXP 	arrowhead: autoDraw = True
14.6619 	EXP 	arrowhead: autoDraw = False
14.9603 	EXP 	arrowhead: autoDraw = False
14.9603 	EXP 	feedback_text: height = 3.0
14.9603 	EXP 	feedback_text: height = 3.0
14.9603 	EXP 	feedback_text: height = 3.0
14.9603 	EXP 	feedback_text: text = 'wrong: response: None correct key:3'
14.9603 	EXP 	cross: autoDraw = True
14.9603 	EXP 	feedback_text: autoDraw = True
15.4452 	EXP 	cross: autoDraw = False
15.9452 	EXP 	feedback_text: autoDraw = False
15.9452 	EXP 	cross: autoDraw = False
15.9452 	EXP 	feedback_text: autoDraw = False
15.9452 	EXP 	text_2: autoDraw = True
16.6291 	EXP 	New trial (rep=0, index=1): OrderedDict([('orientation_index', 2), ('orientation_degrees', 180), ('correct_answer_index', 2), ('correct_answer_direction', 2), ('arrow_color', 'red')])
16.6452 	EXP 	text_2: autoDraw = False
16.6452 	EXP 	text_2: autoDraw = False
16.6452 	EXP 	arrowhead: fillColor = <psychopy.colors.Color: red, alpha=1.0>
16.6452 	EXP 	arrowhead: ori = 180.0
16.6452 	EXP 	arrowhead: borderColor = <psychopy.colors.Color: none, alpha=0.0>
16.6452 	EXP 	arrowhead: autoDraw = True
16.8451 	EXP 	arrowhead: autoDraw = False
17.1452 	EXP 	arrowhead: autoDraw = False
17.1452 	EXP 	feedback_text: height = 3.0
17.1452 	EXP 	feedback_text: height = 3.0
17.1452 	EXP 	feedback_text: height = 3.0
17.1452 	EXP 	feedback_text: text = 'wrong: response: None correct key:2'
17.1452 	EXP 	cross: autoDraw = True
17.1452 	EXP 	feedback_text: autoDraw = True
17.6452 	EXP 	cross: autoDraw = False
17.8803 	DATA 	Keypress: 1
18.1450 	EXP 	feedback_text: autoDraw = False
18.1450 	EXP 	cross: autoDraw = False
18.1450 	EXP 	feedback_text: autoDraw = False
18.1450 	EXP 	text_2: autoDraw = True
18.8292 	EXP 	New trial (rep=0, index=2): OrderedDict([('orientation_index', 1), ('orientation_degrees', 90), ('correct_answer_index', 1), ('correct_answer_direction', 3), ('arrow_color', 'red')])
18.8451 	EXP 	text_2: autoDraw = False
18.8451 	EXP 	text_2: autoDraw = False
18.8451 	EXP 	arrowhead: fillColor = <psychopy.colors.Color: red, alpha=1.0>
18.8451 	EXP 	arrowhead: ori = 90.0
18.8451 	EXP 	arrowhead: borderColor = <psychopy.colors.Color: none, alpha=0.0>
18.8451 	EXP 	arrowhead: autoDraw = True
19.0450 	EXP 	arrowhead: autoDraw = False
19.1849 	DATA 	Keypress: 2
19.1951 	EXP 	arrowhead: autoDraw = False
19.1951 	EXP 	feedback_text: height = 3.0
19.1951 	EXP 	feedback_text: height = 3.0
19.1951 	EXP 	feedback_text: height = 3.0
19.1951 	EXP 	feedback_text: text = 'wrong: response: 2 correct key:3'
19.1951 	EXP 	cross: autoDraw = True
19.1951 	EXP 	feedback_text: autoDraw = True
19.6950 	EXP 	cross: autoDraw = False
20.1949 	EXP 	feedback_text: autoDraw = False
20.1949 	EXP 	cross: autoDraw = False
20.1949 	EXP 	feedback_text: autoDraw = False
20.1949 	EXP 	text_2: autoDraw = True
20.8792 	EXP 	New trial (rep=0, index=3): OrderedDict([('orientation_index', 2), ('orientation_degrees', 180), ('correct_answer_index', 2), ('correct_answer_direction', 2), ('arrow_color', 'red')])
20.8950 	EXP 	text_2: autoDraw = False
20.8950 	EXP 	text_2: autoDraw = False
20.8950 	EXP 	arrowhead: fillColor = <psychopy.colors.Color: red, alpha=1.0>
20.8950 	EXP 	arrowhead: ori = 180.0
20.8950 	EXP 	arrowhead: borderColor = <psychopy.colors.Color: none, alpha=0.0>
20.8950 	EXP 	arrowhead: autoDraw = True
21.0948 	EXP 	arrowhead: autoDraw = False
21.1496 	DATA 	Keypress: 3
21.1617 	EXP 	arrowhead: autoDraw = False
21.1617 	EXP 	feedback_text: height = 3.0
21.1617 	EXP 	feedback_text: height = 3.0
21.1617 	EXP 	feedback_text: height = 3.0
21.1617 	EXP 	feedback_text: text = 'wrong: response: 3 correct key:2'
21.1617 	EXP 	cross: autoDraw = True
21.1617 	EXP 	feedback_text: autoDraw = True
21.6616 	EXP 	cross: autoDraw = False
22.1616 	EXP 	feedback_text: autoDraw = False
22.1616 	EXP 	cross: autoDraw = False
22.1616 	EXP 	feedback_text: autoDraw = False
22.1616 	EXP 	text_2: autoDraw = True
22.8454 	EXP 	New trial (rep=0, index=4): OrderedDict([('orientation_index', 2), ('orientation_degrees', 180), ('correct_answer_index', 2), ('correct_answer_direction', 2), ('arrow_color', 'red')])
22.8614 	EXP 	text_2: autoDraw = False
22.8614 	EXP 	text_2: autoDraw = False
22.8614 	EXP 	arrowhead: fillColor = <psychopy.colors.Color: red, alpha=1.0>
22.8614 	EXP 	arrowhead: ori = 180.0
22.8614 	EXP 	arrowhead: borderColor = <psychopy.colors.Color: none, alpha=0.0>
22.8614 	EXP 	arrowhead: autoDraw = True
23.0614 	EXP 	arrowhead: autoDraw = False
23.3615 	EXP 	arrowhead: autoDraw = False
23.3615 	EXP 	feedback_text: height = 3.0
23.3615 	EXP 	feedback_text: height = 3.0
23.3615 	EXP 	feedback_text: height = 3.0
23.3615 	EXP 	feedback_text: text = 'wrong: response: None correct key:2'
23.3615 	EXP 	cross: autoDraw = True
23.3615 	EXP 	feedback_text: autoDraw = True
23.4466 	DATA 	Keypress: 2
23.8615 	EXP 	cross: autoDraw = False
24.3614 	EXP 	feedback_text: autoDraw = False
24.3614 	EXP 	cross: autoDraw = False
24.3614 	EXP 	feedback_text: autoDraw = False
24.3614 	EXP 	text_2: autoDraw = True
25.0453 	EXP 	New trial (rep=0, index=5): OrderedDict([('orientation_index', 3), ('orientation_degrees', 270), ('correct_answer_index', 3), ('correct_answer_direction', 1), ('arrow_color', 'red')])
25.0614 	EXP 	text_2: autoDraw = False
25.0614 	EXP 	text_2: autoDraw = False
25.0614 	EXP 	arrowhead: fillColor = <psychopy.colors.Color: red, alpha=1.0>
25.0614 	EXP 	arrowhead: ori = 270.0
25.0614 	EXP 	arrowhead: borderColor = <psychopy.colors.Color: none, alpha=0.0>
25.0614 	EXP 	arrowhead: autoDraw = True
25.2614 	EXP 	arrowhead: autoDraw = False
25.3741 	DATA 	Keypress: 2
25.3782 	EXP 	arrowhead: autoDraw = False
25.3782 	EXP 	feedback_text: height = 3.0
25.3782 	EXP 	feedback_text: height = 3.0
25.3782 	EXP 	feedback_text: height = 3.0
25.3782 	EXP 	feedback_text: text = 'wrong: response: 2 correct key:1'
25.3782 	EXP 	cross: autoDraw = True
25.3782 	EXP 	feedback_text: autoDraw = True
25.8781 	EXP 	cross: autoDraw = False
26.3780 	EXP 	feedback_text: autoDraw = False
26.3780 	EXP 	cross: autoDraw = False
26.3780 	EXP 	feedback_text: autoDraw = False
26.3780 	EXP 	text_2: autoDraw = True
27.0622 	EXP 	New trial (rep=0, index=6): OrderedDict([('orientation_index', 3), ('orientation_degrees', 270), ('correct_answer_index', 3), ('correct_answer_direction', 1), ('arrow_color', 'red')])
27.0782 	EXP 	text_2: autoDraw = False
27.0782 	EXP 	text_2: autoDraw = False
27.0782 	EXP 	arrowhead: fillColor = <psychopy.colors.Color: red, alpha=1.0>
27.0782 	EXP 	arrowhead: ori = 270.0
27.0782 	EXP 	arrowhead: borderColor = <psychopy.colors.Color: none, alpha=0.0>
27.0782 	EXP 	arrowhead: autoDraw = True
27.2780 	EXP 	arrowhead: autoDraw = False
27.4499 	DATA 	Keypress: 1
27.4613 	EXP 	arrowhead: autoDraw = False
27.4613 	EXP 	feedback_text: height = 3.0
27.4613 	EXP 	feedback_text: height = 3.0
27.4613 	EXP 	feedback_text: height = 3.0
27.4613 	EXP 	feedback_text: text = 'correct: response: 1  correct key: 1'
27.4613 	EXP 	cross: autoDraw = True
27.4613 	EXP 	feedback_text: autoDraw = True
27.9612 	EXP 	cross: autoDraw = False
28.4614 	EXP 	feedback_text: autoDraw = False
28.4614 	EXP 	cross: autoDraw = False
28.4614 	EXP 	feedback_text: autoDraw = False
28.4614 	EXP 	text_2: autoDraw = True
29.1453 	EXP 	New trial (rep=0, index=7): OrderedDict([('orientation_index', 0), ('orientation_degrees', 0), ('correct_answer_index', 0), ('correct_answer_direction', 4), ('arrow_color', 'red')])
29.1611 	EXP 	text_2: autoDraw = False
29.1611 	EXP 	text_2: autoDraw = False
29.1611 	EXP 	arrowhead: fillColor = <psychopy.colors.Color: red, alpha=1.0>
29.1611 	EXP 	arrowhead: ori = 0.0
29.1611 	EXP 	arrowhead: borderColor = <psychopy.colors.Color: none, alpha=0.0>
29.1611 	EXP 	arrowhead: autoDraw = True
29.3612 	EXP 	arrowhead: autoDraw = False
29.4350 	DATA 	Keypress: 2
29.4446 	EXP 	arrowhead: autoDraw = False
29.4446 	EXP 	feedback_text: height = 3.0
29.4446 	EXP 	feedback_text: height = 3.0
29.4446 	EXP 	feedback_text: height = 3.0
29.4446 	EXP 	feedback_text: text = 'wrong: response: 2 correct key:4'
29.4446 	EXP 	cross: autoDraw = True
29.4446 	EXP 	feedback_text: autoDraw = True
29.9446 	EXP 	cross: autoDraw = False
30.4445 	EXP 	feedback_text: autoDraw = False
30.4445 	EXP 	cross: autoDraw = False
30.4445 	EXP 	feedback_text: autoDraw = False
30.4445 	EXP 	text_2: autoDraw = True
30.9291 	DATA 	Keypress: 3
31.1285 	EXP 	New trial (rep=0, index=8): OrderedDict([('orientation_index', 3), ('orientation_degrees', 270), ('correct_answer_index', 3), ('correct_answer_direction', 1), ('arrow_color', 'red')])
31.1444 	EXP 	text_2: autoDraw = False
31.1444 	EXP 	text_2: autoDraw = False
31.1444 	EXP 	arrowhead: fillColor = <psychopy.colors.Color: red, alpha=1.0>
31.1444 	EXP 	arrowhead: ori = 270.0
31.1444 	EXP 	arrowhead: borderColor = <psychopy.colors.Color: none, alpha=0.0>
31.1444 	EXP 	arrowhead: autoDraw = True
31.3445 	EXP 	arrowhead: autoDraw = False
31.3685 	DATA 	Keypress: 3
31.3778 	EXP 	arrowhead: autoDraw = False
31.3778 	EXP 	feedback_text: height = 3.0
31.3778 	EXP 	feedback_text: height = 3.0
31.3778 	EXP 	feedback_text: height = 3.0
31.3778 	EXP 	feedback_text: text = 'wrong: response: 3 correct key:1'
31.3778 	EXP 	cross: autoDraw = True
31.3778 	EXP 	feedback_text: autoDraw = True
31.8778 	EXP 	cross: autoDraw = False
32.3778 	EXP 	feedback_text: autoDraw = False
32.3778 	EXP 	cross: autoDraw = False
32.3778 	EXP 	feedback_text: autoDraw = False
32.3778 	EXP 	text_2: autoDraw = True
33.0618 	EXP 	New trial (rep=0, index=9): OrderedDict([('orientation_index', 3), ('orientation_degrees', 270), ('correct_answer_index', 3), ('correct_answer_direction', 1), ('arrow_color', 'red')])
33.0777 	EXP 	text_2: autoDraw = False
33.0777 	EXP 	text_2: autoDraw = False
33.0777 	EXP 	arrowhead: fillColor = <psychopy.colors.Color: red, alpha=1.0>
33.0777 	EXP 	arrowhead: ori = 270.0
33.0777 	EXP 	arrowhead: borderColor = <psychopy.colors.Color: none, alpha=0.0>
33.0777 	EXP 	arrowhead: autoDraw = True
33.2775 	EXP 	arrowhead: autoDraw = False
33.3826 	DATA 	Keypress: 4
33.3945 	EXP 	arrowhead: autoDraw = False
33.3945 	EXP 	feedback_text: height = 3.0
33.3945 	EXP 	feedback_text: height = 3.0
33.3945 	EXP 	feedback_text: height = 3.0
33.3945 	EXP 	feedback_text: text = 'wrong: response: 4 correct key:1'
33.3945 	EXP 	cross: autoDraw = True
33.3945 	EXP 	feedback_text: autoDraw = True
33.8944 	EXP 	cross: autoDraw = False
34.3943 	EXP 	feedback_text: autoDraw = False
34.3943 	EXP 	cross: autoDraw = False
34.3943 	EXP 	feedback_text: autoDraw = False
34.3943 	EXP 	text_2: autoDraw = True
35.0782 	EXP 	New trial (rep=0, index=10): OrderedDict([('orientation_index', 2), ('orientation_degrees', 180), ('correct_answer_index', 2), ('correct_answer_direction', 2), ('arrow_color', 'red')])
35.0943 	EXP 	text_2: autoDraw = False
35.0943 	EXP 	text_2: autoDraw = False
35.0943 	EXP 	arrowhead: fillColor = <psychopy.colors.Color: red, alpha=1.0>
35.0943 	EXP 	arrowhead: ori = 180.0
35.0943 	EXP 	arrowhead: borderColor = <psychopy.colors.Color: none, alpha=0.0>
35.0943 	EXP 	arrowhead: autoDraw = True
35.2943 	EXP 	arrowhead: autoDraw = False
35.5944 	EXP 	arrowhead: autoDraw = False
35.5944 	EXP 	feedback_text: height = 3.0
35.5944 	EXP 	feedback_text: height = 3.0
35.5944 	EXP 	feedback_text: height = 3.0
35.5944 	EXP 	feedback_text: text = 'wrong: response: None correct key:2'
35.5944 	EXP 	cross: autoDraw = True
35.5944 	EXP 	feedback_text: autoDraw = True
35.7133 	DATA 	Keypress: 2
36.0943 	EXP 	cross: autoDraw = False
36.5940 	EXP 	feedback_text: autoDraw = False
36.5940 	EXP 	cross: autoDraw = False
36.5940 	EXP 	feedback_text: autoDraw = False
36.5940 	EXP 	text_2: autoDraw = True
37.2782 	EXP 	New trial (rep=0, index=11): OrderedDict([('orientation_index', 3), ('orientation_degrees', 270), ('correct_answer_index', 3), ('correct_answer_direction', 1), ('arrow_color', 'red')])
37.2944 	EXP 	text_2: autoDraw = False
37.2944 	EXP 	text_2: autoDraw = False
37.2944 	EXP 	arrowhead: fillColor = <psychopy.colors.Color: red, alpha=1.0>
37.2944 	EXP 	arrowhead: ori = 270.0
37.2944 	EXP 	arrowhead: borderColor = <psychopy.colors.Color: none, alpha=0.0>
37.2944 	EXP 	arrowhead: autoDraw = True
37.4941 	EXP 	arrowhead: autoDraw = False
37.6497 	DATA 	Keypress: 2
37.6609 	EXP 	arrowhead: autoDraw = False
37.6609 	EXP 	feedback_text: height = 3.0
37.6609 	EXP 	feedback_text: height = 3.0
37.6609 	EXP 	feedback_text: height = 3.0
37.6609 	EXP 	feedback_text: text = 'wrong: response: 2 correct key:1'
37.6609 	EXP 	cross: autoDraw = True
37.6609 	EXP 	feedback_text: autoDraw = True
38.1606 	EXP 	cross: autoDraw = False
38.6607 	EXP 	feedback_text: autoDraw = False
38.6607 	EXP 	cross: autoDraw = False
38.6607 	EXP 	feedback_text: autoDraw = False
38.6607 	EXP 	text_2: autoDraw = True
39.3122 	DATA 	Keypress: 1
39.3448 	EXP 	New trial (rep=0, index=12): OrderedDict([('orientation_index', 0), ('orientation_degrees', 0), ('correct_answer_index', 0), ('correct_answer_direction', 4), ('arrow_color', 'red')])
39.3607 	EXP 	text_2: autoDraw = False
39.3607 	EXP 	text_2: autoDraw = False
39.3607 	EXP 	arrowhead: fillColor = <psychopy.colors.Color: red, alpha=1.0>
39.3607 	EXP 	arrowhead: ori = 0.0
39.3607 	EXP 	arrowhead: borderColor = <psychopy.colors.Color: none, alpha=0.0>
39.3607 	EXP 	arrowhead: autoDraw = True
39.5606 	EXP 	arrowhead: autoDraw = False
39.8607 	EXP 	arrowhead: autoDraw = False
39.8607 	EXP 	feedback_text: height = 3.0
39.8607 	EXP 	feedback_text: height = 3.0
39.8607 	EXP 	feedback_text: height = 3.0
39.8607 	EXP 	feedback_text: text = 'wrong: response: None correct key:4'
39.8607 	EXP 	cross: autoDraw = True
39.8607 	EXP 	feedback_text: autoDraw = True
40.3606 	EXP 	cross: autoDraw = False
40.8607 	EXP 	feedback_text: autoDraw = False
40.8607 	EXP 	cross: autoDraw = False
40.8607 	EXP 	feedback_text: autoDraw = False
40.8607 	EXP 	text_2: autoDraw = True
41.5445 	EXP 	New trial (rep=0, index=13): OrderedDict([('orientation_index', 3), ('orientation_degrees', 270), ('correct_answer_index', 3), ('correct_answer_direction', 1), ('arrow_color', 'red')])
41.5606 	EXP 	text_2: autoDraw = False
41.5606 	EXP 	text_2: autoDraw = False
41.5606 	EXP 	arrowhead: fillColor = <psychopy.colors.Color: red, alpha=1.0>
41.5606 	EXP 	arrowhead: ori = 270.0
41.5606 	EXP 	arrowhead: borderColor = <psychopy.colors.Color: none, alpha=0.0>
41.5606 	EXP 	arrowhead: autoDraw = True
41.7605 	EXP 	arrowhead: autoDraw = False
42.0375 	DATA 	Keypress: 1
42.0441 	EXP 	arrowhead: autoDraw = False
42.0441 	EXP 	feedback_text: height = 3.0
42.0441 	EXP 	feedback_text: height = 3.0
42.0441 	EXP 	feedback_text: height = 3.0
42.0441 	EXP 	feedback_text: text = 'correct: response: 1  correct key: 1'
42.0441 	EXP 	cross: autoDraw = True
42.0441 	EXP 	feedback_text: autoDraw = True
42.5439 	EXP 	cross: autoDraw = False
43.0438 	EXP 	feedback_text: autoDraw = False
43.0438 	EXP 	cross: autoDraw = False
43.0438 	EXP 	feedback_text: autoDraw = False
43.0438 	EXP 	text_2: autoDraw = True
43.7281 	EXP 	New trial (rep=0, index=14): OrderedDict([('orientation_index', 3), ('orientation_degrees', 270), ('correct_answer_index', 3), ('correct_answer_direction', 1), ('arrow_color', 'red')])
43.7439 	EXP 	text_2: autoDraw = False
43.7439 	EXP 	text_2: autoDraw = False
43.7439 	EXP 	arrowhead: fillColor = <psychopy.colors.Color: red, alpha=1.0>
43.7439 	EXP 	arrowhead: ori = 270.0
43.7439 	EXP 	arrowhead: borderColor = <psychopy.colors.Color: none, alpha=0.0>
43.7439 	EXP 	arrowhead: autoDraw = True
43.9439 	EXP 	arrowhead: autoDraw = False
44.2439 	EXP 	arrowhead: autoDraw = False
44.2439 	EXP 	feedback_text: height = 3.0
44.2439 	EXP 	feedback_text: height = 3.0
44.2439 	EXP 	feedback_text: height = 3.0
44.2439 	EXP 	feedback_text: text = 'wrong: response: None correct key:1'
44.2439 	EXP 	cross: autoDraw = True
44.2439 	EXP 	feedback_text: autoDraw = True
44.3140 	DATA 	Keypress: 2
44.3149 	DATA 	Keypress: 1
44.7438 	EXP 	cross: autoDraw = False
45.2438 	EXP 	feedback_text: autoDraw = False
45.2438 	EXP 	cross: autoDraw = False
45.2438 	EXP 	feedback_text: autoDraw = False
45.2438 	EXP 	text_2: autoDraw = True
45.9275 	EXP 	New trial (rep=0, index=15): OrderedDict([('orientation_index', 3), ('orientation_degrees', 270), ('correct_answer_index', 3), ('correct_answer_direction', 1), ('arrow_color', 'red')])
45.9437 	EXP 	text_2: autoDraw = False
45.9437 	EXP 	text_2: autoDraw = False
45.9437 	EXP 	arrowhead: fillColor = <psychopy.colors.Color: red, alpha=1.0>
45.9437 	EXP 	arrowhead: ori = 270.0
45.9437 	EXP 	arrowhead: borderColor = <psychopy.colors.Color: none, alpha=0.0>
45.9437 	EXP 	arrowhead: autoDraw = True
46.1436 	EXP 	arrowhead: autoDraw = False
46.4436 	EXP 	arrowhead: autoDraw = False
46.4436 	EXP 	feedback_text: text = 'wrong: response: None correct key:1'
46.4436 	EXP 	cross: autoDraw = True
46.4436 	EXP 	feedback_text: autoDraw = True
46.4790 	DATA 	Keypress: 1
46.9438 	EXP 	cross: autoDraw = False
47.4436 	EXP 	feedback_text: autoDraw = False
47.4436 	EXP 	cross: autoDraw = False
47.4436 	EXP 	feedback_text: autoDraw = False
47.4436 	EXP 	text_2: autoDraw = True
48.1278 	EXP 	New trial (rep=0, index=16): OrderedDict([('orientation_index', 2), ('orientation_degrees', 180), ('correct_answer_index', 2), ('correct_answer_direction', 2), ('arrow_color', 'red')])
48.1437 	EXP 	text_2: autoDraw = False
48.1437 	EXP 	text_2: autoDraw = False
48.1437 	EXP 	arrowhead: fillColor = <psychopy.colors.Color: red, alpha=1.0>
48.1437 	EXP 	arrowhead: ori = 180.0
48.1437 	EXP 	arrowhead: borderColor = <psychopy.colors.Color: none, alpha=0.0>
48.1437 	EXP 	arrowhead: autoDraw = True
48.3436 	EXP 	arrowhead: autoDraw = False
48.4682 	DATA 	Keypress: 1
48.4770 	EXP 	arrowhead: autoDraw = False
48.4770 	EXP 	feedback_text: height = 3.0
48.4770 	EXP 	feedback_text: height = 3.0
48.4770 	EXP 	feedback_text: height = 3.0
48.4770 	EXP 	feedback_text: text = 'wrong: response: 1 correct key:2'
48.4770 	EXP 	cross: autoDraw = True
48.4770 	EXP 	feedback_text: autoDraw = True
48.9771 	EXP 	cross: autoDraw = False
49.4769 	EXP 	feedback_text: autoDraw = False
49.4769 	EXP 	cross: autoDraw = False
49.4769 	EXP 	feedback_text: autoDraw = False
49.4769 	EXP 	text_2: autoDraw = True
50.1608 	EXP 	New trial (rep=0, index=17): OrderedDict([('orientation_index', 1), ('orientation_degrees', 90), ('correct_answer_index', 1), ('correct_answer_direction', 3), ('arrow_color', 'red')])
50.1768 	EXP 	text_2: autoDraw = False
50.1768 	EXP 	text_2: autoDraw = False
50.1768 	EXP 	arrowhead: fillColor = <psychopy.colors.Color: red, alpha=1.0>
50.1768 	EXP 	arrowhead: ori = 90.0
50.1768 	EXP 	arrowhead: borderColor = <psychopy.colors.Color: none, alpha=0.0>
50.1768 	EXP 	arrowhead: autoDraw = True
50.3152 	DATA 	Keypress: 2
50.3269 	EXP 	arrowhead: autoDraw = False
50.3269 	EXP 	feedback_text: height = 3.0
50.3269 	EXP 	feedback_text: height = 3.0
50.3269 	EXP 	feedback_text: height = 3.0
50.3269 	EXP 	feedback_text: text = 'wrong: response: 2 correct key:3'
50.3269 	EXP 	cross: autoDraw = True
50.3269 	EXP 	feedback_text: autoDraw = True
50.8290 	EXP 	cross: autoDraw = False
51.3266 	EXP 	feedback_text: autoDraw = False
51.3266 	EXP 	cross: autoDraw = False
51.3266 	EXP 	feedback_text: autoDraw = False
51.3266 	EXP 	text_2: autoDraw = True
52.0107 	EXP 	New trial (rep=0, index=18): OrderedDict([('orientation_index', 3), ('orientation_degrees', 270), ('correct_answer_index', 3), ('correct_answer_direction', 1), ('arrow_color', 'red')])
52.0268 	EXP 	text_2: autoDraw = False
52.0268 	EXP 	text_2: autoDraw = False
52.0268 	EXP 	arrowhead: fillColor = <psychopy.colors.Color: red, alpha=1.0>
52.0268 	EXP 	arrowhead: ori = 270.0
52.0268 	EXP 	arrowhead: borderColor = <psychopy.colors.Color: none, alpha=0.0>
52.0268 	EXP 	arrowhead: autoDraw = True
52.2268 	EXP 	arrowhead: autoDraw = False
52.5268 	EXP 	arrowhead: autoDraw = False
52.5268 	EXP 	feedback_text: height = 3.0
52.5268 	EXP 	feedback_text: height = 3.0
52.5268 	EXP 	feedback_text: height = 3.0
52.5268 	EXP 	feedback_text: text = 'wrong: response: None correct key:1'
52.5268 	EXP 	cross: autoDraw = True
52.5268 	EXP 	feedback_text: autoDraw = True
52.5289 	DATA 	Keypress: 1
53.0268 	EXP 	cross: autoDraw = False
53.5265 	EXP 	feedback_text: autoDraw = False
53.5265 	EXP 	cross: autoDraw = False
53.5265 	EXP 	feedback_text: autoDraw = False
53.5265 	EXP 	text_2: autoDraw = True
54.2106 	EXP 	New trial (rep=0, index=19): OrderedDict([('orientation_index', 1), ('orientation_degrees', 90), ('correct_answer_index', 1), ('correct_answer_direction', 3), ('arrow_color', 'red')])
54.2266 	EXP 	text_2: autoDraw = False
54.2266 	EXP 	text_2: autoDraw = False
54.2266 	EXP 	arrowhead: fillColor = <psychopy.colors.Color: red, alpha=1.0>
54.2266 	EXP 	arrowhead: ori = 90.0
54.2266 	EXP 	arrowhead: borderColor = <psychopy.colors.Color: none, alpha=0.0>
54.2266 	EXP 	arrowhead: autoDraw = True
54.4278 	EXP 	arrowhead: autoDraw = False
54.7000 	DATA 	Keypress: 2
54.7099 	EXP 	arrowhead: autoDraw = False
54.7099 	EXP 	feedback_text: height = 3.0
54.7099 	EXP 	feedback_text: height = 3.0
54.7099 	EXP 	feedback_text: height = 3.0
54.7099 	EXP 	feedback_text: text = 'wrong: response: 2 correct key:3'
54.7099 	EXP 	cross: autoDraw = True
54.7099 	EXP 	feedback_text: autoDraw = True
55.2099 	EXP 	cross: autoDraw = False
55.7098 	EXP 	feedback_text: autoDraw = False
55.7098 	EXP 	cross: autoDraw = False
55.7098 	EXP 	feedback_text: autoDraw = False
55.7098 	EXP 	text_2: autoDraw = True
56.3938 	EXP 	New trial (rep=0, index=20): OrderedDict([('orientation_index', 0), ('orientation_degrees', 0), ('correct_answer_index', 0), ('correct_answer_direction', 4), ('arrow_color', 'red')])
56.4097 	EXP 	text_2: autoDraw = False
56.4097 	EXP 	text_2: autoDraw = False
56.4097 	EXP 	arrowhead: fillColor = <psychopy.colors.Color: red, alpha=1.0>
56.4097 	EXP 	arrowhead: ori = 0.0
56.4097 	EXP 	arrowhead: borderColor = <psychopy.colors.Color: none, alpha=0.0>
56.4097 	EXP 	arrowhead: autoDraw = True
56.6097 	EXP 	arrowhead: autoDraw = False
56.9099 	EXP 	arrowhead: autoDraw = False
56.9099 	EXP 	feedback_text: height = 3.0
56.9099 	EXP 	feedback_text: height = 3.0
56.9099 	EXP 	feedback_text: height = 3.0
56.9099 	EXP 	feedback_text: text = 'wrong: response: None correct key:4'
56.9099 	EXP 	cross: autoDraw = True
56.9099 	EXP 	feedback_text: autoDraw = True
57.4096 	EXP 	cross: autoDraw = False
57.9096 	EXP 	feedback_text: autoDraw = False
57.9096 	EXP 	cross: autoDraw = False
57.9096 	EXP 	feedback_text: autoDraw = False
57.9096 	EXP 	text_2: autoDraw = True
58.5940 	EXP 	New trial (rep=0, index=21): OrderedDict([('orientation_index', 3), ('orientation_degrees', 270), ('correct_answer_index', 3), ('correct_answer_direction', 1), ('arrow_color', 'red')])
58.6098 	EXP 	text_2: autoDraw = False
58.6098 	EXP 	text_2: autoDraw = False
58.6098 	EXP 	arrowhead: fillColor = <psychopy.colors.Color: red, alpha=1.0>
58.6098 	EXP 	arrowhead: ori = 270.0
58.6098 	EXP 	arrowhead: borderColor = <psychopy.colors.Color: none, alpha=0.0>
58.6098 	EXP 	arrowhead: autoDraw = True
58.8097 	EXP 	arrowhead: autoDraw = False
59.1100 	EXP 	arrowhead: autoDraw = False
59.1100 	EXP 	feedback_text: height = 3.0
59.1100 	EXP 	feedback_text: height = 3.0
59.1100 	EXP 	feedback_text: height = 3.0
59.1100 	EXP 	feedback_text: text = 'wrong: response: None correct key:1'
59.1100 	EXP 	cross: autoDraw = True
59.1100 	EXP 	feedback_text: autoDraw = True
59.1616 	DATA 	Keypress: 1
59.6098 	EXP 	cross: autoDraw = False
60.1095 	EXP 	feedback_text: autoDraw = False
60.1095 	EXP 	cross: autoDraw = False
60.1095 	EXP 	feedback_text: autoDraw = False
60.1095 	EXP 	text_2: autoDraw = True
60.7937 	EXP 	New trial (rep=0, index=22): OrderedDict([('orientation_index', 1), ('orientation_degrees', 90), ('correct_answer_index', 1), ('correct_answer_direction', 3), ('arrow_color', 'red')])
60.8095 	EXP 	text_2: autoDraw = False
60.8095 	EXP 	arrowhead: fillColor = <psychopy.colors.Color: red, alpha=1.0>
60.8095 	EXP 	arrowhead: ori = 90.0
60.8095 	EXP 	arrowhead: borderColor = <psychopy.colors.Color: none, alpha=0.0>
60.8095 	EXP 	arrowhead: autoDraw = True
61.0097 	EXP 	arrowhead: autoDraw = False
61.3096 	EXP 	arrowhead: autoDraw = False
61.3096 	EXP 	feedback_text: height = 3.0
61.3096 	EXP 	feedback_text: height = 3.0
61.3096 	EXP 	feedback_text: height = 3.0
61.3096 	EXP 	feedback_text: text = 'wrong: response: None correct key:3'
61.3096 	EXP 	cross: autoDraw = True
61.3096 	EXP 	feedback_text: autoDraw = True
61.3948 	DATA 	Keypress: 2
61.5112 	DATA 	Keypress: 1
61.8096 	EXP 	cross: autoDraw = False
62.3095 	EXP 	feedback_text: autoDraw = False
62.3095 	EXP 	cross: autoDraw = False
62.3095 	EXP 	feedback_text: autoDraw = False
62.3095 	EXP 	text_2: autoDraw = True
62.9935 	EXP 	New trial (rep=0, index=23): OrderedDict([('orientation_index', 3), ('orientation_degrees', 270), ('correct_answer_index', 3), ('correct_answer_direction', 1), ('arrow_color', 'red')])
63.0094 	EXP 	text_2: autoDraw = False
63.0094 	EXP 	text_2: autoDraw = False
63.0094 	EXP 	arrowhead: fillColor = <psychopy.colors.Color: red, alpha=1.0>
63.0094 	EXP 	arrowhead: ori = 270.0
63.0094 	EXP 	arrowhead: borderColor = <psychopy.colors.Color: none, alpha=0.0>
63.0094 	EXP 	arrowhead: autoDraw = True
63.2096 	EXP 	arrowhead: autoDraw = False
63.5095 	EXP 	arrowhead: autoDraw = False
63.5095 	EXP 	feedback_text: height = 3.0
63.5095 	EXP 	feedback_text: height = 3.0
63.5095 	EXP 	feedback_text: height = 3.0
63.5095 	EXP 	feedback_text: text = 'wrong: response: None correct key:1'
63.5095 	EXP 	cross: autoDraw = True
63.5095 	EXP 	feedback_text: autoDraw = True
63.7121 	DATA 	Keypress: 1
64.0094 	EXP 	cross: autoDraw = False
64.5094 	EXP 	feedback_text: autoDraw = False
64.5094 	EXP 	cross: autoDraw = False
64.5094 	EXP 	feedback_text: autoDraw = False
64.5094 	EXP 	text_2: autoDraw = True
65.1935 	EXP 	New trial (rep=0, index=24): OrderedDict([('orientation_index', 1), ('orientation_degrees', 90), ('correct_answer_index', 1), ('correct_answer_direction', 3), ('arrow_color', 'red')])
65.2096 	EXP 	text_2: autoDraw = False
65.2096 	EXP 	text_2: autoDraw = False
65.2096 	EXP 	arrowhead: fillColor = <psychopy.colors.Color: red, alpha=1.0>
65.2096 	EXP 	arrowhead: ori = 90.0
65.2096 	EXP 	arrowhead: borderColor = <psychopy.colors.Color: none, alpha=0.0>
65.2096 	EXP 	arrowhead: autoDraw = True
65.4093 	EXP 	arrowhead: autoDraw = False
65.5812 	DATA 	Keypress: 4
65.5927 	EXP 	arrowhead: autoDraw = False
65.5927 	EXP 	feedback_text: height = 3.0
65.5927 	EXP 	feedback_text: height = 3.0
65.5927 	EXP 	feedback_text: height = 3.0
65.5927 	EXP 	feedback_text: text = 'wrong: response: 4 correct key:3'
65.5927 	EXP 	cross: autoDraw = True
65.5927 	EXP 	feedback_text: autoDraw = True
65.6114 	DATA 	Keypress: 3
66.0929 	EXP 	cross: autoDraw = False
66.5927 	EXP 	feedback_text: autoDraw = False
66.5927 	EXP 	cross: autoDraw = False
66.5927 	EXP 	feedback_text: autoDraw = False
66.5927 	EXP 	text_2: autoDraw = True
67.2774 	EXP 	New trial (rep=0, index=25): OrderedDict([('orientation_index', 2), ('orientation_degrees', 180), ('correct_answer_index', 2), ('correct_answer_direction', 2), ('arrow_color', 'red')])
67.2929 	EXP 	text_2: autoDraw = False
67.2929 	EXP 	text_2: autoDraw = False
67.2929 	EXP 	arrowhead: fillColor = <psychopy.colors.Color: red, alpha=1.0>
67.2929 	EXP 	arrowhead: ori = 180.0
67.2929 	EXP 	arrowhead: borderColor = <psychopy.colors.Color: none, alpha=0.0>
67.2929 	EXP 	arrowhead: autoDraw = True
67.4928 	EXP 	arrowhead: autoDraw = False
67.7658 	DATA 	Keypress: 2
67.7759 	EXP 	arrowhead: autoDraw = False
67.7759 	EXP 	feedback_text: height = 3.0
67.7759 	EXP 	feedback_text: height = 3.0
67.7759 	EXP 	feedback_text: height = 3.0
67.7759 	EXP 	feedback_text: text = 'correct: response: 2  correct key: 2'
67.7759 	EXP 	cross: autoDraw = True
67.7759 	EXP 	feedback_text: autoDraw = True
68.2761 	EXP 	cross: autoDraw = False
68.7762 	EXP 	feedback_text: autoDraw = False
68.7762 	EXP 	cross: autoDraw = False
68.7762 	EXP 	feedback_text: autoDraw = False
68.7762 	EXP 	text_2: autoDraw = True
69.4600 	EXP 	New trial (rep=0, index=26): OrderedDict([('orientation_index', 0), ('orientation_degrees', 0), ('correct_answer_index', 0), ('correct_answer_direction', 4), ('arrow_color', 'red')])
69.4760 	EXP 	text_2: autoDraw = False
69.4760 	EXP 	text_2: autoDraw = False
69.4760 	EXP 	arrowhead: fillColor = <psychopy.colors.Color: red, alpha=1.0>
69.4760 	EXP 	arrowhead: ori = 0.0
69.4760 	EXP 	arrowhead: borderColor = <psychopy.colors.Color: none, alpha=0.0>
69.4760 	EXP 	arrowhead: autoDraw = True
69.6758 	EXP 	arrowhead: autoDraw = False
69.9761 	EXP 	arrowhead: autoDraw = False
69.9761 	EXP 	feedback_text: height = 3.0
69.9761 	EXP 	feedback_text: height = 3.0
69.9761 	EXP 	feedback_text: height = 3.0
69.9761 	EXP 	feedback_text: text = 'wrong: response: None correct key:4'
69.9761 	EXP 	cross: autoDraw = True
69.9761 	EXP 	feedback_text: autoDraw = True
70.4758 	EXP 	cross: autoDraw = False
70.9758 	EXP 	feedback_text: autoDraw = False
70.9758 	EXP 	cross: autoDraw = False
70.9758 	EXP 	feedback_text: autoDraw = False
70.9758 	EXP 	text_2: autoDraw = True
71.6597 	EXP 	New trial (rep=0, index=27): OrderedDict([('orientation_index', 1), ('orientation_degrees', 90), ('correct_answer_index', 1), ('correct_answer_direction', 3), ('arrow_color', 'red')])
71.6759 	EXP 	text_2: autoDraw = False
71.6759 	EXP 	text_2: autoDraw = False
71.6759 	EXP 	arrowhead: fillColor = <psychopy.colors.Color: red, alpha=1.0>
71.6759 	EXP 	arrowhead: ori = 90.0
71.6759 	EXP 	arrowhead: borderColor = <psychopy.colors.Color: none, alpha=0.0>
71.6759 	EXP 	arrowhead: autoDraw = True
71.8758 	EXP 	arrowhead: autoDraw = False
72.1760 	EXP 	arrowhead: autoDraw = False
72.1760 	EXP 	feedback_text: height = 3.0
72.1760 	EXP 	feedback_text: height = 3.0
72.1760 	EXP 	feedback_text: height = 3.0
72.1760 	EXP 	feedback_text: text = 'wrong: response: None correct key:3'
72.1760 	EXP 	cross: autoDraw = True
72.1760 	EXP 	feedback_text: autoDraw = True
72.3782 	DATA 	Keypress: 3
72.6758 	EXP 	cross: autoDraw = False
73.1758 	EXP 	feedback_text: autoDraw = False
73.1758 	EXP 	cross: autoDraw = False
73.1758 	EXP 	feedback_text: autoDraw = False
73.1758 	EXP 	text_2: autoDraw = True
73.8601 	EXP 	New trial (rep=0, index=28): OrderedDict([('orientation_index', 0), ('orientation_degrees', 0), ('correct_answer_index', 0), ('correct_answer_direction', 4), ('arrow_color', 'red')])
73.8756 	EXP 	text_2: autoDraw = False
73.8756 	EXP 	text_2: autoDraw = False
73.8756 	EXP 	arrowhead: fillColor = <psychopy.colors.Color: red, alpha=1.0>
73.8756 	EXP 	arrowhead: ori = 0.0
73.8756 	EXP 	arrowhead: borderColor = <psychopy.colors.Color: none, alpha=0.0>
73.8756 	EXP 	arrowhead: autoDraw = True
74.0756 	EXP 	arrowhead: autoDraw = False
74.3145 	DATA 	Keypress: 3
74.3258 	EXP 	arrowhead: autoDraw = False
74.3258 	EXP 	feedback_text: height = 3.0
74.3258 	EXP 	feedback_text: height = 3.0
74.3258 	EXP 	feedback_text: height = 3.0
74.3258 	EXP 	feedback_text: text = 'wrong: response: 3 correct key:4'
74.3258 	EXP 	cross: autoDraw = True
74.3258 	EXP 	feedback_text: autoDraw = True
74.8256 	EXP 	cross: autoDraw = False
75.3256 	EXP 	feedback_text: autoDraw = False
75.3256 	EXP 	cross: autoDraw = False
75.3256 	EXP 	feedback_text: autoDraw = False
75.3256 	EXP 	text_2: autoDraw = True
76.0095 	EXP 	New trial (rep=0, index=29): OrderedDict([('orientation_index', 0), ('orientation_degrees', 0), ('correct_answer_index', 0), ('correct_answer_direction', 4), ('arrow_color', 'red')])
76.0256 	EXP 	text_2: autoDraw = False
76.0256 	EXP 	text_2: autoDraw = False
76.0256 	EXP 	arrowhead: fillColor = <psychopy.colors.Color: red, alpha=1.0>
76.0256 	EXP 	arrowhead: ori = 0.0
76.0256 	EXP 	arrowhead: borderColor = <psychopy.colors.Color: none, alpha=0.0>
76.0256 	EXP 	arrowhead: autoDraw = True
76.2256 	EXP 	arrowhead: autoDraw = False
76.5256 	EXP 	arrowhead: autoDraw = False
76.5256 	EXP 	feedback_text: height = 3.0
76.5256 	EXP 	feedback_text: height = 3.0
76.5256 	EXP 	feedback_text: height = 3.0
76.5256 	EXP 	feedback_text: text = 'wrong: response: None correct key:4'
76.5256 	EXP 	cross: autoDraw = True
76.5256 	EXP 	feedback_text: autoDraw = True
76.8775 	DATA 	Keypress: 2
77.0257 	EXP 	cross: autoDraw = False
77.5254 	EXP 	feedback_text: autoDraw = False
77.5254 	EXP 	cross: autoDraw = False
77.5254 	EXP 	feedback_text: autoDraw = False
77.5254 	EXP 	text_2: autoDraw = True
78.2096 	EXP 	New trial (rep=0, index=30): OrderedDict([('orientation_index', 0), ('orientation_degrees', 0), ('correct_answer_index', 0), ('correct_answer_direction', 4), ('arrow_color', 'red')])
78.2254 	EXP 	text_2: autoDraw = False
78.2254 	EXP 	text_2: autoDraw = False
78.2254 	EXP 	arrowhead: fillColor = <psychopy.colors.Color: red, alpha=1.0>
78.2254 	EXP 	arrowhead: ori = 0.0
78.2254 	EXP 	arrowhead: borderColor = <psychopy.colors.Color: none, alpha=0.0>
78.2254 	EXP 	arrowhead: autoDraw = True
78.4253 	EXP 	arrowhead: autoDraw = False
78.6809 	DATA 	Keypress: 4
78.6922 	EXP 	arrowhead: autoDraw = False
78.6922 	EXP 	feedback_text: height = 3.0
78.6922 	EXP 	feedback_text: height = 3.0
78.6922 	EXP 	feedback_text: height = 3.0
78.6922 	EXP 	feedback_text: text = 'correct: response: 4  correct key: 4'
78.6922 	EXP 	cross: autoDraw = True
78.6922 	EXP 	feedback_text: autoDraw = True
79.1920 	EXP 	cross: autoDraw = False
79.6919 	EXP 	feedback_text: autoDraw = False
79.6919 	EXP 	cross: autoDraw = False
79.6919 	EXP 	feedback_text: autoDraw = False
79.6919 	EXP 	text_2: autoDraw = True
80.3764 	EXP 	New trial (rep=0, index=31): OrderedDict([('orientation_index', 1), ('orientation_degrees', 90), ('correct_answer_index', 1), ('correct_answer_direction', 3), ('arrow_color', 'red')])
80.3923 	EXP 	text_2: autoDraw = False
80.3923 	EXP 	text_2: autoDraw = False
80.3923 	EXP 	arrowhead: fillColor = <psychopy.colors.Color: red, alpha=1.0>
80.3923 	EXP 	arrowhead: ori = 90.0
80.3923 	EXP 	arrowhead: borderColor = <psychopy.colors.Color: none, alpha=0.0>
80.3923 	EXP 	arrowhead: autoDraw = True
80.5920 	EXP 	arrowhead: autoDraw = False
80.8923 	EXP 	arrowhead: autoDraw = False
80.8923 	EXP 	feedback_text: height = 3.0
80.8923 	EXP 	feedback_text: height = 3.0
80.8923 	EXP 	feedback_text: height = 3.0
80.8923 	EXP 	feedback_text: text = 'wrong: response: None correct key:3'
80.8923 	EXP 	cross: autoDraw = True
80.8923 	EXP 	feedback_text: autoDraw = True
81.0782 	DATA 	Keypress: 3
81.2105 	DATA 	Keypress: 2
81.3920 	EXP 	cross: autoDraw = False
81.8917 	EXP 	feedback_text: autoDraw = False
81.8917 	EXP 	cross: autoDraw = False
81.8917 	EXP 	feedback_text: autoDraw = False
81.8917 	EXP 	text_2: autoDraw = True
82.5758 	EXP 	New trial (rep=0, index=32): OrderedDict([('orientation_index', 2), ('orientation_degrees', 180), ('correct_answer_index', 2), ('correct_answer_direction', 2), ('arrow_color', 'red')])
82.5918 	EXP 	text_2: autoDraw = False
82.5918 	EXP 	text_2: autoDraw = False
82.5918 	EXP 	arrowhead: fillColor = <psychopy.colors.Color: red, alpha=1.0>
82.5918 	EXP 	arrowhead: ori = 180.0
82.5918 	EXP 	arrowhead: borderColor = <psychopy.colors.Color: none, alpha=0.0>
82.5918 	EXP 	arrowhead: autoDraw = True
82.7921 	EXP 	arrowhead: autoDraw = False
83.0920 	EXP 	arrowhead: autoDraw = False
83.0920 	EXP 	feedback_text: height = 3.0
83.0920 	EXP 	feedback_text: height = 3.0
83.0920 	EXP 	feedback_text: height = 3.0
83.0920 	EXP 	feedback_text: text = 'wrong: response: None correct key:2'
83.0920 	EXP 	cross: autoDraw = True
83.0920 	EXP 	feedback_text: autoDraw = True
83.1438 	DATA 	Keypress: 2
83.5918 	EXP 	cross: autoDraw = False
84.0917 	EXP 	feedback_text: autoDraw = False
84.0917 	EXP 	cross: autoDraw = False
84.0917 	EXP 	feedback_text: autoDraw = False
84.0917 	EXP 	text_2: autoDraw = True
84.7757 	EXP 	New trial (rep=0, index=33): OrderedDict([('orientation_index', 2), ('orientation_degrees', 180), ('correct_answer_index', 2), ('correct_answer_direction', 2), ('arrow_color', 'red')])
84.7917 	EXP 	text_2: autoDraw = False
84.7917 	EXP 	text_2: autoDraw = False
84.7917 	EXP 	arrowhead: fillColor = <psychopy.colors.Color: red, alpha=1.0>
84.7917 	EXP 	arrowhead: ori = 180.0
84.7917 	EXP 	arrowhead: borderColor = <psychopy.colors.Color: none, alpha=0.0>
84.7917 	EXP 	arrowhead: autoDraw = True
84.9917 	EXP 	arrowhead: autoDraw = False
85.2918 	EXP 	arrowhead: autoDraw = False
85.2918 	EXP 	feedback_text: text = 'wrong: response: None correct key:2'
85.2918 	EXP 	cross: autoDraw = True
85.2918 	EXP 	feedback_text: autoDraw = True
85.2934 	DATA 	Keypress: 1
85.7918 	EXP 	cross: autoDraw = False
86.2916 	EXP 	feedback_text: autoDraw = False
86.2916 	EXP 	cross: autoDraw = False
86.2916 	EXP 	feedback_text: autoDraw = False
86.2916 	EXP 	text_2: autoDraw = True
86.9757 	EXP 	New trial (rep=0, index=34): OrderedDict([('orientation_index', 2), ('orientation_degrees', 180), ('correct_answer_index', 2), ('correct_answer_direction', 2), ('arrow_color', 'red')])
86.9967 	EXP 	text_2: autoDraw = False
86.9967 	EXP 	text_2: autoDraw = False
86.9967 	EXP 	arrowhead: fillColor = <psychopy.colors.Color: red, alpha=1.0>
86.9967 	EXP 	arrowhead: ori = 180.0
86.9967 	EXP 	arrowhead: borderColor = <psychopy.colors.Color: none, alpha=0.0>
86.9967 	EXP 	arrowhead: autoDraw = True
86.9992 	DATA 	Keypress: 1
87.2193 	EXP 	arrowhead: autoDraw = False
87.5085 	EXP 	arrowhead: autoDraw = False
87.5085 	EXP 	feedback_text: text = 'wrong: response: None correct key:2'
87.5085 	EXP 	cross: autoDraw = True
87.5085 	EXP 	feedback_text: autoDraw = True
87.6765 	DATA 	Keypress: 1
88.0084 	EXP 	cross: autoDraw = False
88.5081 	EXP 	feedback_text: autoDraw = False
88.5081 	EXP 	cross: autoDraw = False
88.5081 	EXP 	feedback_text: autoDraw = False
88.5081 	EXP 	text_2: autoDraw = True
89.1923 	EXP 	New trial (rep=0, index=35): OrderedDict([('orientation_index', 0), ('orientation_degrees', 0), ('correct_answer_index', 0), ('correct_answer_direction', 4), ('arrow_color', 'red')])
89.2082 	EXP 	text_2: autoDraw = False
89.2082 	EXP 	text_2: autoDraw = False
89.2082 	EXP 	arrowhead: fillColor = <psychopy.colors.Color: red, alpha=1.0>
89.2082 	EXP 	arrowhead: ori = 0.0
89.2082 	EXP 	arrowhead: borderColor = <psychopy.colors.Color: none, alpha=0.0>
89.2082 	EXP 	arrowhead: autoDraw = True
89.4081 	EXP 	arrowhead: autoDraw = False
89.5642 	DATA 	Keypress: 2
89.5749 	EXP 	arrowhead: autoDraw = False
89.5749 	EXP 	feedback_text: height = 3.0
89.5749 	EXP 	feedback_text: height = 3.0
89.5749 	EXP 	feedback_text: height = 3.0
89.5749 	EXP 	feedback_text: text = 'wrong: response: 2 correct key:4'
89.5749 	EXP 	cross: autoDraw = True
89.5749 	EXP 	feedback_text: autoDraw = True
90.0751 	EXP 	cross: autoDraw = False
90.5748 	EXP 	feedback_text: autoDraw = False
90.5748 	EXP 	cross: autoDraw = False
90.5748 	EXP 	feedback_text: autoDraw = False
90.5748 	EXP 	text_2: autoDraw = True
91.2591 	EXP 	New trial (rep=0, index=36): OrderedDict([('orientation_index', 2), ('orientation_degrees', 180), ('correct_answer_index', 2), ('correct_answer_direction', 2), ('arrow_color', 'red')])
91.2749 	EXP 	text_2: autoDraw = False
91.2749 	EXP 	text_2: autoDraw = False
91.2749 	EXP 	arrowhead: fillColor = <psychopy.colors.Color: red, alpha=1.0>
91.2749 	EXP 	arrowhead: ori = 180.0
91.2749 	EXP 	arrowhead: borderColor = <psychopy.colors.Color: none, alpha=0.0>
91.2749 	EXP 	arrowhead: autoDraw = True
91.4748 	EXP 	arrowhead: autoDraw = False
91.6794 	DATA 	Keypress: 2
91.6915 	EXP 	arrowhead: autoDraw = False
91.6915 	EXP 	feedback_text: height = 3.0
91.6915 	EXP 	feedback_text: height = 3.0
91.6915 	EXP 	feedback_text: height = 3.0
91.6915 	EXP 	feedback_text: text = 'correct: response: 2  correct key: 2'
91.6915 	EXP 	cross: autoDraw = True
91.6915 	EXP 	feedback_text: autoDraw = True
92.1914 	EXP 	cross: autoDraw = False
92.6914 	EXP 	feedback_text: autoDraw = False
92.6914 	EXP 	cross: autoDraw = False
92.6914 	EXP 	feedback_text: autoDraw = False
92.6914 	EXP 	text_2: autoDraw = True
93.3754 	EXP 	New trial (rep=0, index=37): OrderedDict([('orientation_index', 3), ('orientation_degrees', 270), ('correct_answer_index', 3), ('correct_answer_direction', 1), ('arrow_color', 'red')])
93.3913 	EXP 	text_2: autoDraw = False
93.3913 	EXP 	text_2: autoDraw = False
93.3913 	EXP 	arrowhead: fillColor = <psychopy.colors.Color: red, alpha=1.0>
93.3913 	EXP 	arrowhead: ori = 270.0
93.3913 	EXP 	arrowhead: borderColor = <psychopy.colors.Color: none, alpha=0.0>
93.3913 	EXP 	arrowhead: autoDraw = True
93.5913 	EXP 	arrowhead: autoDraw = False
93.7625 	DATA 	Keypress: 3
93.7747 	EXP 	arrowhead: autoDraw = False
93.7747 	EXP 	feedback_text: height = 3.0
93.7747 	EXP 	feedback_text: height = 3.0
93.7747 	EXP 	feedback_text: height = 3.0
93.7747 	EXP 	feedback_text: text = 'wrong: response: 3 correct key:1'
93.7747 	EXP 	cross: autoDraw = True
93.7747 	EXP 	feedback_text: autoDraw = True
94.2762 	EXP 	cross: autoDraw = False
94.7745 	EXP 	feedback_text: autoDraw = False
94.7745 	EXP 	cross: autoDraw = False
94.7745 	EXP 	feedback_text: autoDraw = False
94.7745 	EXP 	text_2: autoDraw = True
95.4586 	EXP 	New trial (rep=0, index=38): OrderedDict([('orientation_index', 2), ('orientation_degrees', 180), ('correct_answer_index', 2), ('correct_answer_direction', 2), ('arrow_color', 'red')])
95.4746 	EXP 	text_2: autoDraw = False
95.4746 	EXP 	arrowhead: fillColor = <psychopy.colors.Color: red, alpha=1.0>
95.4746 	EXP 	arrowhead: ori = 180.0
95.4746 	EXP 	arrowhead: borderColor = <psychopy.colors.Color: none, alpha=0.0>
95.4746 	EXP 	arrowhead: autoDraw = True
95.6743 	EXP 	arrowhead: autoDraw = False
95.7819 	DATA 	Keypress: 1
95.7913 	EXP 	arrowhead: autoDraw = False
95.7913 	EXP 	feedback_text: height = 3.0
95.7913 	EXP 	feedback_text: height = 3.0
95.7913 	EXP 	feedback_text: height = 3.0
95.7913 	EXP 	feedback_text: text = 'wrong: response: 1 correct key:2'
95.7913 	EXP 	cross: autoDraw = True
95.7913 	EXP 	feedback_text: autoDraw = True
96.2913 	EXP 	cross: autoDraw = False
96.7911 	EXP 	feedback_text: autoDraw = False
96.7911 	EXP 	cross: autoDraw = False
96.7911 	EXP 	feedback_text: autoDraw = False
96.7911 	EXP 	text_2: autoDraw = True
97.4752 	EXP 	New trial (rep=0, index=39): OrderedDict([('orientation_index', 0), ('orientation_degrees', 0), ('correct_answer_index', 0), ('correct_answer_direction', 4), ('arrow_color', 'red')])
97.4911 	EXP 	text_2: autoDraw = False
97.4911 	EXP 	text_2: autoDraw = False
97.4911 	EXP 	arrowhead: fillColor = <psychopy.colors.Color: red, alpha=1.0>
97.4911 	EXP 	arrowhead: ori = 0.0
97.4911 	EXP 	arrowhead: borderColor = <psychopy.colors.Color: none, alpha=0.0>
97.4911 	EXP 	arrowhead: autoDraw = True
97.4943 	DATA 	Keypress: 2
97.6910 	EXP 	arrowhead: autoDraw = False
97.9910 	EXP 	arrowhead: autoDraw = False
97.9910 	EXP 	feedback_text: height = 3.0
97.9910 	EXP 	feedback_text: height = 3.0
97.9910 	EXP 	feedback_text: height = 3.0
97.9910 	EXP 	feedback_text: text = 'wrong: response: None correct key:4'
97.9910 	EXP 	cross: autoDraw = True
97.9910 	EXP 	feedback_text: autoDraw = True
98.4912 	EXP 	cross: autoDraw = False
98.9910 	EXP 	feedback_text: autoDraw = False
98.9910 	EXP 	cross: autoDraw = False
98.9910 	EXP 	feedback_text: autoDraw = False
98.9910 	EXP 	text_2: autoDraw = True
99.3593 	DATA 	Keypress: 4
99.6751 	EXP 	New trial (rep=0, index=40): OrderedDict([('orientation_index', 0), ('orientation_degrees', 0), ('correct_answer_index', 0), ('correct_answer_direction', 4), ('arrow_color', 'red')])
99.6912 	EXP 	text_2: autoDraw = False
99.6912 	EXP 	text_2: autoDraw = False
99.6912 	EXP 	arrowhead: fillColor = <psychopy.colors.Color: red, alpha=1.0>
99.6912 	EXP 	arrowhead: ori = 0.0
99.6912 	EXP 	arrowhead: borderColor = <psychopy.colors.Color: none, alpha=0.0>
99.6912 	EXP 	arrowhead: autoDraw = True
99.8909 	EXP 	arrowhead: autoDraw = False
100.0961 	DATA 	Keypress: 4
100.1077 	EXP 	arrowhead: autoDraw = False
100.1077 	EXP 	feedback_text: height = 3.0
100.1077 	EXP 	feedback_text: height = 3.0
100.1077 	EXP 	feedback_text: height = 3.0
100.1077 	EXP 	feedback_text: text = 'correct: response: 4  correct key: 4'
100.1077 	EXP 	cross: autoDraw = True
100.1077 	EXP 	feedback_text: autoDraw = True
100.6075 	EXP 	cross: autoDraw = False
101.1074 	EXP 	feedback_text: autoDraw = False
101.1074 	EXP 	cross: autoDraw = False
101.1074 	EXP 	feedback_text: autoDraw = False
101.1074 	EXP 	text_2: autoDraw = True
101.7920 	EXP 	New trial (rep=0, index=41): OrderedDict([('orientation_index', 3), ('orientation_degrees', 270), ('correct_answer_index', 3), ('correct_answer_direction', 1), ('arrow_color', 'red')])
101.8075 	EXP 	text_2: autoDraw = False
101.8075 	EXP 	text_2: autoDraw = False
101.8075 	EXP 	arrowhead: fillColor = <psychopy.colors.Color: red, alpha=1.0>
101.8075 	EXP 	arrowhead: ori = 270.0
101.8075 	EXP 	arrowhead: borderColor = <psychopy.colors.Color: none, alpha=0.0>
101.8075 	EXP 	arrowhead: autoDraw = True
102.0076 	EXP 	arrowhead: autoDraw = False
102.3075 	EXP 	arrowhead: autoDraw = False
102.3075 	EXP 	feedback_text: height = 3.0
102.3075 	EXP 	feedback_text: height = 3.0
102.3075 	EXP 	feedback_text: height = 3.0
102.3075 	EXP 	feedback_text: text = 'wrong: response: None correct key:1'
102.3075 	EXP 	cross: autoDraw = True
102.3075 	EXP 	feedback_text: autoDraw = True
102.3429 	DATA 	Keypress: 1
102.8075 	EXP 	cross: autoDraw = False
103.3076 	EXP 	feedback_text: autoDraw = False
103.3076 	EXP 	cross: autoDraw = False
103.3076 	EXP 	feedback_text: autoDraw = False
103.3076 	EXP 	text_2: autoDraw = True
103.9917 	EXP 	New trial (rep=0, index=42): OrderedDict([('orientation_index', 2), ('orientation_degrees', 180), ('correct_answer_index', 2), ('correct_answer_direction', 2), ('arrow_color', 'red')])
104.0076 	EXP 	text_2: autoDraw = False
104.0076 	EXP 	text_2: autoDraw = False
104.0076 	EXP 	arrowhead: fillColor = <psychopy.colors.Color: red, alpha=1.0>
104.0076 	EXP 	arrowhead: ori = 180.0
104.0076 	EXP 	arrowhead: borderColor = <psychopy.colors.Color: none, alpha=0.0>
104.0076 	EXP 	arrowhead: autoDraw = True
104.2074 	EXP 	arrowhead: autoDraw = False
104.4790 	DATA 	Keypress: 3
104.4909 	EXP 	arrowhead: autoDraw = False
104.4909 	EXP 	feedback_text: height = 3.0
104.4909 	EXP 	feedback_text: height = 3.0
104.4909 	EXP 	feedback_text: height = 3.0
104.4909 	EXP 	feedback_text: text = 'wrong: response: 3 correct key:2'
104.4909 	EXP 	cross: autoDraw = True
104.4909 	EXP 	feedback_text: autoDraw = True
104.9907 	EXP 	cross: autoDraw = False
105.4906 	EXP 	feedback_text: autoDraw = False
105.4906 	EXP 	cross: autoDraw = False
105.4906 	EXP 	feedback_text: autoDraw = False
105.4906 	EXP 	text_2: autoDraw = True
106.1746 	EXP 	New trial (rep=0, index=43): OrderedDict([('orientation_index', 0), ('orientation_degrees', 0), ('correct_answer_index', 0), ('correct_answer_direction', 4), ('arrow_color', 'red')])
106.1908 	EXP 	text_2: autoDraw = False
106.1908 	EXP 	text_2: autoDraw = False
106.1908 	EXP 	arrowhead: fillColor = <psychopy.colors.Color: red, alpha=1.0>
106.1908 	EXP 	arrowhead: ori = 0.0
106.1908 	EXP 	arrowhead: borderColor = <psychopy.colors.Color: none, alpha=0.0>
106.1908 	EXP 	arrowhead: autoDraw = True
106.3907 	EXP 	arrowhead: autoDraw = False
106.4693 	DATA 	Keypress: 2
106.4740 	EXP 	arrowhead: autoDraw = False
106.4740 	EXP 	feedback_text: height = 3.0
106.4740 	EXP 	feedback_text: height = 3.0
106.4740 	EXP 	feedback_text: height = 3.0
106.4740 	EXP 	feedback_text: text = 'wrong: response: 2 correct key:4'
106.4740 	EXP 	cross: autoDraw = True
106.4740 	EXP 	feedback_text: autoDraw = True
106.9742 	EXP 	cross: autoDraw = False
107.4768 	EXP 	feedback_text: autoDraw = False
107.4768 	EXP 	cross: autoDraw = False
107.4768 	EXP 	feedback_text: autoDraw = False
107.4768 	EXP 	text_2: autoDraw = True
108.1745 	EXP 	New trial (rep=0, index=44): OrderedDict([('orientation_index', 2), ('orientation_degrees', 180), ('correct_answer_index', 2), ('correct_answer_direction', 2), ('arrow_color', 'red')])
108.1906 	EXP 	text_2: autoDraw = False
108.1906 	EXP 	arrowhead: fillColor = <psychopy.colors.Color: red, alpha=1.0>
108.1906 	EXP 	arrowhead: ori = 180.0
108.1906 	EXP 	arrowhead: borderColor = <psychopy.colors.Color: none, alpha=0.0>
108.1906 	EXP 	arrowhead: autoDraw = True
108.3906 	EXP 	arrowhead: autoDraw = False
108.6907 	EXP 	arrowhead: autoDraw = False
108.6907 	EXP 	feedback_text: height = 3.0
108.6907 	EXP 	feedback_text: height = 3.0
108.6907 	EXP 	feedback_text: height = 3.0
108.6907 	EXP 	feedback_text: text = 'wrong: response: None correct key:2'
108.6907 	EXP 	cross: autoDraw = True
108.6907 	EXP 	feedback_text: autoDraw = True
109.0591 	DATA 	Keypress: 4
109.1908 	EXP 	cross: autoDraw = False
109.6907 	EXP 	feedback_text: autoDraw = False
109.6907 	EXP 	cross: autoDraw = False
109.6907 	EXP 	feedback_text: autoDraw = False
109.6907 	EXP 	text_2: autoDraw = True
110.3743 	EXP 	New trial (rep=0, index=45): OrderedDict([('orientation_index', 0), ('orientation_degrees', 0), ('correct_answer_index', 0), ('correct_answer_direction', 4), ('arrow_color', 'red')])
110.3908 	EXP 	text_2: autoDraw = False
110.3908 	EXP 	text_2: autoDraw = False
110.3908 	EXP 	arrowhead: fillColor = <psychopy.colors.Color: red, alpha=1.0>
110.3908 	EXP 	arrowhead: ori = 0.0
110.3908 	EXP 	arrowhead: borderColor = <psychopy.colors.Color: none, alpha=0.0>
110.3908 	EXP 	arrowhead: autoDraw = True
110.5906 	EXP 	arrowhead: autoDraw = False
110.8080 	DATA 	Keypress: escape
110.8905 	EXP 	arrowhead: autoDraw = False
110.8905 	EXP 	feedback_text: height = 3.0
110.8905 	EXP 	feedback_text: height = 3.0
110.8905 	EXP 	feedback_text: height = 3.0
110.8905 	EXP 	feedback_text: text = 'wrong: response: None correct key:4'
110.8905 	EXP 	cross: autoDraw = True
110.8905 	EXP 	feedback_text: autoDraw = True
111.0244 	EXP 	ASRT_percept: status = STOPPED
111.0404 	EXP 	cross: autoDraw = False
111.0404 	EXP 	feedback_text: autoDraw = False
111.0405 	EXP 	ASRT_percept: status = STOPPED
111.3167 	EXP 	window1: mouseVisible = True
