896.4874 	WARNING 	User requested fullscreen with size [1280  720], but screen is actually [2560, 1600]. Using actual size
898.1695 	EXP 	Created window1 = Window(allowGUI=True, allowStencil=False, autoLog=True, backendConf=UNKNOWN, backgroundFit=<method-wrapper '__getattribute__' of attributeSetter object at 0x000001D3B92B1CD0>, backgroundImage=<method-wrapper '__getattribute__' of attributeSetter object at 0x000001D3B92B1C70>, bitsMode=UNKNOWN, blendMode='avg', bpc=(8, 8, 8), color=array([0, 0, 0]), colorSpace='rgb', depthBits=8, fullscr=<method-wrapper '__getattribute__' of attributeSetter object at 0x000001D3B92B1AF0>, gamma=None, gammaErrorPolicy='raise', lms=UNKNOWN, monitor=<psychopy.monitors.calibTools.Monitor object at 0x000001D3B9750A30>, multiSample=False, name='window1', numSamples=2, pos=(0, 0), screen=0, size=array([2560, 1600]), stencilBits=0, stereo=False, title='PsychoPy', units='deg', useFBO=True, useRetina=False, viewOri=0.0, viewPos=None, viewScale=None, waitBlanking=True, winType='pyglet')
898.1696 	EXP 	window1: mouseVisible = True
898.1696 	EXP 	window1: backgroundImage = ''
898.1697 	EXP 	window1: backgroundFit = 'none'
898.1725 	EXP 	window1: Attempting to measure frame rate of screen (0) ...
898.1726 	EXP 	window1: recordFrameIntervals = False
898.3354 	EXP 	window1: recordFrameIntervals = True
898.5190 	EXP 	Screen (0) actual frame rate measured at 60.06Hz
898.5190 	EXP 	window1: recordFrameIntervals = False
898.5194 	EXP 	window1: mouseVisible = False
900.1304 	EXP 	ASRT_percept: status = STARTED
900.1307 	EXP 	window1: mouseVisible = True
900.2608 	EXP 	Created spaceship = ImageStim(__class__=<class 'psychopy.visual.image.ImageStim'>, anchor=('center', 'center'), autoLog=True, color=array([1., 1., 1.]), colorSpace='rgb', contrast=1.0, depth=0.0, draggable=False, flipHoriz=False, flipVert=False, image='images/spaceship.jpg', interpolate=True, mask=None, maskParams=None, name='spaceship', opacity=0.3, ori=0.0, pos=array([0., 0.]), size=array([128.,  64.]), texRes=128.0, units='deg', win=Window(...))
900.2611 	EXP 	window1: mouseVisible = True
900.3800 	EXP 	Created welcometext = TextStim(__class__=<class 'psychopy.visual.text.TextStim'>, alignHoriz=method-wrapper(...), alignText='center', alignVert=method-wrapper(...), anchorHoriz='center', anchorVert='center', antialias=True, autoDraw=False, autoLog=True, bold=False, color=array([-1.,  1.,  1.]), colorSpace='rgb', contrast=1.0, depth=-1.0, draggable=False, flipHoriz=False, flipVert=False, font='DFKai-SB', fontFiles=[], height=2.0, italic=False, languageStyle='LTR', name='welcometext', opacity=1.0, ori=0.0, pos=array([0., 0.]), rgb=UNKNOWN, text=str(...), units='deg', win=Window(...), wrapWidth=30.0)
903.9882 	EXP 	window1: mouseVisible = True
903.9898 	EXP 	Created arrowhead = ShapeStim(__class__=<class 'psychopy.visual.shape.ShapeStim'>, anchor=('center', 'center'), autoDraw=False, autoLog=True, closeShape=True, color=method-wrapper(...), colorSpace='rgb', contrast=None, depth=0.0, draggable=False, fillColor=array([1, 1, 1]), fillColorSpace='rgb', fillRGB=array([1, 1, 1]), interpolate=True, lineColor=array([0., 0., 0.]), lineColorSpace='rgb', lineRGB=array([0, 0, 0]), lineWidth=1.0, name='arrowhead', opacity=0.25, ori=1.0, pos=array([0., 0.]), size=array([3., 3.]), units='deg', vertices=ndarray(...), win=Window(...), windingRule=None)
903.9899 	EXP 	window1: mouseVisible = True
903.9913 	EXP 	Created cross = ShapeStim(__class__=<class 'psychopy.visual.shape.ShapeStim'>, anchor=('center', 'center'), autoDraw=False, autoLog=True, closeShape=True, color=method-wrapper(...), colorSpace='rgb', contrast=None, depth=0.0, draggable=False, fillColor=array([-1, -1, -1]), fillColorSpace='rgb', fillRGB=array([-1, -1, -1]), interpolate=True, lineColor=array([-1., -1., -1.]), lineColorSpace='rgb', lineRGB=array([-1, -1, -1]), lineWidth=1.0, name='cross', opacity=1.0, ori=0.0, pos=array([0., 0.]), size=array([2., 2.]), units='deg', vertices=ndarray(...), win=Window(...), windingRule=None)
903.9914 	EXP 	window1: mouseVisible = True
903.9926 	EXP 	Created feedback_text = TextStim(__class__=<class 'psychopy.visual.text.TextStim'>, alignHoriz=method-wrapper(...), alignText='center', alignVert=method-wrapper(...), anchorHoriz='center', anchorVert='center', antialias=True, autoDraw=False, autoLog=True, bold=False, color=array([1., 1., 1.]), colorSpace='rgb', contrast=1.0, depth=-2.0, draggable=False, flipHoriz=False, flipVert=False, font='DFSB-Kai', fontFiles=[], height=3.0, italic=False, languageStyle='LTR', name='feedback_text', opacity=1.0, ori=0.0, pos=array([ 0., -8.]), rgb=UNKNOWN, text='', units='deg', win=Window(...), wrapWidth=15.0)
903.9927 	EXP 	window1: mouseVisible = True
903.9942 	EXP 	Created text_2 = TextStim(__class__=<class 'psychopy.visual.text.TextStim'>, alignHoriz=method-wrapper(...), alignText='center', alignVert=method-wrapper(...), anchorHoriz='center', anchorVert='center', antialias=True, autoDraw=False, autoLog=True, bold=False, color=array([1., 1., 1.]), colorSpace='rgb', contrast=1.0, depth=0.0, draggable=False, flipHoriz=False, flipVert=False, font='Open Sans', fontFiles=[], height=0.05, italic=False, languageStyle='LTR', name='text_2', opacity=1.0, ori=0.0, pos=array([0., 0.]), rgb=UNKNOWN, text='', units='deg', win=Window(...), wrapWidth=15.0)
903.9942 	EXP 	window1: mouseVisible = True
903.9950 	EXP 	Created feedback_post_section = TextStim(__class__=<class 'psychopy.visual.text.TextStim'>, alignHoriz=method-wrapper(...), alignText='center', alignVert=method-wrapper(...), anchorHoriz='center', anchorVert='center', antialias=True, autoDraw=False, autoLog=True, bold=False, color=array([1., 1., 1.]), colorSpace='rgb', contrast=1.0, depth=-1.0, draggable=False, flipHoriz=False, flipVert=False, font='DFKai-SB', fontFiles=[], height=2.0, italic=False, languageStyle='LTR', name='feedback_post_section', opacity=1.0, ori=0.0, pos=array([0., 0.]), rgb=UNKNOWN, text='', units='deg', win=Window(...), wrapWidth=15.0)
903.9950 	EXP 	window1: mouseVisible = True
904.0803 	EXP 	Created spaceship_rotated = ImageStim(__class__=<class 'psychopy.visual.image.ImageStim'>, anchor=('center', 'center'), autoLog=True, color=array([1., 1., 1.]), colorSpace='rgb', contrast=1.0, depth=0.0, draggable=False, flipHoriz=False, flipVert=True, image='images/spaceship.jpg', interpolate=True, mask=None, maskParams=None, name='spaceship_rotated', opacity=0.3, ori=-45.0, pos=array([0., 0.]), size=array([128.,  64.]), texRes=128.0, units='deg', win=Window(...))
904.0804 	EXP 	window1: mouseVisible = True
904.1284 	EXP 	Created rotation_instruction = TextStim(__class__=<class 'psychopy.visual.text.TextStim'>, alignHoriz=method-wrapper(...), alignText='center', alignVert=method-wrapper(...), anchorHoriz='center', anchorVert='center', antialias=True, autoDraw=False, autoLog=True, bold=False, color=array([-1.,  1.,  1.]), colorSpace='rgb', contrast=1.0, depth=-1.0, draggable=False, flipHoriz=False, flipVert=False, font='DFKai-SB', fontFiles=[], height=2.0, italic=False, languageStyle='LTR', name='rotation_instruction', opacity=1.0, ori=0.0, pos=array([0., 0.]), rgb=UNKNOWN, text=str(...), units='deg', win=Window(...), wrapWidth=30.0)
904.1286 	EXP 	window1: mouseVisible = True
904.1303 	EXP 	Created arrowhead = ShapeStim(__class__=<class 'psychopy.visual.shape.ShapeStim'>, anchor=('center', 'center'), autoDraw=False, autoLog=True, closeShape=True, color=method-wrapper(...), colorSpace='rgb', contrast=None, depth=0.0, draggable=False, fillColor=array([1, 1, 1]), fillColorSpace='rgb', fillRGB=array([1, 1, 1]), interpolate=True, lineColor=array([0., 0., 0.]), lineColorSpace='rgb', lineRGB=array([0, 0, 0]), lineWidth=1.0, name='arrowhead', opacity=0.25, ori=1.0, pos=array([0., 0.]), size=array([3., 3.]), units='deg', vertices=ndarray(...), win=Window(...), windingRule=None)
904.1304 	EXP 	window1: mouseVisible = True
904.1320 	EXP 	Created cross = ShapeStim(__class__=<class 'psychopy.visual.shape.ShapeStim'>, anchor=('center', 'center'), autoDraw=False, autoLog=True, closeShape=True, color=method-wrapper(...), colorSpace='rgb', contrast=None, depth=0.0, draggable=False, fillColor=array([-1, -1, -1]), fillColorSpace='rgb', fillRGB=array([-1, -1, -1]), interpolate=True, lineColor=array([-1., -1., -1.]), lineColorSpace='rgb', lineRGB=array([-1, -1, -1]), lineWidth=1.0, name='cross', opacity=1.0, ori=0.0, pos=array([0., 0.]), size=array([2., 2.]), units='deg', vertices=ndarray(...), win=Window(...), windingRule=None)
904.1321 	EXP 	window1: mouseVisible = True
904.1331 	EXP 	Created feedback_text = TextStim(__class__=<class 'psychopy.visual.text.TextStim'>, alignHoriz=method-wrapper(...), alignText='center', alignVert=method-wrapper(...), anchorHoriz='center', anchorVert='center', antialias=True, autoDraw=False, autoLog=True, bold=False, color=array([1., 1., 1.]), colorSpace='rgb', contrast=1.0, depth=-2.0, draggable=False, flipHoriz=False, flipVert=False, font='DFSB-Kai', fontFiles=[], height=3.0, italic=False, languageStyle='LTR', name='feedback_text', opacity=1.0, ori=0.0, pos=array([ 0., -8.]), rgb=UNKNOWN, text='', units='deg', win=Window(...), wrapWidth=15.0)
904.1332 	EXP 	window1: mouseVisible = True
904.1345 	EXP 	Created text_2 = TextStim(__class__=<class 'psychopy.visual.text.TextStim'>, alignHoriz=method-wrapper(...), alignText='center', alignVert=method-wrapper(...), anchorHoriz='center', anchorVert='center', antialias=True, autoDraw=False, autoLog=True, bold=False, color=array([1., 1., 1.]), colorSpace='rgb', contrast=1.0, depth=0.0, draggable=False, flipHoriz=False, flipVert=False, font='Open Sans', fontFiles=[], height=0.05, italic=False, languageStyle='LTR', name='text_2', opacity=1.0, ori=0.0, pos=array([0., 0.]), rgb=UNKNOWN, text='', units='deg', win=Window(...), wrapWidth=15.0)
904.1346 	EXP 	window1: mouseVisible = True
904.1355 	EXP 	Created feedback_post_section = TextStim(__class__=<class 'psychopy.visual.text.TextStim'>, alignHoriz=method-wrapper(...), alignText='center', alignVert=method-wrapper(...), anchorHoriz='center', anchorVert='center', antialias=True, autoDraw=False, autoLog=True, bold=False, color=array([1., 1., 1.]), colorSpace='rgb', contrast=1.0, depth=-1.0, draggable=False, flipHoriz=False, flipVert=False, font='DFKai-SB', fontFiles=[], height=2.0, italic=False, languageStyle='LTR', name='feedback_post_section', opacity=1.0, ori=0.0, pos=array([0., 0.]), rgb=UNKNOWN, text='', units='deg', win=Window(...), wrapWidth=15.0)
904.1356 	EXP 	window1: mouseVisible = True
904.2240 	EXP 	Created spaceship_rotated01 = ImageStim(__class__=<class 'psychopy.visual.image.ImageStim'>, anchor=('center', 'center'), autoLog=True, color=array([1., 1., 1.]), colorSpace='rgb', contrast=1.0, depth=0.0, draggable=False, flipHoriz=False, flipVert=True, image='images/spaceship.jpg', interpolate=True, mask=None, maskParams=None, name='spaceship_rotated01', opacity=0.3, ori=-45.0, pos=array([0., 0.]), size=array([128.,  64.]), texRes=128.0, units='deg', win=Window(...))
904.2241 	EXP 	window1: mouseVisible = True
904.2758 	EXP 	Created rotation_instruction01 = TextStim(__class__=<class 'psychopy.visual.text.TextStim'>, alignHoriz=method-wrapper(...), alignText='center', alignVert=method-wrapper(...), anchorHoriz='center', anchorVert='center', antialias=True, autoDraw=False, autoLog=True, bold=False, color=array([-1.,  1.,  1.]), colorSpace='rgb', contrast=1.0, depth=-1.0, draggable=False, flipHoriz=False, flipVert=False, font='DFKai-SB', fontFiles=[], height=2.0, italic=False, languageStyle='LTR', name='rotation_instruction01', opacity=1.0, ori=0.0, pos=array([0., 0.]), rgb=UNKNOWN, text=str(...), units='deg', win=Window(...), wrapWidth=100.0)
904.2760 	EXP 	window1: mouseVisible = True
904.2777 	EXP 	Created arrowhead = ShapeStim(__class__=<class 'psychopy.visual.shape.ShapeStim'>, anchor=('center', 'center'), autoDraw=False, autoLog=True, closeShape=True, color=method-wrapper(...), colorSpace='rgb', contrast=None, depth=0.0, draggable=False, fillColor=array([1, 1, 1]), fillColorSpace='rgb', fillRGB=array([1, 1, 1]), interpolate=True, lineColor=array([0., 0., 0.]), lineColorSpace='rgb', lineRGB=array([0, 0, 0]), lineWidth=1.0, name='arrowhead', opacity=0.25, ori=1.0, pos=array([0., 0.]), size=array([3., 3.]), units='deg', vertices=ndarray(...), win=Window(...), windingRule=None)
904.2778 	EXP 	window1: mouseVisible = True
904.2795 	EXP 	Created cross = ShapeStim(__class__=<class 'psychopy.visual.shape.ShapeStim'>, anchor=('center', 'center'), autoDraw=False, autoLog=True, closeShape=True, color=method-wrapper(...), colorSpace='rgb', contrast=None, depth=0.0, draggable=False, fillColor=array([-1, -1, -1]), fillColorSpace='rgb', fillRGB=array([-1, -1, -1]), interpolate=True, lineColor=array([-1., -1., -1.]), lineColorSpace='rgb', lineRGB=array([-1, -1, -1]), lineWidth=1.0, name='cross', opacity=1.0, ori=0.0, pos=array([0., 0.]), size=array([2., 2.]), units='deg', vertices=ndarray(...), win=Window(...), windingRule=None)
904.2795 	EXP 	window1: mouseVisible = True
904.2806 	EXP 	Created feedback_text = TextStim(__class__=<class 'psychopy.visual.text.TextStim'>, alignHoriz=method-wrapper(...), alignText='center', alignVert=method-wrapper(...), anchorHoriz='center', anchorVert='center', antialias=True, autoDraw=False, autoLog=True, bold=False, color=array([1., 1., 1.]), colorSpace='rgb', contrast=1.0, depth=-2.0, draggable=False, flipHoriz=False, flipVert=False, font='DFSB-Kai', fontFiles=[], height=3.0, italic=False, languageStyle='LTR', name='feedback_text', opacity=1.0, ori=0.0, pos=array([ 0., -8.]), rgb=UNKNOWN, text='', units='deg', win=Window(...), wrapWidth=15.0)
904.2810 	EXP 	window1: mouseVisible = True
904.2821 	EXP 	Created text_2 = TextStim(__class__=<class 'psychopy.visual.text.TextStim'>, alignHoriz=method-wrapper(...), alignText='center', alignVert=method-wrapper(...), anchorHoriz='center', anchorVert='center', antialias=True, autoDraw=False, autoLog=True, bold=False, color=array([1., 1., 1.]), colorSpace='rgb', contrast=1.0, depth=0.0, draggable=False, flipHoriz=False, flipVert=False, font='Open Sans', fontFiles=[], height=0.05, italic=False, languageStyle='LTR', name='text_2', opacity=1.0, ori=0.0, pos=array([0., 0.]), rgb=UNKNOWN, text='', units='deg', win=Window(...), wrapWidth=15.0)
904.2822 	EXP 	window1: mouseVisible = True
904.3049 	EXP 	Created seqreport_instruction_text = TextStim(__class__=<class 'psychopy.visual.text.TextStim'>, alignHoriz=method-wrapper(...), alignText='center', alignVert=method-wrapper(...), anchorHoriz='center', anchorVert='center', antialias=True, autoDraw=False, autoLog=True, bold=False, color=array([ 1.,  1., -1.]), colorSpace='rgb', contrast=1.0, depth=0.0, draggable=False, flipHoriz=False, flipVert=False, font='DFKai-SB', fontFiles=[], height=3.0, italic=False, languageStyle='LTR', name='seqreport_instruction_text', opacity=1.0, ori=0.0, pos=array([-15.,   6.]), rgb=UNKNOWN, text='請依時間順序按出白色箭頭方向\n請按空白鍵繼續…', units='deg', win=Window(...), wrapWidth=20.0)
904.3050 	EXP 	window1: mouseVisible = True
904.3065 	EXP 	Created arrow_report = ShapeStim(__class__=<class 'psychopy.visual.shape.ShapeStim'>, anchor=('center', 'center'), autoDraw=False, autoLog=True, closeShape=True, color=method-wrapper(...), colorSpace='rgb', contrast=None, depth=0.0, draggable=False, fillColor=array([1, 1, 1]), fillColorSpace='rgb', fillRGB=array([1, 1, 1]), interpolate=True, lineColor=array([1., 1., 1.]), lineColorSpace='rgb', lineRGB=array([1, 1, 1]), lineWidth=1.0, name='arrow_report', opacity=1.0, ori=1.0, pos=array([0., 0.]), size=array([3., 3.]), units='deg', vertices=ndarray(...), win=Window(...), windingRule=None)
904.3066 	EXP 	window1: mouseVisible = True
904.3073 	EXP 	Created feedback_post_section = TextStim(__class__=<class 'psychopy.visual.text.TextStim'>, alignHoriz=method-wrapper(...), alignText='center', alignVert=method-wrapper(...), anchorHoriz='center', anchorVert='center', antialias=True, autoDraw=False, autoLog=True, bold=False, color=array([1., 1., 1.]), colorSpace='rgb', contrast=1.0, depth=-1.0, draggable=False, flipHoriz=False, flipVert=False, font='DFKai-SB', fontFiles=[], height=2.0, italic=False, languageStyle='LTR', name='feedback_post_section', opacity=1.0, ori=0.0, pos=array([0., 0.]), rgb=UNKNOWN, text='', units='deg', win=Window(...), wrapWidth=15.0)
904.3074 	EXP 	window1: mouseVisible = True
904.4174 	EXP 	Created spaceship3 = ImageStim(__class__=<class 'psychopy.visual.image.ImageStim'>, anchor=('center', 'center'), autoLog=True, color=array([1., 1., 1.]), colorSpace='rgb', contrast=1.0, depth=0.0, draggable=False, flipHoriz=False, flipVert=False, image='images/spaceship.jpg', interpolate=True, mask=None, maskParams=None, name='spaceship3', opacity=0.3, ori=0.0, pos=array([0., 0.]), size=array([128.,  64.]), texRes=128.0, units='deg', win=Window(...))
904.4176 	EXP 	window1: mouseVisible = True
904.4432 	EXP 	Created motor_testing_instruction_text = TextStim(__class__=<class 'psychopy.visual.text.TextStim'>, alignHoriz=method-wrapper(...), alignText='center', alignVert=method-wrapper(...), anchorHoriz='center', anchorVert='center', antialias=True, autoDraw=False, autoLog=True, bold=False, color=array([-1.,  1.,  1.]), colorSpace='rgb', contrast=1.0, depth=-1.0, draggable=False, flipHoriz=False, flipVert=False, font='DFKai-SB', fontFiles=[], height=2.0, italic=False, languageStyle='LTR', name='motor_testing_instruction_text', opacity=1.0, ori=0.0, pos=array([0., 0.]), rgb=UNKNOWN, text=str(...), units='deg', win=Window(...), wrapWidth=30.0)
904.4434 	EXP 	window1: mouseVisible = True
904.4449 	EXP 	Created arrowhead = ShapeStim(__class__=<class 'psychopy.visual.shape.ShapeStim'>, anchor=('center', 'center'), autoDraw=False, autoLog=True, closeShape=True, color=method-wrapper(...), colorSpace='rgb', contrast=None, depth=0.0, draggable=False, fillColor=array([1, 1, 1]), fillColorSpace='rgb', fillRGB=array([1, 1, 1]), interpolate=True, lineColor=array([0., 0., 0.]), lineColorSpace='rgb', lineRGB=array([0, 0, 0]), lineWidth=1.0, name='arrowhead', opacity=0.25, ori=1.0, pos=array([0., 0.]), size=array([3., 3.]), units='deg', vertices=ndarray(...), win=Window(...), windingRule=None)
904.4450 	EXP 	window1: mouseVisible = True
904.4468 	EXP 	Created cross_2 = ShapeStim(__class__=<class 'psychopy.visual.shape.ShapeStim'>, anchor=('center', 'center'), autoDraw=False, autoLog=True, closeShape=True, color=method-wrapper(...), colorSpace='rgb', contrast=None, depth=0.0, draggable=False, fillColor=array([-1, -1, -1]), fillColorSpace='rgb', fillRGB=array([-1, -1, -1]), interpolate=True, lineColor=array([-1., -1., -1.]), lineColorSpace='rgb', lineRGB=array([-1, -1, -1]), lineWidth=1.0, name='cross_2', opacity=1.0, ori=0.0, pos=array([0., 0.]), size=array([2., 2.]), units='deg', vertices=ndarray(...), win=Window(...), windingRule=None)
904.4469 	EXP 	window1: mouseVisible = True
904.4481 	EXP 	Created text_2 = TextStim(__class__=<class 'psychopy.visual.text.TextStim'>, alignHoriz=method-wrapper(...), alignText='center', alignVert=method-wrapper(...), anchorHoriz='center', anchorVert='center', antialias=True, autoDraw=False, autoLog=True, bold=False, color=array([1., 1., 1.]), colorSpace='rgb', contrast=1.0, depth=0.0, draggable=False, flipHoriz=False, flipVert=False, font='Open Sans', fontFiles=[], height=0.05, italic=False, languageStyle='LTR', name='text_2', opacity=1.0, ori=0.0, pos=array([0., 0.]), rgb=UNKNOWN, text='', units='deg', win=Window(...), wrapWidth=15.0)
904.4482 	EXP 	window1: mouseVisible = True
904.4490 	EXP 	Created feedback_post_section = TextStim(__class__=<class 'psychopy.visual.text.TextStim'>, alignHoriz=method-wrapper(...), alignText='center', alignVert=method-wrapper(...), anchorHoriz='center', anchorVert='center', antialias=True, autoDraw=False, autoLog=True, bold=False, color=array([1., 1., 1.]), colorSpace='rgb', contrast=1.0, depth=-1.0, draggable=False, flipHoriz=False, flipVert=False, font='DFKai-SB', fontFiles=[], height=2.0, italic=False, languageStyle='LTR', name='feedback_post_section', opacity=1.0, ori=0.0, pos=array([0., 0.]), rgb=UNKNOWN, text='', units='deg', win=Window(...), wrapWidth=15.0)
904.4491 	EXP 	window1: mouseVisible = True
904.4724 	EXP 	Created text = TextStim(__class__=<class 'psychopy.visual.text.TextStim'>, alignHoriz=method-wrapper(...), alignText='center', alignVert=method-wrapper(...), anchorHoriz='center', anchorVert='center', antialias=True, autoDraw=False, autoLog=True, bold=False, color=array([-1.,  1.,  1.]), colorSpace='rgb', contrast=1.0, depth=0.0, draggable=False, flipHoriz=False, flipVert=False, font='DFKai-SB', fontFiles=[], height=3.0, italic=False, languageStyle='LTR', name='text', opacity=1.0, ori=0.0, pos=array([0., 0.]), rgb=UNKNOWN, text='實驗已完成，謝謝您的參與！\n請等待實驗者的進一步導引。', units='deg', win=Window(...), wrapWidth=30.0)
0.0008 	DATA 	Keypress: space
0.0649 	EXP 	spaceship: autoDraw = True
0.0649 	EXP 	welcometext: autoDraw = True
1.6004 	DATA 	Keypress: space
1.6267 	EXP 	Imported sequences/init_random_sequence_file_list.xlsx as conditions, 1 conditions, 1 params
1.6270 	EXP 	Created sequence: sequential, trialTypes=1, nReps=0, seed=None
1.6385 	EXP 	spaceship: autoDraw = False
1.6385 	EXP 	welcometext: autoDraw = False
1.6385 	EXP 	spaceship_rotated: autoDraw = True
1.6385 	EXP 	rotation_instruction: autoDraw = True
5.3743 	EXP 	Imported sequences/practice_sequence_file_list.xlsx as conditions, 5 conditions, 1 params
5.3746 	EXP 	Created sequence: sequential, trialTypes=5, nReps=0, seed=None
5.3773 	DATA 	Keypress: space
5.3810 	EXP 	spaceship_rotated: autoDraw = False
5.3810 	EXP 	rotation_instruction: autoDraw = False
5.3810 	EXP 	spaceship_rotated01: autoDraw = True
5.3810 	EXP 	rotation_instruction01: autoDraw = True
9.3942 	EXP 	Imported sequences/learning_sequence_file_list.xlsx as conditions, 20 conditions, 1 params
9.3947 	EXP 	Created sequence: sequential, trialTypes=20, nReps=1, seed=None
9.3948 	EXP 	New trial (rep=0, index=0): {'learning_seq_files': 'sequences/114615_learning_sequence_00.csv'}
9.4059 	EXP 	Imported sequences/114615_learning_sequence_00.csv as conditions, 85 conditions, 5 params
9.4062 	EXP 	Created sequence: sequential, trialTypes=85, nReps=1, seed=None
9.4064 	EXP 	New trial (rep=0, index=0): OrderedDict([('orientation_degrees', 90), ('orientation_index', 1), ('correct_answer_index', 2), ('correct_answer_direction', 'down'), ('arrow_color', 'red')])
9.4080 	DATA 	Keypress: space
9.4100 	EXP 	spaceship_rotated01: autoDraw = False
9.4100 	EXP 	rotation_instruction01: autoDraw = False
9.4100 	EXP 	arrowhead: fillColor = <psychopy.colors.Color: red, alpha=1.0>
9.4100 	EXP 	arrowhead: ori = 90.0
9.4100 	EXP 	arrowhead: borderColor = <psychopy.colors.Color: none, alpha=0.0>
9.4100 	EXP 	arrowhead: autoDraw = True
9.6117 	EXP 	arrowhead: autoDraw = False
9.9118 	EXP 	arrowhead: autoDraw = False
9.9118 	EXP 	feedback_text: height = 3.0
9.9118 	EXP 	feedback_text: height = 3.0
9.9118 	EXP 	feedback_text: height = 3.0
9.9118 	EXP 	feedback_text: text = '!'
9.9118 	EXP 	cross: autoDraw = True
9.9118 	EXP 	feedback_text: autoDraw = True
10.0970 	DATA 	Keypress: right
10.4118 	EXP 	cross: autoDraw = False
10.9118 	EXP 	feedback_text: autoDraw = False
10.9118 	EXP 	cross: autoDraw = False
10.9118 	EXP 	feedback_text: autoDraw = False
10.9118 	EXP 	text_2: autoDraw = True
11.5956 	EXP 	New trial (rep=0, index=1): OrderedDict([('orientation_degrees', 180), ('orientation_index', 2), ('correct_answer_index', 3), ('correct_answer_direction', 'left'), ('arrow_color', 'red')])
11.6117 	EXP 	text_2: autoDraw = False
11.6117 	EXP 	text_2: autoDraw = False
11.6117 	EXP 	arrowhead: fillColor = <psychopy.colors.Color: red, alpha=1.0>
11.6117 	EXP 	arrowhead: ori = 180.0
11.6117 	EXP 	arrowhead: borderColor = <psychopy.colors.Color: none, alpha=0.0>
11.6117 	EXP 	arrowhead: autoDraw = True
11.8118 	EXP 	arrowhead: autoDraw = False
12.1120 	EXP 	arrowhead: autoDraw = False
12.1120 	EXP 	feedback_text: text = '!'
12.1120 	EXP 	cross: autoDraw = True
12.1120 	EXP 	feedback_text: autoDraw = True
12.3136 	DATA 	Keypress: up
12.3304 	DATA 	Keypress: down
12.6117 	EXP 	cross: autoDraw = False
13.1119 	EXP 	feedback_text: autoDraw = False
13.1119 	EXP 	cross: autoDraw = False
13.1119 	EXP 	feedback_text: autoDraw = False
13.1119 	EXP 	text_2: autoDraw = True
13.7960 	EXP 	New trial (rep=0, index=2): OrderedDict([('orientation_degrees', 180), ('orientation_index', 2), ('correct_answer_index', 3), ('correct_answer_direction', 'left'), ('arrow_color', 'red')])
13.8117 	EXP 	text_2: autoDraw = False
13.8117 	EXP 	text_2: autoDraw = False
13.8117 	EXP 	arrowhead: fillColor = <psychopy.colors.Color: red, alpha=1.0>
13.8117 	EXP 	arrowhead: ori = 180.0
13.8117 	EXP 	arrowhead: borderColor = <psychopy.colors.Color: none, alpha=0.0>
13.8117 	EXP 	arrowhead: autoDraw = True
14.0115 	EXP 	arrowhead: autoDraw = False
14.3116 	EXP 	arrowhead: autoDraw = False
14.3116 	EXP 	feedback_text: text = '!'
14.3116 	EXP 	cross: autoDraw = True
14.3116 	EXP 	feedback_text: autoDraw = True
14.3635 	DATA 	Keypress: down
14.8116 	EXP 	cross: autoDraw = False
15.3115 	EXP 	feedback_text: autoDraw = False
15.3115 	EXP 	cross: autoDraw = False
15.3115 	EXP 	feedback_text: autoDraw = False
15.3115 	EXP 	text_2: autoDraw = True
15.9957 	EXP 	New trial (rep=0, index=3): OrderedDict([('orientation_degrees', 0), ('orientation_index', 0), ('correct_answer_index', 1), ('correct_answer_direction', 'right'), ('arrow_color', 'red')])
16.0114 	EXP 	text_2: autoDraw = False
16.0114 	EXP 	text_2: autoDraw = False
16.0114 	EXP 	arrowhead: fillColor = <psychopy.colors.Color: red, alpha=1.0>
16.0114 	EXP 	arrowhead: ori = 0.0
16.0114 	EXP 	arrowhead: borderColor = <psychopy.colors.Color: none, alpha=0.0>
16.0114 	EXP 	arrowhead: autoDraw = True
16.2113 	EXP 	arrowhead: autoDraw = False
16.3294 	DATA 	Keypress: down
16.5114 	EXP 	arrowhead: autoDraw = False
16.5114 	EXP 	feedback_text: text = '!'
16.5114 	EXP 	cross: autoDraw = True
16.5114 	EXP 	feedback_text: autoDraw = True
17.0115 	EXP 	cross: autoDraw = False
17.5115 	EXP 	feedback_text: autoDraw = False
17.5115 	EXP 	cross: autoDraw = False
17.5115 	EXP 	feedback_text: autoDraw = False
17.5115 	EXP 	text_2: autoDraw = True
18.0959 	DATA 	Keypress: left
18.1955 	EXP 	New trial (rep=0, index=4): OrderedDict([('orientation_degrees', 270), ('orientation_index', 3), ('correct_answer_index', 0), ('correct_answer_direction', 'up'), ('arrow_color', 'red')])
18.2113 	EXP 	text_2: autoDraw = False
18.2113 	EXP 	text_2: autoDraw = False
18.2113 	EXP 	arrowhead: fillColor = <psychopy.colors.Color: red, alpha=1.0>
18.2113 	EXP 	arrowhead: ori = 270.0
18.2113 	EXP 	arrowhead: borderColor = <psychopy.colors.Color: none, alpha=0.0>
18.2113 	EXP 	arrowhead: autoDraw = True
18.4113 	EXP 	arrowhead: autoDraw = False
18.5627 	DATA 	Keypress: left
18.7114 	EXP 	arrowhead: autoDraw = False
18.7114 	EXP 	feedback_text: text = '!'
18.7114 	EXP 	cross: autoDraw = True
18.7114 	EXP 	feedback_text: autoDraw = True
19.2115 	EXP 	cross: autoDraw = False
19.7113 	EXP 	feedback_text: autoDraw = False
19.7113 	EXP 	cross: autoDraw = False
19.7113 	EXP 	feedback_text: autoDraw = False
19.7113 	EXP 	text_2: autoDraw = True
20.3128 	DATA 	Keypress: up
20.3954 	EXP 	New trial (rep=0, index=5): OrderedDict([('orientation_degrees', 0), ('orientation_index', 0), ('correct_answer_index', 1), ('correct_answer_direction', 'right'), ('arrow_color', 'white')])
20.4113 	EXP 	text_2: autoDraw = False
20.4113 	EXP 	text_2: autoDraw = False
20.4113 	EXP 	arrowhead: fillColor = <psychopy.colors.Color: white, alpha=1.0>
20.4113 	EXP 	arrowhead: ori = 0.0
20.4113 	EXP 	arrowhead: borderColor = <psychopy.colors.Color: none, alpha=0.0>
20.4113 	EXP 	arrowhead: autoDraw = True
20.6112 	EXP 	arrowhead: autoDraw = False
20.6958 	DATA 	Keypress: up
20.9114 	EXP 	arrowhead: autoDraw = False
20.9114 	EXP 	feedback_text: text = '!'
20.9114 	EXP 	cross: autoDraw = True
20.9114 	EXP 	feedback_text: autoDraw = True
21.4111 	EXP 	cross: autoDraw = False
21.9111 	EXP 	feedback_text: autoDraw = False
21.9111 	EXP 	cross: autoDraw = False
21.9111 	EXP 	feedback_text: autoDraw = False
21.9111 	EXP 	text_2: autoDraw = True
22.1127 	DATA 	Keypress: escape
22.3783 	EXP 	ASRT_percept: status = STOPPED
22.3946 	EXP 	text_2: autoDraw = False
22.3947 	EXP 	ASRT_percept: status = STOPPED
22.6157 	EXP 	window1: mouseVisible = True
