7.1124 	WARNING 	User requested fullscreen with size [1280  720], but screen is actually [2560, 1600]. Using actual size
9.1595 	EXP 	Created window1 = Window(allowGUI=True, allowStencil=False, autoLog=True, backendConf=UNKNOWN, backgroundFit=<method-wrapper '__getattribute__' of attributeSetter object at 0x000002E583D5AF70>, backgroundImage=<method-wrapper '__getattribute__' of attributeSetter object at 0x000002E583D5AF10>, bitsMode=UNKNOWN, blendMode='avg', bpc=(8, 8, 8), color=array([0, 0, 0]), colorSpace='rgb', depthBits=8, fullscr=<method-wrapper '__getattribute__' of attributeSetter object at 0x000002E583D5AD30>, gamma=None, gammaErrorPolicy='raise', lms=UNKNOWN, monitor=<psychopy.monitors.calibTools.Monitor object at 0x000002E584209070>, multiSample=False, name='window1', numSamples=2, pos=(0, 0), screen=0, size=array([2560, 1600]), stencilBits=0, stereo=False, title='PsychoPy', units='deg', useFBO=True, useRetina=False, viewOri=0.0, viewPos=None, viewScale=None, waitBlanking=True, winType='pyglet')
9.1596 	EXP 	window1: mouseVisible = True
9.1596 	EXP 	window1: backgroundImage = ''
9.1596 	EXP 	window1: backgroundFit = 'none'
9.1615 	EXP 	window1: Attempting to measure frame rate of screen (0) ...
9.1616 	EXP 	window1: recordFrameIntervals = False
9.3256 	EXP 	window1: recordFrameIntervals = True
9.5091 	EXP 	Screen (0) actual frame rate measured at 59.98Hz
9.5091 	EXP 	window1: recordFrameIntervals = False
9.5093 	EXP 	window1: mouseVisible = False
11.7454 	EXP 	ASRT_percept: status = STARTED
11.7457 	EXP 	window1: mouseVisible = True
11.8707 	EXP 	Created spaceship = ImageStim(__class__=<class 'psychopy.visual.image.ImageStim'>, anchor=('center', 'center'), autoLog=True, color=array([1., 1., 1.]), colorSpace='rgb', contrast=1.0, depth=0.0, draggable=False, flipHoriz=False, flipVert=False, image='images/spaceship.jpg', interpolate=True, mask=None, maskParams=None, name='spaceship', opacity=0.3, ori=0.0, pos=array([0., 0.]), size=array([128.,  64.]), texRes=128.0, units='deg', win=Window(...))
11.8709 	EXP 	window1: mouseVisible = True
12.0939 	EXP 	Created welcometext = TextStim(__class__=<class 'psychopy.visual.text.TextStim'>, alignHoriz=method-wrapper(...), alignText='center', alignVert=method-wrapper(...), anchorHoriz='center', anchorVert='center', antialias=True, autoDraw=False, autoLog=True, bold=False, color=array([-1.,  1.,  1.]), colorSpace='rgb', contrast=1.0, depth=-1.0, draggable=False, flipHoriz=False, flipVert=False, font='DFKai-SB', fontFiles=[], height=2.0, italic=False, languageStyle='LTR', name='welcometext', opacity=1.0, ori=0.0, pos=array([0., 0.]), rgb=UNKNOWN, text=str(...), units='deg', win=Window(...), wrapWidth=30.0)
16.1915 	EXP 	window1: mouseVisible = True
16.1943 	EXP 	Created arrowhead = ShapeStim(__class__=<class 'psychopy.visual.shape.ShapeStim'>, anchor=('center', 'center'), autoDraw=False, autoLog=True, closeShape=True, color=method-wrapper(...), colorSpace='rgb', contrast=None, depth=0.0, draggable=False, fillColor=array([1, 1, 1]), fillColorSpace='rgb', fillRGB=array([1, 1, 1]), interpolate=True, lineColor=array([0., 0., 0.]), lineColorSpace='rgb', lineRGB=array([0, 0, 0]), lineWidth=1.0, name='arrowhead', opacity=0.25, ori=1.0, pos=array([0., 0.]), size=array([3., 3.]), units='deg', vertices=ndarray(...), win=Window(...), windingRule=None)
16.1945 	EXP 	window1: mouseVisible = True
16.1968 	EXP 	Created cross = ShapeStim(__class__=<class 'psychopy.visual.shape.ShapeStim'>, anchor=('center', 'center'), autoDraw=False, autoLog=True, closeShape=True, color=method-wrapper(...), colorSpace='rgb', contrast=None, depth=0.0, draggable=False, fillColor=array([-1, -1, -1]), fillColorSpace='rgb', fillRGB=array([-1, -1, -1]), interpolate=True, lineColor=array([-1., -1., -1.]), lineColorSpace='rgb', lineRGB=array([-1, -1, -1]), lineWidth=1.0, name='cross', opacity=1.0, ori=0.0, pos=array([0., 0.]), size=array([2., 2.]), units='deg', vertices=ndarray(...), win=Window(...), windingRule=None)
16.1969 	EXP 	window1: mouseVisible = True
16.1986 	EXP 	Created feedback_text = TextStim(__class__=<class 'psychopy.visual.text.TextStim'>, alignHoriz=method-wrapper(...), alignText='center', alignVert=method-wrapper(...), anchorHoriz='center', anchorVert='center', antialias=True, autoDraw=False, autoLog=True, bold=False, color=array([1., 1., 1.]), colorSpace='rgb', contrast=1.0, depth=-2.0, draggable=False, flipHoriz=False, flipVert=False, font='DFSB-Kai', fontFiles=[], height=3.0, italic=False, languageStyle='LTR', name='feedback_text', opacity=1.0, ori=0.0, pos=array([ 0., -8.]), rgb=UNKNOWN, text='', units='deg', win=Window(...), wrapWidth=15.0)
16.1987 	EXP 	window1: mouseVisible = True
16.2016 	EXP 	Created text_2 = TextStim(__class__=<class 'psychopy.visual.text.TextStim'>, alignHoriz=method-wrapper(...), alignText='center', alignVert=method-wrapper(...), anchorHoriz='center', anchorVert='center', antialias=True, autoDraw=False, autoLog=True, bold=False, color=array([1., 1., 1.]), colorSpace='rgb', contrast=1.0, depth=0.0, draggable=False, flipHoriz=False, flipVert=False, font='Open Sans', fontFiles=[], height=0.05, italic=False, languageStyle='LTR', name='text_2', opacity=1.0, ori=0.0, pos=array([0., 0.]), rgb=UNKNOWN, text='', units='deg', win=Window(...), wrapWidth=15.0)
16.2017 	EXP 	window1: mouseVisible = True
16.2032 	EXP 	Created feedback_post_section = TextStim(__class__=<class 'psychopy.visual.text.TextStim'>, alignHoriz=method-wrapper(...), alignText='center', alignVert=method-wrapper(...), anchorHoriz='center', anchorVert='center', antialias=True, autoDraw=False, autoLog=True, bold=False, color=array([1., 1., 1.]), colorSpace='rgb', contrast=1.0, depth=-1.0, draggable=False, flipHoriz=False, flipVert=False, font='DFKai-SB', fontFiles=[], height=2.0, italic=False, languageStyle='LTR', name='feedback_post_section', opacity=1.0, ori=0.0, pos=array([0., 0.]), rgb=UNKNOWN, text='', units='deg', win=Window(...), wrapWidth=15.0)
16.2034 	EXP 	window1: mouseVisible = True
16.3018 	EXP 	Created spaceship_rotated = ImageStim(__class__=<class 'psychopy.visual.image.ImageStim'>, anchor=('center', 'center'), autoLog=True, color=array([1., 1., 1.]), colorSpace='rgb', contrast=1.0, depth=0.0, draggable=False, flipHoriz=False, flipVert=True, image='images/spaceship.jpg', interpolate=True, mask=None, maskParams=None, name='spaceship_rotated', opacity=0.3, ori=-45.0, pos=array([0., 0.]), size=array([128.,  64.]), texRes=128.0, units='deg', win=Window(...))
16.3020 	EXP 	window1: mouseVisible = True
16.3578 	EXP 	Created rotation_instruction = TextStim(__class__=<class 'psychopy.visual.text.TextStim'>, alignHoriz=method-wrapper(...), alignText='center', alignVert=method-wrapper(...), anchorHoriz='center', anchorVert='center', antialias=True, autoDraw=False, autoLog=True, bold=False, color=array([-1.,  1.,  1.]), colorSpace='rgb', contrast=1.0, depth=-1.0, draggable=False, flipHoriz=False, flipVert=False, font='DFKai-SB', fontFiles=[], height=2.0, italic=False, languageStyle='LTR', name='rotation_instruction', opacity=1.0, ori=0.0, pos=array([0., 0.]), rgb=UNKNOWN, text=str(...), units='deg', win=Window(...), wrapWidth=30.0)
16.3580 	EXP 	window1: mouseVisible = True
16.3597 	EXP 	Created arrowhead = ShapeStim(__class__=<class 'psychopy.visual.shape.ShapeStim'>, anchor=('center', 'center'), autoDraw=False, autoLog=True, closeShape=True, color=method-wrapper(...), colorSpace='rgb', contrast=None, depth=0.0, draggable=False, fillColor=array([1, 1, 1]), fillColorSpace='rgb', fillRGB=array([1, 1, 1]), interpolate=True, lineColor=array([0., 0., 0.]), lineColorSpace='rgb', lineRGB=array([0, 0, 0]), lineWidth=1.0, name='arrowhead', opacity=0.25, ori=1.0, pos=array([0., 0.]), size=array([3., 3.]), units='deg', vertices=ndarray(...), win=Window(...), windingRule=None)
16.3601 	EXP 	window1: mouseVisible = True
16.3622 	EXP 	Created cross = ShapeStim(__class__=<class 'psychopy.visual.shape.ShapeStim'>, anchor=('center', 'center'), autoDraw=False, autoLog=True, closeShape=True, color=method-wrapper(...), colorSpace='rgb', contrast=None, depth=0.0, draggable=False, fillColor=array([-1, -1, -1]), fillColorSpace='rgb', fillRGB=array([-1, -1, -1]), interpolate=True, lineColor=array([-1., -1., -1.]), lineColorSpace='rgb', lineRGB=array([-1, -1, -1]), lineWidth=1.0, name='cross', opacity=1.0, ori=0.0, pos=array([0., 0.]), size=array([2., 2.]), units='deg', vertices=ndarray(...), win=Window(...), windingRule=None)
16.3623 	EXP 	window1: mouseVisible = True
16.3633 	EXP 	Created feedback_text = TextStim(__class__=<class 'psychopy.visual.text.TextStim'>, alignHoriz=method-wrapper(...), alignText='center', alignVert=method-wrapper(...), anchorHoriz='center', anchorVert='center', antialias=True, autoDraw=False, autoLog=True, bold=False, color=array([1., 1., 1.]), colorSpace='rgb', contrast=1.0, depth=-2.0, draggable=False, flipHoriz=False, flipVert=False, font='DFSB-Kai', fontFiles=[], height=3.0, italic=False, languageStyle='LTR', name='feedback_text', opacity=1.0, ori=0.0, pos=array([ 0., -8.]), rgb=UNKNOWN, text='', units='deg', win=Window(...), wrapWidth=15.0)
16.3634 	EXP 	window1: mouseVisible = True
16.3650 	EXP 	Created text_2 = TextStim(__class__=<class 'psychopy.visual.text.TextStim'>, alignHoriz=method-wrapper(...), alignText='center', alignVert=method-wrapper(...), anchorHoriz='center', anchorVert='center', antialias=True, autoDraw=False, autoLog=True, bold=False, color=array([1., 1., 1.]), colorSpace='rgb', contrast=1.0, depth=0.0, draggable=False, flipHoriz=False, flipVert=False, font='Open Sans', fontFiles=[], height=0.05, italic=False, languageStyle='LTR', name='text_2', opacity=1.0, ori=0.0, pos=array([0., 0.]), rgb=UNKNOWN, text='', units='deg', win=Window(...), wrapWidth=15.0)
16.3651 	EXP 	window1: mouseVisible = True
16.3661 	EXP 	Created feedback_post_section = TextStim(__class__=<class 'psychopy.visual.text.TextStim'>, alignHoriz=method-wrapper(...), alignText='center', alignVert=method-wrapper(...), anchorHoriz='center', anchorVert='center', antialias=True, autoDraw=False, autoLog=True, bold=False, color=array([1., 1., 1.]), colorSpace='rgb', contrast=1.0, depth=-1.0, draggable=False, flipHoriz=False, flipVert=False, font='DFKai-SB', fontFiles=[], height=2.0, italic=False, languageStyle='LTR', name='feedback_post_section', opacity=1.0, ori=0.0, pos=array([0., 0.]), rgb=UNKNOWN, text='', units='deg', win=Window(...), wrapWidth=15.0)
16.3662 	EXP 	window1: mouseVisible = True
16.4564 	EXP 	Created spaceship_rotated01 = ImageStim(__class__=<class 'psychopy.visual.image.ImageStim'>, anchor=('center', 'center'), autoLog=True, color=array([1., 1., 1.]), colorSpace='rgb', contrast=1.0, depth=0.0, draggable=False, flipHoriz=False, flipVert=True, image='images/spaceship.jpg', interpolate=True, mask=None, maskParams=None, name='spaceship_rotated01', opacity=0.3, ori=-45.0, pos=array([0., 0.]), size=array([128.,  64.]), texRes=128.0, units='deg', win=Window(...))
16.4565 	EXP 	window1: mouseVisible = True
16.5099 	EXP 	Created rotation_instruction01 = TextStim(__class__=<class 'psychopy.visual.text.TextStim'>, alignHoriz=method-wrapper(...), alignText='center', alignVert=method-wrapper(...), anchorHoriz='center', anchorVert='center', antialias=True, autoDraw=False, autoLog=True, bold=False, color=array([-1.,  1.,  1.]), colorSpace='rgb', contrast=1.0, depth=-1.0, draggable=False, flipHoriz=False, flipVert=False, font='DFKai-SB', fontFiles=[], height=2.0, italic=False, languageStyle='LTR', name='rotation_instruction01', opacity=1.0, ori=0.0, pos=array([0., 0.]), rgb=UNKNOWN, text=str(...), units='deg', win=Window(...), wrapWidth=100.0)
16.5101 	EXP 	window1: mouseVisible = True
16.5117 	EXP 	Created arrowhead = ShapeStim(__class__=<class 'psychopy.visual.shape.ShapeStim'>, anchor=('center', 'center'), autoDraw=False, autoLog=True, closeShape=True, color=method-wrapper(...), colorSpace='rgb', contrast=None, depth=0.0, draggable=False, fillColor=array([1, 1, 1]), fillColorSpace='rgb', fillRGB=array([1, 1, 1]), interpolate=True, lineColor=array([0., 0., 0.]), lineColorSpace='rgb', lineRGB=array([0, 0, 0]), lineWidth=1.0, name='arrowhead', opacity=0.25, ori=1.0, pos=array([0., 0.]), size=array([3., 3.]), units='deg', vertices=ndarray(...), win=Window(...), windingRule=None)
16.5118 	EXP 	window1: mouseVisible = True
16.5138 	EXP 	Created cross_2 = ShapeStim(__class__=<class 'psychopy.visual.shape.ShapeStim'>, anchor=('center', 'center'), autoDraw=False, autoLog=True, closeShape=True, color=method-wrapper(...), colorSpace='rgb', contrast=None, depth=0.0, draggable=False, fillColor=array([-1, -1, -1]), fillColorSpace='rgb', fillRGB=array([-1, -1, -1]), interpolate=True, lineColor=array([-1., -1., -1.]), lineColorSpace='rgb', lineRGB=array([-1, -1, -1]), lineWidth=1.0, name='cross_2', opacity=1.0, ori=0.0, pos=array([0., 0.]), size=array([2., 2.]), units='deg', vertices=ndarray(...), win=Window(...), windingRule=None)
16.5139 	EXP 	window1: mouseVisible = True
16.5157 	EXP 	Created text_2 = TextStim(__class__=<class 'psychopy.visual.text.TextStim'>, alignHoriz=method-wrapper(...), alignText='center', alignVert=method-wrapper(...), anchorHoriz='center', anchorVert='center', antialias=True, autoDraw=False, autoLog=True, bold=False, color=array([1., 1., 1.]), colorSpace='rgb', contrast=1.0, depth=0.0, draggable=False, flipHoriz=False, flipVert=False, font='Open Sans', fontFiles=[], height=0.05, italic=False, languageStyle='LTR', name='text_2', opacity=1.0, ori=0.0, pos=array([0., 0.]), rgb=UNKNOWN, text='', units='deg', win=Window(...), wrapWidth=15.0)
16.5158 	EXP 	window1: mouseVisible = True
16.5383 	EXP 	Created seqreport_instruction_text = TextStim(__class__=<class 'psychopy.visual.text.TextStim'>, alignHoriz=method-wrapper(...), alignText='center', alignVert=method-wrapper(...), anchorHoriz='center', anchorVert='center', antialias=True, autoDraw=False, autoLog=True, bold=False, color=array([ 1.,  1., -1.]), colorSpace='rgb', contrast=1.0, depth=0.0, draggable=False, flipHoriz=False, flipVert=False, font='DFKai-SB', fontFiles=[], height=3.0, italic=False, languageStyle='LTR', name='seqreport_instruction_text', opacity=1.0, ori=0.0, pos=array([-15.,   6.]), rgb=UNKNOWN, text='請依時間順序按出白色箭頭方向\n請按空白鍵繼續…', units='deg', win=Window(...), wrapWidth=20.0)
16.5384 	EXP 	window1: mouseVisible = True
16.5400 	EXP 	Created arrow_report = ShapeStim(__class__=<class 'psychopy.visual.shape.ShapeStim'>, anchor=('center', 'center'), autoDraw=False, autoLog=True, closeShape=True, color=method-wrapper(...), colorSpace='rgb', contrast=None, depth=0.0, draggable=False, fillColor=array([1, 1, 1]), fillColorSpace='rgb', fillRGB=array([1, 1, 1]), interpolate=True, lineColor=array([1., 1., 1.]), lineColorSpace='rgb', lineRGB=array([1, 1, 1]), lineWidth=1.0, name='arrow_report', opacity=1.0, ori=1.0, pos=array([0., 0.]), size=array([3., 3.]), units='deg', vertices=ndarray(...), win=Window(...), windingRule=None)
16.5400 	EXP 	window1: mouseVisible = True
16.5411 	EXP 	Created feedback_post_section = TextStim(__class__=<class 'psychopy.visual.text.TextStim'>, alignHoriz=method-wrapper(...), alignText='center', alignVert=method-wrapper(...), anchorHoriz='center', anchorVert='center', antialias=True, autoDraw=False, autoLog=True, bold=False, color=array([1., 1., 1.]), colorSpace='rgb', contrast=1.0, depth=-1.0, draggable=False, flipHoriz=False, flipVert=False, font='DFKai-SB', fontFiles=[], height=2.0, italic=False, languageStyle='LTR', name='feedback_post_section', opacity=1.0, ori=0.0, pos=array([0., 0.]), rgb=UNKNOWN, text='', units='deg', win=Window(...), wrapWidth=15.0)
16.5412 	EXP 	window1: mouseVisible = True
16.6550 	EXP 	Created spaceship4 = ImageStim(__class__=<class 'psychopy.visual.image.ImageStim'>, anchor=('center', 'center'), autoLog=True, color=array([1., 1., 1.]), colorSpace='rgb', contrast=1.0, depth=0.0, draggable=False, flipHoriz=False, flipVert=False, image='images/spaceship.jpg', interpolate=True, mask=None, maskParams=None, name='spaceship4', opacity=0.3, ori=0.0, pos=array([0., 0.]), size=array([128.,  64.]), texRes=128.0, units='deg', win=Window(...))
16.6551 	EXP 	window1: mouseVisible = True
16.6664 	EXP 	Created percept_testing_instruction_text = TextStim(__class__=<class 'psychopy.visual.text.TextStim'>, alignHoriz=method-wrapper(...), alignText='center', alignVert=method-wrapper(...), anchorHoriz='center', anchorVert='center', antialias=True, autoDraw=False, autoLog=True, bold=False, color=array([-1.,  1.,  1.]), colorSpace='rgb', contrast=1.0, depth=-2.0, draggable=False, flipHoriz=False, flipVert=False, font='DFKai-SB', fontFiles=[], height=2.0, italic=False, languageStyle='LTR', name='percept_testing_instruction_text', opacity=1.0, ori=0.0, pos=array([0., 0.]), rgb=UNKNOWN, text='請您繼續依箭頭所指方向按下反應鍵。\n準備好請按任意鍵繼續…', units='deg', win=Window(...), wrapWidth=30.0)
16.6665 	EXP 	window1: mouseVisible = True
16.6683 	EXP 	Created arrowhead = ShapeStim(__class__=<class 'psychopy.visual.shape.ShapeStim'>, anchor=('center', 'center'), autoDraw=False, autoLog=True, closeShape=True, color=method-wrapper(...), colorSpace='rgb', contrast=None, depth=0.0, draggable=False, fillColor=array([1, 1, 1]), fillColorSpace='rgb', fillRGB=array([1, 1, 1]), interpolate=True, lineColor=array([0., 0., 0.]), lineColorSpace='rgb', lineRGB=array([0, 0, 0]), lineWidth=1.0, name='arrowhead', opacity=0.25, ori=1.0, pos=array([0., 0.]), size=array([3., 3.]), units='deg', vertices=ndarray(...), win=Window(...), windingRule=None)
16.6685 	EXP 	window1: mouseVisible = True
16.6707 	EXP 	Created cross_2 = ShapeStim(__class__=<class 'psychopy.visual.shape.ShapeStim'>, anchor=('center', 'center'), autoDraw=False, autoLog=True, closeShape=True, color=method-wrapper(...), colorSpace='rgb', contrast=None, depth=0.0, draggable=False, fillColor=array([-1, -1, -1]), fillColorSpace='rgb', fillRGB=array([-1, -1, -1]), interpolate=True, lineColor=array([-1., -1., -1.]), lineColorSpace='rgb', lineRGB=array([-1, -1, -1]), lineWidth=1.0, name='cross_2', opacity=1.0, ori=0.0, pos=array([0., 0.]), size=array([2., 2.]), units='deg', vertices=ndarray(...), win=Window(...), windingRule=None)
16.6708 	EXP 	window1: mouseVisible = True
16.6726 	EXP 	Created text_2 = TextStim(__class__=<class 'psychopy.visual.text.TextStim'>, alignHoriz=method-wrapper(...), alignText='center', alignVert=method-wrapper(...), anchorHoriz='center', anchorVert='center', antialias=True, autoDraw=False, autoLog=True, bold=False, color=array([1., 1., 1.]), colorSpace='rgb', contrast=1.0, depth=0.0, draggable=False, flipHoriz=False, flipVert=False, font='Open Sans', fontFiles=[], height=0.05, italic=False, languageStyle='LTR', name='text_2', opacity=1.0, ori=0.0, pos=array([0., 0.]), rgb=UNKNOWN, text='', units='deg', win=Window(...), wrapWidth=15.0)
16.6727 	EXP 	window1: mouseVisible = True
16.6741 	EXP 	Created feedback_post_section = TextStim(__class__=<class 'psychopy.visual.text.TextStim'>, alignHoriz=method-wrapper(...), alignText='center', alignVert=method-wrapper(...), anchorHoriz='center', anchorVert='center', antialias=True, autoDraw=False, autoLog=True, bold=False, color=array([1., 1., 1.]), colorSpace='rgb', contrast=1.0, depth=-1.0, draggable=False, flipHoriz=False, flipVert=False, font='DFKai-SB', fontFiles=[], height=2.0, italic=False, languageStyle='LTR', name='feedback_post_section', opacity=1.0, ori=0.0, pos=array([0., 0.]), rgb=UNKNOWN, text='', units='deg', win=Window(...), wrapWidth=15.0)
16.6742 	EXP 	window1: mouseVisible = True
16.7052 	EXP 	Created text = TextStim(__class__=<class 'psychopy.visual.text.TextStim'>, alignHoriz=method-wrapper(...), alignText='center', alignVert=method-wrapper(...), anchorHoriz='center', anchorVert='center', antialias=True, autoDraw=False, autoLog=True, bold=False, color=array([-1.,  1.,  1.]), colorSpace='rgb', contrast=1.0, depth=0.0, draggable=False, flipHoriz=False, flipVert=False, font='DFKai-SB', fontFiles=[], height=3.0, italic=False, languageStyle='LTR', name='text', opacity=1.0, ori=0.0, pos=array([0., 0.]), rgb=UNKNOWN, text='實驗已完成，謝謝您的參與！\n請等待實驗者的進一步導引。', units='deg', win=Window(...), wrapWidth=30.0)
0.0559 	EXP 	spaceship: autoDraw = True
0.0559 	EXP 	welcometext: autoDraw = True
45.4224 	EXP 	Imported sequences/init_random_sequence_file_list.xlsx as conditions, 1 conditions, 1 params
45.4233 	EXP 	Created sequence: sequential, trialTypes=1, nReps=1, seed=None
45.4236 	EXP 	New trial (rep=0, index=0): {'initial_random_seq_files': 'sequences/472229_initial_random.csv'}
45.4497 	EXP 	Imported sequences/472229_initial_random.csv as conditions, 85 conditions, 5 params
45.4504 	EXP 	Created sequence: sequential, trialTypes=85, nReps=1, seed=None
45.4506 	EXP 	New trial (rep=0, index=0): OrderedDict([('orientation_index', 3), ('orientation_degrees', 270), ('correct_answer_index', 3), ('correct_answer_direction', 1), ('arrow_color', 'red')])
45.4534 	DATA 	Keypress: space
45.4553 	EXP 	spaceship: autoDraw = False
45.4553 	EXP 	welcometext: autoDraw = False
45.4553 	EXP 	arrowhead: fillColor = <psychopy.colors.Color: red, alpha=1.0>
45.4553 	EXP 	arrowhead: ori = 270.0
45.4553 	EXP 	arrowhead: borderColor = <psychopy.colors.Color: none, alpha=0.0>
45.4553 	EXP 	arrowhead: autoDraw = True
45.6678 	EXP 	arrowhead: autoDraw = False
46.4637 	EXP 	arrowhead: autoDraw = False
46.4637 	EXP 	feedback_text: height = 3.0
46.4637 	EXP 	feedback_text: height = 3.0
46.4637 	EXP 	feedback_text: height = 3.0
46.4637 	EXP 	feedback_text: text = 'wrong: response: None correct key:1'
46.4637 	EXP 	cross: autoDraw = True
46.4637 	EXP 	feedback_text: autoDraw = True
46.9509 	EXP 	cross: autoDraw = False
47.4510 	EXP 	feedback_text: autoDraw = False
47.4510 	EXP 	cross: autoDraw = False
47.4510 	EXP 	feedback_text: autoDraw = False
47.4510 	EXP 	text_2: autoDraw = True
48.1351 	EXP 	New trial (rep=0, index=1): OrderedDict([('orientation_index', 2), ('orientation_degrees', 180), ('correct_answer_index', 2), ('correct_answer_direction', 2), ('arrow_color', 'red')])
48.1511 	EXP 	text_2: autoDraw = False
48.1511 	EXP 	text_2: autoDraw = False
48.1511 	EXP 	arrowhead: fillColor = <psychopy.colors.Color: red, alpha=1.0>
48.1511 	EXP 	arrowhead: ori = 180.0
48.1511 	EXP 	arrowhead: borderColor = <psychopy.colors.Color: none, alpha=0.0>
48.1511 	EXP 	arrowhead: autoDraw = True
48.3507 	EXP 	arrowhead: autoDraw = False
48.7774 	DATA 	Keypress: 2
48.7840 	EXP 	arrowhead: autoDraw = False
48.7840 	EXP 	feedback_text: height = 3.0
48.7840 	EXP 	feedback_text: height = 3.0
48.7840 	EXP 	feedback_text: height = 3.0
48.7840 	EXP 	feedback_text: text = 'correct: response: 2  correct key: 2'
48.7840 	EXP 	cross: autoDraw = True
48.7840 	EXP 	feedback_text: autoDraw = True
49.2840 	EXP 	cross: autoDraw = False
49.7841 	EXP 	feedback_text: autoDraw = False
49.7841 	EXP 	cross: autoDraw = False
49.7841 	EXP 	feedback_text: autoDraw = False
49.7841 	EXP 	text_2: autoDraw = True
50.4687 	EXP 	New trial (rep=0, index=2): OrderedDict([('orientation_index', 3), ('orientation_degrees', 270), ('correct_answer_index', 3), ('correct_answer_direction', 1), ('arrow_color', 'red')])
50.4841 	EXP 	text_2: autoDraw = False
50.4841 	EXP 	text_2: autoDraw = False
50.4841 	EXP 	arrowhead: fillColor = <psychopy.colors.Color: red, alpha=1.0>
50.4841 	EXP 	arrowhead: ori = 270.0
50.4841 	EXP 	arrowhead: borderColor = <psychopy.colors.Color: none, alpha=0.0>
50.4841 	EXP 	arrowhead: autoDraw = True
50.6841 	EXP 	arrowhead: autoDraw = False
51.0191 	DATA 	Keypress: 1
51.0508 	EXP 	arrowhead: autoDraw = False
51.0508 	EXP 	feedback_text: height = 3.0
51.0508 	EXP 	feedback_text: height = 3.0
51.0508 	EXP 	feedback_text: height = 3.0
51.0508 	EXP 	feedback_text: text = 'correct: response: 1  correct key: 1'
51.0508 	EXP 	cross: autoDraw = True
51.0508 	EXP 	feedback_text: autoDraw = True
51.5508 	EXP 	cross: autoDraw = False
52.0506 	EXP 	feedback_text: autoDraw = False
52.0506 	EXP 	cross: autoDraw = False
52.0506 	EXP 	feedback_text: autoDraw = False
52.0506 	EXP 	text_2: autoDraw = True
52.7346 	EXP 	New trial (rep=0, index=3): OrderedDict([('orientation_index', 0), ('orientation_degrees', 0), ('correct_answer_index', 0), ('correct_answer_direction', 4), ('arrow_color', 'red')])
52.7506 	EXP 	text_2: autoDraw = False
52.7506 	EXP 	text_2: autoDraw = False
52.7506 	EXP 	arrowhead: fillColor = <psychopy.colors.Color: red, alpha=1.0>
52.7506 	EXP 	arrowhead: ori = 0.0
52.7506 	EXP 	arrowhead: borderColor = <psychopy.colors.Color: none, alpha=0.0>
52.7506 	EXP 	arrowhead: autoDraw = True
52.9508 	EXP 	arrowhead: autoDraw = False
53.5588 	DATA 	Keypress: 3
53.5674 	EXP 	arrowhead: autoDraw = False
53.5674 	EXP 	feedback_text: height = 3.0
53.5674 	EXP 	feedback_text: height = 3.0
53.5674 	EXP 	feedback_text: height = 3.0
53.5674 	EXP 	feedback_text: text = 'wrong: response: 3 correct key:4'
53.5674 	EXP 	cross: autoDraw = True
53.5674 	EXP 	feedback_text: autoDraw = True
54.0674 	EXP 	cross: autoDraw = False
54.5689 	EXP 	feedback_text: autoDraw = False
54.5689 	EXP 	cross: autoDraw = False
54.5689 	EXP 	feedback_text: autoDraw = False
54.5689 	EXP 	text_2: autoDraw = True
55.2676 	EXP 	New trial (rep=0, index=4): OrderedDict([('orientation_index', 0), ('orientation_degrees', 0), ('correct_answer_index', 0), ('correct_answer_direction', 4), ('arrow_color', 'red')])
55.2837 	EXP 	text_2: autoDraw = False
55.2837 	EXP 	arrowhead: fillColor = <psychopy.colors.Color: red, alpha=1.0>
55.2837 	EXP 	arrowhead: ori = 0.0
55.2837 	EXP 	arrowhead: borderColor = <psychopy.colors.Color: none, alpha=0.0>
55.2837 	EXP 	arrowhead: autoDraw = True
55.4838 	EXP 	arrowhead: autoDraw = False
55.8741 	DATA 	Keypress: 4
55.8841 	EXP 	arrowhead: autoDraw = False
55.8841 	EXP 	feedback_text: height = 3.0
55.8841 	EXP 	feedback_text: height = 3.0
55.8841 	EXP 	feedback_text: height = 3.0
55.8841 	EXP 	feedback_text: text = 'correct: response: 4  correct key: 4'
55.8841 	EXP 	cross: autoDraw = True
55.8841 	EXP 	feedback_text: autoDraw = True
56.3864 	EXP 	cross: autoDraw = False
56.8836 	EXP 	feedback_text: autoDraw = False
56.8836 	EXP 	cross: autoDraw = False
56.8836 	EXP 	feedback_text: autoDraw = False
56.8836 	EXP 	text_2: autoDraw = True
57.5678 	EXP 	New trial (rep=0, index=5): OrderedDict([('orientation_index', 3), ('orientation_degrees', 270), ('correct_answer_index', 3), ('correct_answer_direction', 1), ('arrow_color', 'red')])
57.5839 	EXP 	text_2: autoDraw = False
57.5839 	EXP 	text_2: autoDraw = False
57.5839 	EXP 	arrowhead: fillColor = <psychopy.colors.Color: red, alpha=1.0>
57.5839 	EXP 	arrowhead: ori = 270.0
57.5839 	EXP 	arrowhead: borderColor = <psychopy.colors.Color: none, alpha=0.0>
57.5839 	EXP 	arrowhead: autoDraw = True
57.7836 	EXP 	arrowhead: autoDraw = False
58.1852 	DATA 	Keypress: 1
58.2174 	EXP 	arrowhead: autoDraw = False
58.2174 	EXP 	feedback_text: height = 3.0
58.2174 	EXP 	feedback_text: height = 3.0
58.2174 	EXP 	feedback_text: height = 3.0
58.2174 	EXP 	feedback_text: text = 'correct: response: 1  correct key: 1'
58.2174 	EXP 	cross: autoDraw = True
58.2174 	EXP 	feedback_text: autoDraw = True
58.7176 	EXP 	cross: autoDraw = False
59.2170 	EXP 	feedback_text: autoDraw = False
59.2170 	EXP 	cross: autoDraw = False
59.2170 	EXP 	feedback_text: autoDraw = False
59.2170 	EXP 	text_2: autoDraw = True
59.9011 	EXP 	New trial (rep=0, index=6): OrderedDict([('orientation_index', 3), ('orientation_degrees', 270), ('correct_answer_index', 3), ('correct_answer_direction', 1), ('arrow_color', 'red')])
59.9169 	EXP 	text_2: autoDraw = False
59.9169 	EXP 	text_2: autoDraw = False
59.9169 	EXP 	arrowhead: fillColor = <psychopy.colors.Color: red, alpha=1.0>
59.9169 	EXP 	arrowhead: ori = 270.0
59.9169 	EXP 	arrowhead: borderColor = <psychopy.colors.Color: none, alpha=0.0>
59.9169 	EXP 	arrowhead: autoDraw = True
60.1171 	EXP 	arrowhead: autoDraw = False
60.4727 	DATA 	Keypress: 2
60.4838 	EXP 	arrowhead: autoDraw = False
60.4838 	EXP 	feedback_text: height = 3.0
60.4838 	EXP 	feedback_text: height = 3.0
60.4838 	EXP 	feedback_text: height = 3.0
60.4838 	EXP 	feedback_text: text = 'wrong: response: 2 correct key:1'
60.4838 	EXP 	cross: autoDraw = True
60.4838 	EXP 	feedback_text: autoDraw = True
60.9835 	EXP 	cross: autoDraw = False
61.4838 	EXP 	feedback_text: autoDraw = False
61.4838 	EXP 	cross: autoDraw = False
61.4838 	EXP 	feedback_text: autoDraw = False
61.4838 	EXP 	text_2: autoDraw = True
62.1675 	EXP 	New trial (rep=0, index=7): OrderedDict([('orientation_index', 2), ('orientation_degrees', 180), ('correct_answer_index', 2), ('correct_answer_direction', 2), ('arrow_color', 'red')])
62.1835 	EXP 	text_2: autoDraw = False
62.1835 	EXP 	text_2: autoDraw = False
62.1835 	EXP 	arrowhead: fillColor = <psychopy.colors.Color: red, alpha=1.0>
62.1835 	EXP 	arrowhead: ori = 180.0
62.1835 	EXP 	arrowhead: borderColor = <psychopy.colors.Color: none, alpha=0.0>
62.1835 	EXP 	arrowhead: autoDraw = True
62.3834 	EXP 	arrowhead: autoDraw = False
62.8223 	DATA 	Keypress: 2
62.8338 	EXP 	arrowhead: autoDraw = False
62.8338 	EXP 	feedback_text: height = 3.0
62.8338 	EXP 	feedback_text: height = 3.0
62.8338 	EXP 	feedback_text: height = 3.0
62.8338 	EXP 	feedback_text: text = 'correct: response: 2  correct key: 2'
62.8338 	EXP 	cross: autoDraw = True
62.8338 	EXP 	feedback_text: autoDraw = True
63.3332 	EXP 	cross: autoDraw = False
63.8333 	EXP 	feedback_text: autoDraw = False
63.8333 	EXP 	cross: autoDraw = False
63.8333 	EXP 	feedback_text: autoDraw = False
63.8333 	EXP 	text_2: autoDraw = True
64.5173 	EXP 	New trial (rep=0, index=8): OrderedDict([('orientation_index', 2), ('orientation_degrees', 180), ('correct_answer_index', 2), ('correct_answer_direction', 2), ('arrow_color', 'red')])
64.5333 	EXP 	text_2: autoDraw = False
64.5333 	EXP 	text_2: autoDraw = False
64.5333 	EXP 	arrowhead: fillColor = <psychopy.colors.Color: red, alpha=1.0>
64.5333 	EXP 	arrowhead: ori = 180.0
64.5333 	EXP 	arrowhead: borderColor = <psychopy.colors.Color: none, alpha=0.0>
64.5333 	EXP 	arrowhead: autoDraw = True
64.7333 	EXP 	arrowhead: autoDraw = False
65.1056 	DATA 	Keypress: 1
65.1168 	EXP 	arrowhead: autoDraw = False
65.1168 	EXP 	feedback_text: height = 3.0
65.1168 	EXP 	feedback_text: height = 3.0
65.1168 	EXP 	feedback_text: height = 3.0
65.1168 	EXP 	feedback_text: text = 'wrong: response: 1 correct key:2'
65.1168 	EXP 	cross: autoDraw = True
65.1168 	EXP 	feedback_text: autoDraw = True
65.6168 	EXP 	cross: autoDraw = False
66.1169 	EXP 	feedback_text: autoDraw = False
66.1169 	EXP 	cross: autoDraw = False
66.1169 	EXP 	feedback_text: autoDraw = False
66.1169 	EXP 	text_2: autoDraw = True
66.8008 	EXP 	New trial (rep=0, index=9): OrderedDict([('orientation_index', 0), ('orientation_degrees', 0), ('correct_answer_index', 0), ('correct_answer_direction', 4), ('arrow_color', 'red')])
66.8167 	EXP 	text_2: autoDraw = False
66.8167 	EXP 	text_2: autoDraw = False
66.8167 	EXP 	arrowhead: fillColor = <psychopy.colors.Color: red, alpha=1.0>
66.8167 	EXP 	arrowhead: ori = 0.0
66.8167 	EXP 	arrowhead: borderColor = <psychopy.colors.Color: none, alpha=0.0>
66.8167 	EXP 	arrowhead: autoDraw = True
67.0166 	EXP 	arrowhead: autoDraw = False
67.2236 	DATA 	Keypress: 2
67.2334 	EXP 	arrowhead: autoDraw = False
67.2334 	EXP 	feedback_text: height = 3.0
67.2334 	EXP 	feedback_text: height = 3.0
67.2334 	EXP 	feedback_text: height = 3.0
67.2334 	EXP 	feedback_text: text = 'wrong: response: 2 correct key:4'
67.2334 	EXP 	cross: autoDraw = True
67.2334 	EXP 	feedback_text: autoDraw = True
67.7335 	EXP 	cross: autoDraw = False
68.2332 	EXP 	feedback_text: autoDraw = False
68.2332 	EXP 	cross: autoDraw = False
68.2332 	EXP 	feedback_text: autoDraw = False
68.2332 	EXP 	text_2: autoDraw = True
68.9171 	EXP 	New trial (rep=0, index=10): OrderedDict([('orientation_index', 2), ('orientation_degrees', 180), ('correct_answer_index', 2), ('correct_answer_direction', 2), ('arrow_color', 'red')])
68.9331 	EXP 	text_2: autoDraw = False
68.9331 	EXP 	text_2: autoDraw = False
68.9331 	EXP 	arrowhead: fillColor = <psychopy.colors.Color: red, alpha=1.0>
68.9331 	EXP 	arrowhead: ori = 180.0
68.9331 	EXP 	arrowhead: borderColor = <psychopy.colors.Color: none, alpha=0.0>
68.9331 	EXP 	arrowhead: autoDraw = True
69.1333 	EXP 	arrowhead: autoDraw = False
69.7897 	DATA 	Keypress: 2
69.7999 	EXP 	arrowhead: autoDraw = False
69.7999 	EXP 	feedback_text: height = 3.0
69.7999 	EXP 	feedback_text: height = 3.0
69.7999 	EXP 	feedback_text: height = 3.0
69.7999 	EXP 	feedback_text: text = 'correct: response: 2  correct key: 2'
69.7999 	EXP 	cross: autoDraw = True
69.7999 	EXP 	feedback_text: autoDraw = True
70.3001 	EXP 	cross: autoDraw = False
70.7997 	EXP 	feedback_text: autoDraw = False
70.7997 	EXP 	cross: autoDraw = False
70.7997 	EXP 	feedback_text: autoDraw = False
70.7997 	EXP 	text_2: autoDraw = True
71.4834 	EXP 	New trial (rep=0, index=11): OrderedDict([('orientation_index', 2), ('orientation_degrees', 180), ('correct_answer_index', 2), ('correct_answer_direction', 2), ('arrow_color', 'red')])
71.4997 	EXP 	text_2: autoDraw = False
71.4997 	EXP 	text_2: autoDraw = False
71.4997 	EXP 	arrowhead: fillColor = <psychopy.colors.Color: red, alpha=1.0>
71.4997 	EXP 	arrowhead: ori = 180.0
71.4997 	EXP 	arrowhead: borderColor = <psychopy.colors.Color: none, alpha=0.0>
71.4997 	EXP 	arrowhead: autoDraw = True
71.6999 	EXP 	arrowhead: autoDraw = False
72.0358 	DATA 	Keypress: 2
72.0498 	EXP 	arrowhead: autoDraw = False
72.0498 	EXP 	feedback_text: text = 'correct: response: 2  correct key: 2'
72.0498 	EXP 	cross: autoDraw = True
72.0498 	EXP 	feedback_text: autoDraw = True
72.5497 	EXP 	cross: autoDraw = False
73.0497 	EXP 	feedback_text: autoDraw = False
73.0497 	EXP 	cross: autoDraw = False
73.0497 	EXP 	feedback_text: autoDraw = False
73.0497 	EXP 	text_2: autoDraw = True
73.7334 	EXP 	New trial (rep=0, index=12): OrderedDict([('orientation_index', 0), ('orientation_degrees', 0), ('correct_answer_index', 0), ('correct_answer_direction', 4), ('arrow_color', 'red')])
73.7496 	EXP 	text_2: autoDraw = False
73.7496 	EXP 	text_2: autoDraw = False
73.7496 	EXP 	arrowhead: fillColor = <psychopy.colors.Color: red, alpha=1.0>
73.7496 	EXP 	arrowhead: ori = 0.0
73.7496 	EXP 	arrowhead: borderColor = <psychopy.colors.Color: none, alpha=0.0>
73.7496 	EXP 	arrowhead: autoDraw = True
73.9497 	EXP 	arrowhead: autoDraw = False
74.0893 	DATA 	Keypress: 2
74.0999 	EXP 	arrowhead: autoDraw = False
74.0999 	EXP 	feedback_text: height = 3.0
74.0999 	EXP 	feedback_text: height = 3.0
74.0999 	EXP 	feedback_text: height = 3.0
74.0999 	EXP 	feedback_text: text = 'wrong: response: 2 correct key:4'
74.0999 	EXP 	cross: autoDraw = True
74.0999 	EXP 	feedback_text: autoDraw = True
74.5997 	EXP 	cross: autoDraw = False
75.0996 	EXP 	feedback_text: autoDraw = False
75.0996 	EXP 	cross: autoDraw = False
75.0996 	EXP 	feedback_text: autoDraw = False
75.0996 	EXP 	text_2: autoDraw = True
75.7838 	EXP 	New trial (rep=0, index=13): OrderedDict([('orientation_index', 2), ('orientation_degrees', 180), ('correct_answer_index', 2), ('correct_answer_direction', 2), ('arrow_color', 'red')])
75.7997 	EXP 	text_2: autoDraw = False
75.7997 	EXP 	text_2: autoDraw = False
75.7997 	EXP 	arrowhead: fillColor = <psychopy.colors.Color: red, alpha=1.0>
75.7997 	EXP 	arrowhead: ori = 180.0
75.7997 	EXP 	arrowhead: borderColor = <psychopy.colors.Color: none, alpha=0.0>
75.7997 	EXP 	arrowhead: autoDraw = True
75.9995 	EXP 	arrowhead: autoDraw = False
76.3176 	DATA 	Keypress: escape
76.5504 	EXP 	ASRT_percept: status = STOPPED
76.5664 	EXP 	ASRT_percept: status = STOPPED
76.6942 	EXP 	window1: mouseVisible = True
