14.3240 	WARNING 	User requested fullscreen with size [1280  720], but screen is actually [2560, 1600]. Using actual size
16.1205 	EXP 	Created window1 = Window(allowGUI=True, allowStencil=False, autoLog=True, backendConf=UNKNOWN, backgroundFit=<method-wrapper '__getattribute__' of attributeSetter object at 0x0000016A83D61CD0>, backgroundImage=<method-wrapper '__getattribute__' of attributeSetter object at 0x0000016A83D61C70>, bitsMode=UNKNOWN, blendMode='avg', bpc=(8, 8, 8), color=array([0, 0, 0]), colorSpace='rgb', depthBits=8, fullscr=<method-wrapper '__getattribute__' of attributeSetter object at 0x0000016A83D61AF0>, gamma=None, gammaErrorPolicy='raise', lms=UNKNOWN, monitor=<psychopy.monitors.calibTools.Monitor object at 0x0000016A841FFA30>, multiSample=False, name='window1', numSamples=2, pos=(0, 0), screen=0, size=array([2560, 1600]), stencilBits=0, stereo=False, title='PsychoPy', units='deg', useFBO=True, useRetina=False, viewOri=0.0, viewPos=None, viewScale=None, waitBlanking=True, winType='pyglet')
16.1207 	EXP 	window1: mouseVisible = True
16.1207 	EXP 	window1: backgroundImage = ''
16.1207 	EXP 	window1: backgroundFit = 'none'
16.1236 	EXP 	window1: Attempting to measure frame rate of screen (0) ...
16.1236 	EXP 	window1: recordFrameIntervals = False
16.2870 	EXP 	window1: recordFrameIntervals = True
16.4700 	EXP 	Screen (0) actual frame rate measured at 59.98Hz
16.4700 	EXP 	window1: recordFrameIntervals = False
16.4702 	EXP 	window1: mouseVisible = False
18.1741 	EXP 	ASRT_percept: status = STARTED
18.1744 	EXP 	window1: mouseVisible = True
18.3149 	EXP 	Created spaceship = ImageStim(__class__=<class 'psychopy.visual.image.ImageStim'>, anchor=('center', 'center'), autoLog=True, color=array([1., 1., 1.]), colorSpace='rgb', contrast=1.0, depth=0.0, draggable=False, flipHoriz=False, flipVert=False, image='images/spaceship.jpg', interpolate=True, mask=None, maskParams=None, name='spaceship', opacity=0.3, ori=0.0, pos=array([0., 0.]), size=array([128.,  64.]), texRes=128.0, units='deg', win=Window(...))
18.3152 	EXP 	window1: mouseVisible = True
18.4062 	EXP 	Created welcometext = TextStim(__class__=<class 'psychopy.visual.text.TextStim'>, alignHoriz=method-wrapper(...), alignText='center', alignVert=method-wrapper(...), anchorHoriz='center', anchorVert='center', antialias=True, autoDraw=False, autoLog=True, bold=False, color=array([-1.,  1.,  1.]), colorSpace='rgb', contrast=1.0, depth=-1.0, draggable=False, flipHoriz=False, flipVert=False, font='DFKai-SB', fontFiles=[], height=2.0, italic=False, languageStyle='LTR', name='welcometext', opacity=1.0, ori=0.0, pos=array([0., 0.]), rgb=UNKNOWN, text=str(...), units='deg', win=Window(...), wrapWidth=30.0)
23.5089 	EXP 	window1: mouseVisible = True
23.5130 	EXP 	Created arrowhead = ShapeStim(__class__=<class 'psychopy.visual.shape.ShapeStim'>, anchor=('center', 'center'), autoDraw=False, autoLog=True, closeShape=True, color=method-wrapper(...), colorSpace='rgb', contrast=None, depth=0.0, draggable=False, fillColor=array([1, 1, 1]), fillColorSpace='rgb', fillRGB=array([1, 1, 1]), interpolate=True, lineColor=array([0., 0., 0.]), lineColorSpace='rgb', lineRGB=array([0, 0, 0]), lineWidth=1.0, name='arrowhead', opacity=0.25, ori=1.0, pos=array([0., 0.]), size=array([3., 3.]), units='deg', vertices=ndarray(...), win=Window(...), windingRule=None)
23.5132 	EXP 	window1: mouseVisible = True
23.5154 	EXP 	Created cross = ShapeStim(__class__=<class 'psychopy.visual.shape.ShapeStim'>, anchor=('center', 'center'), autoDraw=False, autoLog=True, closeShape=True, color=method-wrapper(...), colorSpace='rgb', contrast=None, depth=0.0, draggable=False, fillColor=array([-1, -1, -1]), fillColorSpace='rgb', fillRGB=array([-1, -1, -1]), interpolate=True, lineColor=array([-1., -1., -1.]), lineColorSpace='rgb', lineRGB=array([-1, -1, -1]), lineWidth=1.0, name='cross', opacity=1.0, ori=0.0, pos=array([0., 0.]), size=array([2., 2.]), units='deg', vertices=ndarray(...), win=Window(...), windingRule=None)
23.5155 	EXP 	window1: mouseVisible = True
23.5174 	EXP 	Created feedback_text = TextStim(__class__=<class 'psychopy.visual.text.TextStim'>, alignHoriz=method-wrapper(...), alignText='center', alignVert=method-wrapper(...), anchorHoriz='center', anchorVert='center', antialias=True, autoDraw=False, autoLog=True, bold=False, color=array([1., 1., 1.]), colorSpace='rgb', contrast=1.0, depth=-2.0, draggable=False, flipHoriz=False, flipVert=False, font='DFSB-Kai', fontFiles=[], height=3.0, italic=False, languageStyle='LTR', name='feedback_text', opacity=1.0, ori=0.0, pos=array([ 0., -8.]), rgb=UNKNOWN, text='', units='deg', win=Window(...), wrapWidth=15.0)
23.5175 	EXP 	window1: mouseVisible = True
23.5204 	EXP 	Created text_2 = TextStim(__class__=<class 'psychopy.visual.text.TextStim'>, alignHoriz=method-wrapper(...), alignText='center', alignVert=method-wrapper(...), anchorHoriz='center', anchorVert='center', antialias=True, autoDraw=False, autoLog=True, bold=False, color=array([1., 1., 1.]), colorSpace='rgb', contrast=1.0, depth=0.0, draggable=False, flipHoriz=False, flipVert=False, font='Open Sans', fontFiles=[], height=0.05, italic=False, languageStyle='LTR', name='text_2', opacity=1.0, ori=0.0, pos=array([0., 0.]), rgb=UNKNOWN, text='', units='deg', win=Window(...), wrapWidth=15.0)
23.5205 	EXP 	window1: mouseVisible = True
23.5217 	EXP 	Created feedback_post_section = TextStim(__class__=<class 'psychopy.visual.text.TextStim'>, alignHoriz=method-wrapper(...), alignText='center', alignVert=method-wrapper(...), anchorHoriz='center', anchorVert='center', antialias=True, autoDraw=False, autoLog=True, bold=False, color=array([1., 1., 1.]), colorSpace='rgb', contrast=1.0, depth=-1.0, draggable=False, flipHoriz=False, flipVert=False, font='DFKai-SB', fontFiles=[], height=2.0, italic=False, languageStyle='LTR', name='feedback_post_section', opacity=1.0, ori=0.0, pos=array([0., 0.]), rgb=UNKNOWN, text='', units='deg', win=Window(...), wrapWidth=15.0)
23.5218 	EXP 	window1: mouseVisible = True
23.6710 	EXP 	Created spaceship_rotated = ImageStim(__class__=<class 'psychopy.visual.image.ImageStim'>, anchor=('center', 'center'), autoLog=True, color=array([1., 1., 1.]), colorSpace='rgb', contrast=1.0, depth=0.0, draggable=False, flipHoriz=False, flipVert=True, image='images/spaceship.jpg', interpolate=True, mask=None, maskParams=None, name='spaceship_rotated', opacity=0.3, ori=-45.0, pos=array([0., 0.]), size=array([128.,  64.]), texRes=128.0, units='deg', win=Window(...))
23.6711 	EXP 	window1: mouseVisible = True
23.7691 	EXP 	Created rotation_instruction = TextStim(__class__=<class 'psychopy.visual.text.TextStim'>, alignHoriz=method-wrapper(...), alignText='center', alignVert=method-wrapper(...), anchorHoriz='center', anchorVert='center', antialias=True, autoDraw=False, autoLog=True, bold=False, color=array([-1.,  1.,  1.]), colorSpace='rgb', contrast=1.0, depth=-1.0, draggable=False, flipHoriz=False, flipVert=False, font='DFKai-SB', fontFiles=[], height=2.0, italic=False, languageStyle='LTR', name='rotation_instruction', opacity=1.0, ori=0.0, pos=array([0., 0.]), rgb=UNKNOWN, text=str(...), units='deg', win=Window(...), wrapWidth=30.0)
23.7694 	EXP 	window1: mouseVisible = True
23.7739 	EXP 	Created arrowhead = ShapeStim(__class__=<class 'psychopy.visual.shape.ShapeStim'>, anchor=('center', 'center'), autoDraw=False, autoLog=True, closeShape=True, color=method-wrapper(...), colorSpace='rgb', contrast=None, depth=0.0, draggable=False, fillColor=array([1, 1, 1]), fillColorSpace='rgb', fillRGB=array([1, 1, 1]), interpolate=True, lineColor=array([0., 0., 0.]), lineColorSpace='rgb', lineRGB=array([0, 0, 0]), lineWidth=1.0, name='arrowhead', opacity=0.25, ori=1.0, pos=array([0., 0.]), size=array([3., 3.]), units='deg', vertices=ndarray(...), win=Window(...), windingRule=None)
23.7742 	EXP 	window1: mouseVisible = True
23.7787 	EXP 	Created cross = ShapeStim(__class__=<class 'psychopy.visual.shape.ShapeStim'>, anchor=('center', 'center'), autoDraw=False, autoLog=True, closeShape=True, color=method-wrapper(...), colorSpace='rgb', contrast=None, depth=0.0, draggable=False, fillColor=array([-1, -1, -1]), fillColorSpace='rgb', fillRGB=array([-1, -1, -1]), interpolate=True, lineColor=array([-1., -1., -1.]), lineColorSpace='rgb', lineRGB=array([-1, -1, -1]), lineWidth=1.0, name='cross', opacity=1.0, ori=0.0, pos=array([0., 0.]), size=array([2., 2.]), units='deg', vertices=ndarray(...), win=Window(...), windingRule=None)
23.7789 	EXP 	window1: mouseVisible = True
23.7809 	EXP 	Created feedback_text = TextStim(__class__=<class 'psychopy.visual.text.TextStim'>, alignHoriz=method-wrapper(...), alignText='center', alignVert=method-wrapper(...), anchorHoriz='center', anchorVert='center', antialias=True, autoDraw=False, autoLog=True, bold=False, color=array([1., 1., 1.]), colorSpace='rgb', contrast=1.0, depth=-2.0, draggable=False, flipHoriz=False, flipVert=False, font='DFSB-Kai', fontFiles=[], height=3.0, italic=False, languageStyle='LTR', name='feedback_text', opacity=1.0, ori=0.0, pos=array([ 0., -8.]), rgb=UNKNOWN, text='', units='deg', win=Window(...), wrapWidth=15.0)
23.7810 	EXP 	window1: mouseVisible = True
23.7837 	EXP 	Created text_2 = TextStim(__class__=<class 'psychopy.visual.text.TextStim'>, alignHoriz=method-wrapper(...), alignText='center', alignVert=method-wrapper(...), anchorHoriz='center', anchorVert='center', antialias=True, autoDraw=False, autoLog=True, bold=False, color=array([1., 1., 1.]), colorSpace='rgb', contrast=1.0, depth=0.0, draggable=False, flipHoriz=False, flipVert=False, font='Open Sans', fontFiles=[], height=0.05, italic=False, languageStyle='LTR', name='text_2', opacity=1.0, ori=0.0, pos=array([0., 0.]), rgb=UNKNOWN, text='', units='deg', win=Window(...), wrapWidth=15.0)
23.7839 	EXP 	window1: mouseVisible = True
23.7857 	EXP 	Created feedback_post_section = TextStim(__class__=<class 'psychopy.visual.text.TextStim'>, alignHoriz=method-wrapper(...), alignText='center', alignVert=method-wrapper(...), anchorHoriz='center', anchorVert='center', antialias=True, autoDraw=False, autoLog=True, bold=False, color=array([1., 1., 1.]), colorSpace='rgb', contrast=1.0, depth=-1.0, draggable=False, flipHoriz=False, flipVert=False, font='DFKai-SB', fontFiles=[], height=2.0, italic=False, languageStyle='LTR', name='feedback_post_section', opacity=1.0, ori=0.0, pos=array([0., 0.]), rgb=UNKNOWN, text='', units='deg', win=Window(...), wrapWidth=15.0)
23.7858 	EXP 	window1: mouseVisible = True
23.9352 	EXP 	Created spaceship_rotated01 = ImageStim(__class__=<class 'psychopy.visual.image.ImageStim'>, anchor=('center', 'center'), autoLog=True, color=array([1., 1., 1.]), colorSpace='rgb', contrast=1.0, depth=0.0, draggable=False, flipHoriz=False, flipVert=True, image='images/spaceship.jpg', interpolate=True, mask=None, maskParams=None, name='spaceship_rotated01', opacity=0.3, ori=-45.0, pos=array([0., 0.]), size=array([128.,  64.]), texRes=128.0, units='deg', win=Window(...))
23.9354 	EXP 	window1: mouseVisible = True
24.0570 	EXP 	Created rotation_instruction01 = TextStim(__class__=<class 'psychopy.visual.text.TextStim'>, alignHoriz=method-wrapper(...), alignText='center', alignVert=method-wrapper(...), anchorHoriz='center', anchorVert='center', antialias=True, autoDraw=False, autoLog=True, bold=False, color=array([-1.,  1.,  1.]), colorSpace='rgb', contrast=1.0, depth=-1.0, draggable=False, flipHoriz=False, flipVert=False, font='DFKai-SB', fontFiles=[], height=2.0, italic=False, languageStyle='LTR', name='rotation_instruction01', opacity=1.0, ori=0.0, pos=array([0., 0.]), rgb=UNKNOWN, text=str(...), units='deg', win=Window(...), wrapWidth=100.0)
24.0572 	EXP 	window1: mouseVisible = True
24.0602 	EXP 	Created arrowhead = ShapeStim(__class__=<class 'psychopy.visual.shape.ShapeStim'>, anchor=('center', 'center'), autoDraw=False, autoLog=True, closeShape=True, color=method-wrapper(...), colorSpace='rgb', contrast=None, depth=0.0, draggable=False, fillColor=array([1, 1, 1]), fillColorSpace='rgb', fillRGB=array([1, 1, 1]), interpolate=True, lineColor=array([0., 0., 0.]), lineColorSpace='rgb', lineRGB=array([0, 0, 0]), lineWidth=1.0, name='arrowhead', opacity=0.25, ori=1.0, pos=array([0., 0.]), size=array([3., 3.]), units='deg', vertices=ndarray(...), win=Window(...), windingRule=None)
24.0604 	EXP 	window1: mouseVisible = True
24.0634 	EXP 	Created cross = ShapeStim(__class__=<class 'psychopy.visual.shape.ShapeStim'>, anchor=('center', 'center'), autoDraw=False, autoLog=True, closeShape=True, color=method-wrapper(...), colorSpace='rgb', contrast=None, depth=0.0, draggable=False, fillColor=array([-1, -1, -1]), fillColorSpace='rgb', fillRGB=array([-1, -1, -1]), interpolate=True, lineColor=array([-1., -1., -1.]), lineColorSpace='rgb', lineRGB=array([-1, -1, -1]), lineWidth=1.0, name='cross', opacity=1.0, ori=0.0, pos=array([0., 0.]), size=array([2., 2.]), units='deg', vertices=ndarray(...), win=Window(...), windingRule=None)
24.0635 	EXP 	window1: mouseVisible = True
24.0652 	EXP 	Created feedback_text = TextStim(__class__=<class 'psychopy.visual.text.TextStim'>, alignHoriz=method-wrapper(...), alignText='center', alignVert=method-wrapper(...), anchorHoriz='center', anchorVert='center', antialias=True, autoDraw=False, autoLog=True, bold=False, color=array([1., 1., 1.]), colorSpace='rgb', contrast=1.0, depth=-2.0, draggable=False, flipHoriz=False, flipVert=False, font='DFSB-Kai', fontFiles=[], height=3.0, italic=False, languageStyle='LTR', name='feedback_text', opacity=1.0, ori=0.0, pos=array([ 0., -8.]), rgb=UNKNOWN, text='', units='deg', win=Window(...), wrapWidth=15.0)
24.0654 	EXP 	window1: mouseVisible = True
24.0676 	EXP 	Created text_2 = TextStim(__class__=<class 'psychopy.visual.text.TextStim'>, alignHoriz=method-wrapper(...), alignText='center', alignVert=method-wrapper(...), anchorHoriz='center', anchorVert='center', antialias=True, autoDraw=False, autoLog=True, bold=False, color=array([1., 1., 1.]), colorSpace='rgb', contrast=1.0, depth=0.0, draggable=False, flipHoriz=False, flipVert=False, font='Open Sans', fontFiles=[], height=0.05, italic=False, languageStyle='LTR', name='text_2', opacity=1.0, ori=0.0, pos=array([0., 0.]), rgb=UNKNOWN, text='', units='deg', win=Window(...), wrapWidth=15.0)
24.0678 	EXP 	window1: mouseVisible = True
24.1133 	EXP 	Created seqreport_instruction_text = TextStim(__class__=<class 'psychopy.visual.text.TextStim'>, alignHoriz=method-wrapper(...), alignText='center', alignVert=method-wrapper(...), anchorHoriz='center', anchorVert='center', antialias=True, autoDraw=False, autoLog=True, bold=False, color=array([ 1.,  1., -1.]), colorSpace='rgb', contrast=1.0, depth=0.0, draggable=False, flipHoriz=False, flipVert=False, font='DFKai-SB', fontFiles=[], height=3.0, italic=False, languageStyle='LTR', name='seqreport_instruction_text', opacity=1.0, ori=0.0, pos=array([-15.,   6.]), rgb=UNKNOWN, text='請依時間順序按出白色箭頭方向\n請按空白鍵繼續…', units='deg', win=Window(...), wrapWidth=20.0)
24.1136 	EXP 	window1: mouseVisible = True
24.1163 	EXP 	Created arrow_report = ShapeStim(__class__=<class 'psychopy.visual.shape.ShapeStim'>, anchor=('center', 'center'), autoDraw=False, autoLog=True, closeShape=True, color=method-wrapper(...), colorSpace='rgb', contrast=None, depth=0.0, draggable=False, fillColor=array([1, 1, 1]), fillColorSpace='rgb', fillRGB=array([1, 1, 1]), interpolate=True, lineColor=array([1., 1., 1.]), lineColorSpace='rgb', lineRGB=array([1, 1, 1]), lineWidth=1.0, name='arrow_report', opacity=1.0, ori=1.0, pos=array([0., 0.]), size=array([3., 3.]), units='deg', vertices=ndarray(...), win=Window(...), windingRule=None)
24.1165 	EXP 	window1: mouseVisible = True
24.1181 	EXP 	Created feedback_post_section = TextStim(__class__=<class 'psychopy.visual.text.TextStim'>, alignHoriz=method-wrapper(...), alignText='center', alignVert=method-wrapper(...), anchorHoriz='center', anchorVert='center', antialias=True, autoDraw=False, autoLog=True, bold=False, color=array([1., 1., 1.]), colorSpace='rgb', contrast=1.0, depth=-1.0, draggable=False, flipHoriz=False, flipVert=False, font='DFKai-SB', fontFiles=[], height=2.0, italic=False, languageStyle='LTR', name='feedback_post_section', opacity=1.0, ori=0.0, pos=array([0., 0.]), rgb=UNKNOWN, text='', units='deg', win=Window(...), wrapWidth=15.0)
24.1183 	EXP 	window1: mouseVisible = True
24.2606 	EXP 	Created spaceship3 = ImageStim(__class__=<class 'psychopy.visual.image.ImageStim'>, anchor=('center', 'center'), autoLog=True, color=array([1., 1., 1.]), colorSpace='rgb', contrast=1.0, depth=0.0, draggable=False, flipHoriz=False, flipVert=False, image='images/spaceship.jpg', interpolate=True, mask=None, maskParams=None, name='spaceship3', opacity=0.3, ori=0.0, pos=array([0., 0.]), size=array([128.,  64.]), texRes=128.0, units='deg', win=Window(...))
24.2608 	EXP 	window1: mouseVisible = True
24.3039 	EXP 	Created motor_testing_instruction_text = TextStim(__class__=<class 'psychopy.visual.text.TextStim'>, alignHoriz=method-wrapper(...), alignText='center', alignVert=method-wrapper(...), anchorHoriz='center', anchorVert='center', antialias=True, autoDraw=False, autoLog=True, bold=False, color=array([-1.,  1.,  1.]), colorSpace='rgb', contrast=1.0, depth=-1.0, draggable=False, flipHoriz=False, flipVert=False, font='DFKai-SB', fontFiles=[], height=2.0, italic=False, languageStyle='LTR', name='motor_testing_instruction_text', opacity=0.3, ori=0.0, pos=array([0., 0.]), rgb=UNKNOWN, text=str(...), units='deg', win=Window(...), wrapWidth=30.0)
24.3041 	EXP 	window1: mouseVisible = True
24.3065 	EXP 	Created arrowhead = ShapeStim(__class__=<class 'psychopy.visual.shape.ShapeStim'>, anchor=('center', 'center'), autoDraw=False, autoLog=True, closeShape=True, color=method-wrapper(...), colorSpace='rgb', contrast=None, depth=0.0, draggable=False, fillColor=array([1, 1, 1]), fillColorSpace='rgb', fillRGB=array([1, 1, 1]), interpolate=True, lineColor=array([0., 0., 0.]), lineColorSpace='rgb', lineRGB=array([0, 0, 0]), lineWidth=1.0, name='arrowhead', opacity=0.25, ori=1.0, pos=array([0., 0.]), size=array([3., 3.]), units='deg', vertices=ndarray(...), win=Window(...), windingRule=None)
24.3067 	EXP 	window1: mouseVisible = True
24.3090 	EXP 	Created cross_2 = ShapeStim(__class__=<class 'psychopy.visual.shape.ShapeStim'>, anchor=('center', 'center'), autoDraw=False, autoLog=True, closeShape=True, color=method-wrapper(...), colorSpace='rgb', contrast=None, depth=0.0, draggable=False, fillColor=array([-1, -1, -1]), fillColorSpace='rgb', fillRGB=array([-1, -1, -1]), interpolate=True, lineColor=array([-1., -1., -1.]), lineColorSpace='rgb', lineRGB=array([-1, -1, -1]), lineWidth=1.0, name='cross_2', opacity=1.0, ori=0.0, pos=array([0., 0.]), size=array([2., 2.]), units='deg', vertices=ndarray(...), win=Window(...), windingRule=None)
24.3092 	EXP 	window1: mouseVisible = True
24.3111 	EXP 	Created text_2 = TextStim(__class__=<class 'psychopy.visual.text.TextStim'>, alignHoriz=method-wrapper(...), alignText='center', alignVert=method-wrapper(...), anchorHoriz='center', anchorVert='center', antialias=True, autoDraw=False, autoLog=True, bold=False, color=array([1., 1., 1.]), colorSpace='rgb', contrast=1.0, depth=0.0, draggable=False, flipHoriz=False, flipVert=False, font='Open Sans', fontFiles=[], height=0.05, italic=False, languageStyle='LTR', name='text_2', opacity=1.0, ori=0.0, pos=array([0., 0.]), rgb=UNKNOWN, text='', units='deg', win=Window(...), wrapWidth=15.0)
24.3112 	EXP 	window1: mouseVisible = True
24.3125 	EXP 	Created feedback_post_section = TextStim(__class__=<class 'psychopy.visual.text.TextStim'>, alignHoriz=method-wrapper(...), alignText='center', alignVert=method-wrapper(...), anchorHoriz='center', anchorVert='center', antialias=True, autoDraw=False, autoLog=True, bold=False, color=array([1., 1., 1.]), colorSpace='rgb', contrast=1.0, depth=-1.0, draggable=False, flipHoriz=False, flipVert=False, font='DFKai-SB', fontFiles=[], height=2.0, italic=False, languageStyle='LTR', name='feedback_post_section', opacity=1.0, ori=0.0, pos=array([0., 0.]), rgb=UNKNOWN, text='', units='deg', win=Window(...), wrapWidth=15.0)
24.3127 	EXP 	window1: mouseVisible = True
24.3516 	EXP 	Created text = TextStim(__class__=<class 'psychopy.visual.text.TextStim'>, alignHoriz=method-wrapper(...), alignText='center', alignVert=method-wrapper(...), anchorHoriz='center', anchorVert='center', antialias=True, autoDraw=False, autoLog=True, bold=False, color=array([-1.,  1.,  1.]), colorSpace='rgb', contrast=1.0, depth=0.0, draggable=False, flipHoriz=False, flipVert=False, font='DFKai-SB', fontFiles=[], height=3.0, italic=False, languageStyle='LTR', name='text', opacity=1.0, ori=0.0, pos=array([0., 0.]), rgb=UNKNOWN, text='實驗已完成，謝謝您的參與！\n請等待實驗者的進一步導引。', units='deg', win=Window(...), wrapWidth=30.0)
0.0682 	EXP 	spaceship: autoDraw = True
0.0682 	EXP 	welcometext: autoDraw = True
2.6231 	DATA 	Keypress: space
2.6509 	EXP 	Imported sequences/init_random_sequence_file_list.xlsx as conditions, 1 conditions, 1 params
2.6516 	EXP 	Created sequence: sequential, trialTypes=1, nReps=0, seed=None
2.6628 	EXP 	spaceship: autoDraw = False
2.6628 	EXP 	welcometext: autoDraw = False
2.6628 	EXP 	spaceship_rotated: autoDraw = True
2.6628 	EXP 	rotation_instruction: autoDraw = True
3.4327 	EXP 	Imported sequences/practice_sequence_file_list.xlsx as conditions, 5 conditions, 1 params
3.4330 	EXP 	Created sequence: sequential, trialTypes=5, nReps=0, seed=None
3.4491 	DATA 	Keypress: space
3.4531 	EXP 	spaceship_rotated: autoDraw = False
3.4531 	EXP 	rotation_instruction: autoDraw = False
3.4531 	EXP 	spaceship_rotated01: autoDraw = True
3.4531 	EXP 	rotation_instruction01: autoDraw = True
6.0146 	EXP 	Imported sequences/learning_sequence_file_list.xlsx as conditions, 20 conditions, 1 params
6.0152 	EXP 	Created sequence: sequential, trialTypes=20, nReps=0, seed=None
6.0184 	DATA 	Keypress: space
6.0228 	EXP 	spaceship_rotated01: autoDraw = False
6.0228 	EXP 	rotation_instruction01: autoDraw = False
6.0228 	EXP 	spaceship3: autoDraw = True
6.0228 	EXP 	motor_testing_instruction_text: autoDraw = True
10.7008 	EXP 	Imported sequences/motor_testing_sequence_file_list.xlsx as conditions, 5 conditions, 1 params
10.7011 	EXP 	Created sequence: sequential, trialTypes=5, nReps=1, seed=None
10.7012 	EXP 	New trial (rep=0, index=0): {'motor_testing_seq_files': 'sequences/695234_motortesting_sequence_00.csv'}
10.7254 	EXP 	Imported sequences/695234_motortesting_sequence_00.csv as conditions, 85 conditions, 5 params
10.7257 	EXP 	Created sequence: sequential, trialTypes=85, nReps=1, seed=None
10.7259 	EXP 	New trial (rep=0, index=0): OrderedDict([('orientation_degrees', 180), ('orientation_index', 2), ('correct_answer_index', 2), ('correct_answer_direction', 2), ('arrow_color', 'red')])
10.7286 	DATA 	Keypress: space
10.7304 	EXP 	spaceship3: autoDraw = False
10.7304 	EXP 	motor_testing_instruction_text: autoDraw = False
10.7304 	EXP 	arrowhead: fillColor = <psychopy.colors.Color: red, alpha=1.0>
10.7304 	EXP 	arrowhead: ori = 180.0
10.7304 	EXP 	arrowhead: borderColor = <psychopy.colors.Color: none, alpha=0.0>
10.7304 	EXP 	arrowhead: autoDraw = True
10.9337 	EXP 	arrowhead: autoDraw = False
11.2337 	EXP 	arrowhead: autoDraw = False
11.2337 	EXP 	cross_2: autoDraw = True
11.3672 	EXP 	cross_2: autoDraw = False
11.3672 	EXP 	cross_2: autoDraw = False
11.3672 	EXP 	text_2: autoDraw = True
12.0353 	DATA 	Keypress: 2
12.0518 	EXP 	New trial (rep=0, index=1): OrderedDict([('orientation_degrees', 180), ('orientation_index', 2), ('correct_answer_index', 2), ('correct_answer_direction', 2), ('arrow_color', 'red')])
12.0674 	EXP 	text_2: autoDraw = False
12.0674 	EXP 	text_2: autoDraw = False
12.0674 	EXP 	arrowhead: fillColor = <psychopy.colors.Color: red, alpha=1.0>
12.0674 	EXP 	arrowhead: ori = 180.0
12.0674 	EXP 	arrowhead: borderColor = <psychopy.colors.Color: none, alpha=0.0>
12.0674 	EXP 	arrowhead: autoDraw = True
12.2673 	EXP 	arrowhead: autoDraw = False
12.5674 	EXP 	arrowhead: autoDraw = False
12.5674 	EXP 	cross_2: autoDraw = True
12.7006 	EXP 	cross_2: autoDraw = False
12.7006 	EXP 	cross_2: autoDraw = False
12.7006 	EXP 	text_2: autoDraw = True
13.0197 	DATA 	Keypress: 2
13.3849 	EXP 	New trial (rep=0, index=2): OrderedDict([('orientation_degrees', 90), ('orientation_index', 1), ('correct_answer_index', 1), ('correct_answer_direction', 3), ('arrow_color', 'red')])
13.4005 	EXP 	text_2: autoDraw = False
13.4005 	EXP 	text_2: autoDraw = False
13.4005 	EXP 	arrowhead: fillColor = <psychopy.colors.Color: red, alpha=1.0>
13.4005 	EXP 	arrowhead: ori = 90.0
13.4005 	EXP 	arrowhead: borderColor = <psychopy.colors.Color: none, alpha=0.0>
13.4005 	EXP 	arrowhead: autoDraw = True
13.6005 	EXP 	arrowhead: autoDraw = False
13.9005 	EXP 	arrowhead: autoDraw = False
13.9005 	EXP 	cross_2: autoDraw = True
14.0336 	EXP 	cross_2: autoDraw = False
14.0336 	EXP 	cross_2: autoDraw = False
14.0336 	EXP 	text_2: autoDraw = True
14.1863 	DATA 	Keypress: 4
14.7186 	EXP 	New trial (rep=0, index=3): OrderedDict([('orientation_degrees', 180), ('orientation_index', 2), ('correct_answer_index', 2), ('correct_answer_direction', 2), ('arrow_color', 'red')])
14.7336 	EXP 	text_2: autoDraw = False
14.7336 	EXP 	text_2: autoDraw = False
14.7336 	EXP 	arrowhead: fillColor = <psychopy.colors.Color: red, alpha=1.0>
14.7336 	EXP 	arrowhead: ori = 180.0
14.7336 	EXP 	arrowhead: borderColor = <psychopy.colors.Color: none, alpha=0.0>
14.7336 	EXP 	arrowhead: autoDraw = True
14.9336 	EXP 	arrowhead: autoDraw = False
15.2334 	EXP 	arrowhead: autoDraw = False
15.2334 	EXP 	cross_2: autoDraw = True
15.3186 	DATA 	Keypress: 2
15.3668 	EXP 	cross_2: autoDraw = False
15.3668 	EXP 	cross_2: autoDraw = False
15.3668 	EXP 	text_2: autoDraw = True
16.0508 	EXP 	New trial (rep=0, index=4): OrderedDict([('orientation_degrees', 270), ('orientation_index', 3), ('correct_answer_index', 3), ('correct_answer_direction', 1), ('arrow_color', 'red')])
16.0669 	EXP 	text_2: autoDraw = False
16.0669 	EXP 	text_2: autoDraw = False
16.0669 	EXP 	arrowhead: fillColor = <psychopy.colors.Color: red, alpha=1.0>
16.0669 	EXP 	arrowhead: ori = 270.0
16.0669 	EXP 	arrowhead: borderColor = <psychopy.colors.Color: none, alpha=0.0>
16.0669 	EXP 	arrowhead: autoDraw = True
16.2668 	EXP 	arrowhead: autoDraw = False
16.5672 	EXP 	arrowhead: autoDraw = False
16.5672 	EXP 	cross_2: autoDraw = True
16.5858 	DATA 	Keypress: 1
16.7002 	EXP 	cross_2: autoDraw = False
16.7002 	EXP 	cross_2: autoDraw = False
16.7002 	EXP 	text_2: autoDraw = True
17.3846 	EXP 	New trial (rep=0, index=5): OrderedDict([('orientation_degrees', 90), ('orientation_index', 1), ('correct_answer_index', 1), ('correct_answer_direction', 3), ('arrow_color', 'white')])
17.4002 	EXP 	text_2: autoDraw = False
17.4002 	EXP 	text_2: autoDraw = False
17.4002 	EXP 	arrowhead: fillColor = <psychopy.colors.Color: white, alpha=1.0>
17.4002 	EXP 	arrowhead: ori = 90.0
17.4002 	EXP 	arrowhead: borderColor = <psychopy.colors.Color: none, alpha=0.0>
17.4002 	EXP 	arrowhead: autoDraw = True
17.6001 	EXP 	arrowhead: autoDraw = False
17.9001 	EXP 	arrowhead: autoDraw = False
17.9001 	EXP 	cross_2: autoDraw = True
17.9017 	DATA 	Keypress: 3
18.0335 	EXP 	cross_2: autoDraw = False
18.0335 	EXP 	cross_2: autoDraw = False
18.0335 	EXP 	text_2: autoDraw = True
18.7179 	EXP 	New trial (rep=0, index=6): OrderedDict([('orientation_degrees', 180), ('orientation_index', 2), ('correct_answer_index', 2), ('correct_answer_direction', 2), ('arrow_color', 'red')])
18.7334 	EXP 	text_2: autoDraw = False
18.7334 	EXP 	text_2: autoDraw = False
18.7334 	EXP 	arrowhead: fillColor = <psychopy.colors.Color: red, alpha=1.0>
18.7334 	EXP 	arrowhead: ori = 180.0
18.7334 	EXP 	arrowhead: borderColor = <psychopy.colors.Color: none, alpha=0.0>
18.7334 	EXP 	arrowhead: autoDraw = True
18.9333 	EXP 	arrowhead: autoDraw = False
19.2023 	DATA 	Keypress: 2
19.2169 	EXP 	arrowhead: autoDraw = False
19.2169 	EXP 	cross_2: autoDraw = True
19.3499 	EXP 	cross_2: autoDraw = False
19.3499 	EXP 	cross_2: autoDraw = False
19.3499 	EXP 	text_2: autoDraw = True
20.0345 	EXP 	New trial (rep=0, index=7): OrderedDict([('orientation_degrees', 180), ('orientation_index', 2), ('correct_answer_index', 2), ('correct_answer_direction', 2), ('arrow_color', 'white')])
20.0500 	EXP 	text_2: autoDraw = False
20.0500 	EXP 	text_2: autoDraw = False
20.0500 	EXP 	arrowhead: fillColor = <psychopy.colors.Color: white, alpha=1.0>
20.0500 	EXP 	arrowhead: ori = 180.0
20.0500 	EXP 	arrowhead: borderColor = <psychopy.colors.Color: none, alpha=0.0>
20.0500 	EXP 	arrowhead: autoDraw = True
20.2500 	EXP 	arrowhead: autoDraw = False
20.3692 	DATA 	Keypress: 2
20.3833 	EXP 	arrowhead: autoDraw = False
20.3833 	EXP 	cross_2: autoDraw = True
20.5168 	EXP 	cross_2: autoDraw = False
20.5168 	EXP 	cross_2: autoDraw = False
20.5168 	EXP 	text_2: autoDraw = True
21.2005 	EXP 	New trial (rep=0, index=8): OrderedDict([('orientation_degrees', 0), ('orientation_index', 0), ('correct_answer_index', 0), ('correct_answer_direction', 4), ('arrow_color', 'red')])
21.2167 	EXP 	text_2: autoDraw = False
21.2167 	EXP 	text_2: autoDraw = False
21.2167 	EXP 	arrowhead: fillColor = <psychopy.colors.Color: red, alpha=1.0>
21.2167 	EXP 	arrowhead: ori = 0.0
21.2167 	EXP 	arrowhead: borderColor = <psychopy.colors.Color: none, alpha=0.0>
21.2167 	EXP 	arrowhead: autoDraw = True
21.4166 	EXP 	arrowhead: autoDraw = False
21.7167 	EXP 	arrowhead: autoDraw = False
21.7167 	EXP 	cross_2: autoDraw = True
21.8500 	EXP 	cross_2: autoDraw = False
21.8500 	EXP 	cross_2: autoDraw = False
21.8500 	EXP 	text_2: autoDraw = True
21.9345 	DATA 	Keypress: 3
21.9512 	DATA 	Keypress: 4
22.5342 	EXP 	New trial (rep=0, index=9): OrderedDict([('orientation_degrees', 270), ('orientation_index', 3), ('correct_answer_index', 3), ('correct_answer_direction', 1), ('arrow_color', 'white')])
22.5500 	EXP 	text_2: autoDraw = False
22.5500 	EXP 	text_2: autoDraw = False
22.5500 	EXP 	arrowhead: fillColor = <psychopy.colors.Color: white, alpha=1.0>
22.5500 	EXP 	arrowhead: ori = 270.0
22.5500 	EXP 	arrowhead: borderColor = <psychopy.colors.Color: none, alpha=0.0>
22.5500 	EXP 	arrowhead: autoDraw = True
22.7498 	EXP 	arrowhead: autoDraw = False
23.0350 	DATA 	Keypress: 1
23.0499 	EXP 	arrowhead: autoDraw = False
23.0499 	EXP 	cross_2: autoDraw = True
23.1831 	EXP 	cross_2: autoDraw = False
23.1831 	EXP 	cross_2: autoDraw = False
23.1831 	EXP 	text_2: autoDraw = True
23.8677 	EXP 	New trial (rep=0, index=10): OrderedDict([('orientation_degrees', 270), ('orientation_index', 3), ('correct_answer_index', 3), ('correct_answer_direction', 1), ('arrow_color', 'red')])
23.8832 	EXP 	text_2: autoDraw = False
23.8832 	EXP 	text_2: autoDraw = False
23.8832 	EXP 	arrowhead: fillColor = <psychopy.colors.Color: red, alpha=1.0>
23.8832 	EXP 	arrowhead: ori = 270.0
23.8832 	EXP 	arrowhead: borderColor = <psychopy.colors.Color: none, alpha=0.0>
23.8832 	EXP 	arrowhead: autoDraw = True
24.0830 	EXP 	arrowhead: autoDraw = False
24.3830 	EXP 	arrowhead: autoDraw = False
24.3830 	EXP 	cross_2: autoDraw = True
24.4512 	DATA 	Keypress: 2
24.5164 	EXP 	cross_2: autoDraw = False
24.5164 	EXP 	cross_2: autoDraw = False
24.5164 	EXP 	text_2: autoDraw = True
25.2004 	EXP 	New trial (rep=0, index=11): OrderedDict([('orientation_degrees', 0), ('orientation_index', 0), ('correct_answer_index', 0), ('correct_answer_direction', 4), ('arrow_color', 'white')])
25.2165 	EXP 	text_2: autoDraw = False
25.2165 	EXP 	text_2: autoDraw = False
25.2165 	EXP 	arrowhead: fillColor = <psychopy.colors.Color: white, alpha=1.0>
25.2165 	EXP 	arrowhead: ori = 0.0
25.2165 	EXP 	arrowhead: borderColor = <psychopy.colors.Color: none, alpha=0.0>
25.2165 	EXP 	arrowhead: autoDraw = True
25.4165 	EXP 	arrowhead: autoDraw = False
25.7165 	EXP 	arrowhead: autoDraw = False
25.7165 	EXP 	cross_2: autoDraw = True
25.8498 	EXP 	cross_2: autoDraw = False
25.8498 	EXP 	cross_2: autoDraw = False
25.8498 	EXP 	text_2: autoDraw = True
26.0178 	DATA 	Keypress: 2
26.5337 	EXP 	New trial (rep=0, index=12): OrderedDict([('orientation_degrees', 180), ('orientation_index', 2), ('correct_answer_index', 2), ('correct_answer_direction', 2), ('arrow_color', 'red')])
26.5497 	EXP 	text_2: autoDraw = False
26.5497 	EXP 	text_2: autoDraw = False
26.5497 	EXP 	arrowhead: fillColor = <psychopy.colors.Color: red, alpha=1.0>
26.5497 	EXP 	arrowhead: ori = 180.0
26.5497 	EXP 	arrowhead: borderColor = <psychopy.colors.Color: none, alpha=0.0>
26.5497 	EXP 	arrowhead: autoDraw = True
26.7498 	EXP 	arrowhead: autoDraw = False
27.0498 	EXP 	arrowhead: autoDraw = False
27.0498 	EXP 	cross_2: autoDraw = True
27.1831 	EXP 	cross_2: autoDraw = False
27.1831 	EXP 	cross_2: autoDraw = False
27.1831 	EXP 	text_2: autoDraw = True
27.3849 	DATA 	Keypress: 1
27.8671 	EXP 	New trial (rep=0, index=13): OrderedDict([('orientation_degrees', 90), ('orientation_index', 1), ('correct_answer_index', 1), ('correct_answer_direction', 3), ('arrow_color', 'white')])
27.8829 	EXP 	text_2: autoDraw = False
27.8829 	EXP 	text_2: autoDraw = False
27.8829 	EXP 	arrowhead: fillColor = <psychopy.colors.Color: white, alpha=1.0>
27.8829 	EXP 	arrowhead: ori = 90.0
27.8829 	EXP 	arrowhead: borderColor = <psychopy.colors.Color: none, alpha=0.0>
27.8829 	EXP 	arrowhead: autoDraw = True
28.0830 	EXP 	arrowhead: autoDraw = False
28.3829 	EXP 	arrowhead: autoDraw = False
28.3829 	EXP 	cross_2: autoDraw = True
28.5162 	EXP 	cross_2: autoDraw = False
28.5162 	EXP 	cross_2: autoDraw = False
28.5162 	EXP 	text_2: autoDraw = True
28.5680 	DATA 	Keypress: 4
29.2004 	EXP 	New trial (rep=0, index=14): OrderedDict([('orientation_degrees', 180), ('orientation_index', 2), ('correct_answer_index', 2), ('correct_answer_direction', 2), ('arrow_color', 'red')])
29.2163 	EXP 	text_2: autoDraw = False
29.2163 	EXP 	text_2: autoDraw = False
29.2163 	EXP 	arrowhead: fillColor = <psychopy.colors.Color: red, alpha=1.0>
29.2163 	EXP 	arrowhead: ori = 180.0
29.2163 	EXP 	arrowhead: borderColor = <psychopy.colors.Color: none, alpha=0.0>
29.2163 	EXP 	arrowhead: autoDraw = True
29.4162 	EXP 	arrowhead: autoDraw = False
29.7162 	EXP 	arrowhead: autoDraw = False
29.7162 	EXP 	cross_2: autoDraw = True
29.8345 	DATA 	Keypress: 3
29.8495 	EXP 	cross_2: autoDraw = False
29.8495 	EXP 	cross_2: autoDraw = False
29.8495 	EXP 	text_2: autoDraw = True
30.5339 	EXP 	New trial (rep=0, index=15): OrderedDict([('orientation_degrees', 180), ('orientation_index', 2), ('correct_answer_index', 2), ('correct_answer_direction', 2), ('arrow_color', 'white')])
30.5496 	EXP 	text_2: autoDraw = False
30.5496 	EXP 	text_2: autoDraw = False
30.5496 	EXP 	arrowhead: fillColor = <psychopy.colors.Color: white, alpha=1.0>
30.5496 	EXP 	arrowhead: ori = 180.0
30.5496 	EXP 	arrowhead: borderColor = <psychopy.colors.Color: none, alpha=0.0>
30.5496 	EXP 	arrowhead: autoDraw = True
30.7495 	EXP 	arrowhead: autoDraw = False
31.0496 	EXP 	arrowhead: autoDraw = False
31.0496 	EXP 	cross_2: autoDraw = True
31.1174 	DATA 	Keypress: 2
31.1827 	EXP 	cross_2: autoDraw = False
31.1827 	EXP 	cross_2: autoDraw = False
31.1827 	EXP 	text_2: autoDraw = True
31.8670 	EXP 	New trial (rep=0, index=16): OrderedDict([('orientation_degrees', 90), ('orientation_index', 1), ('correct_answer_index', 1), ('correct_answer_direction', 3), ('arrow_color', 'red')])
31.8827 	EXP 	text_2: autoDraw = False
31.8827 	EXP 	text_2: autoDraw = False
31.8827 	EXP 	arrowhead: fillColor = <psychopy.colors.Color: red, alpha=1.0>
31.8827 	EXP 	arrowhead: ori = 90.0
31.8827 	EXP 	arrowhead: borderColor = <psychopy.colors.Color: none, alpha=0.0>
31.8827 	EXP 	arrowhead: autoDraw = True
32.0827 	EXP 	arrowhead: autoDraw = False
32.3827 	EXP 	arrowhead: autoDraw = False
32.3827 	EXP 	cross_2: autoDraw = True
32.5160 	EXP 	cross_2: autoDraw = False
32.5160 	EXP 	cross_2: autoDraw = False
32.5160 	EXP 	text_2: autoDraw = True
32.5671 	DATA 	Keypress: 4
33.2003 	EXP 	New trial (rep=0, index=17): OrderedDict([('orientation_degrees', 270), ('orientation_index', 3), ('correct_answer_index', 3), ('correct_answer_direction', 1), ('arrow_color', 'white')])
33.2161 	EXP 	text_2: autoDraw = False
33.2161 	EXP 	text_2: autoDraw = False
33.2161 	EXP 	arrowhead: fillColor = <psychopy.colors.Color: white, alpha=1.0>
33.2161 	EXP 	arrowhead: ori = 270.0
33.2161 	EXP 	arrowhead: borderColor = <psychopy.colors.Color: none, alpha=0.0>
33.2161 	EXP 	arrowhead: autoDraw = True
33.4158 	EXP 	arrowhead: autoDraw = False
33.7160 	EXP 	arrowhead: autoDraw = False
33.7160 	EXP 	cross_2: autoDraw = True
33.8494 	EXP 	cross_2: autoDraw = False
33.8494 	EXP 	cross_2: autoDraw = False
33.8494 	EXP 	text_2: autoDraw = True
33.9346 	DATA 	Keypress: 1
34.5334 	EXP 	New trial (rep=0, index=18): OrderedDict([('orientation_degrees', 90), ('orientation_index', 1), ('correct_answer_index', 1), ('correct_answer_direction', 3), ('arrow_color', 'red')])
34.5494 	EXP 	text_2: autoDraw = False
34.5494 	EXP 	text_2: autoDraw = False
34.5494 	EXP 	arrowhead: fillColor = <psychopy.colors.Color: red, alpha=1.0>
34.5494 	EXP 	arrowhead: ori = 90.0
34.5494 	EXP 	arrowhead: borderColor = <psychopy.colors.Color: none, alpha=0.0>
34.5494 	EXP 	arrowhead: autoDraw = True
34.7492 	EXP 	arrowhead: autoDraw = False
35.0493 	EXP 	arrowhead: autoDraw = False
35.0493 	EXP 	cross_2: autoDraw = True
35.1825 	EXP 	cross_2: autoDraw = False
35.1825 	EXP 	cross_2: autoDraw = False
35.1825 	EXP 	text_2: autoDraw = True
35.7174 	DATA 	Keypress: 3
35.8669 	EXP 	New trial (rep=0, index=19): OrderedDict([('orientation_degrees', 0), ('orientation_index', 0), ('correct_answer_index', 0), ('correct_answer_direction', 4), ('arrow_color', 'white')])
35.8829 	EXP 	text_2: autoDraw = False
35.8829 	EXP 	text_2: autoDraw = False
35.8829 	EXP 	arrowhead: fillColor = <psychopy.colors.Color: white, alpha=1.0>
35.8829 	EXP 	arrowhead: ori = 0.0
35.8829 	EXP 	arrowhead: borderColor = <psychopy.colors.Color: none, alpha=0.0>
35.8829 	EXP 	arrowhead: autoDraw = True
36.0825 	EXP 	arrowhead: autoDraw = False
36.3826 	EXP 	arrowhead: autoDraw = False
36.3826 	EXP 	cross_2: autoDraw = True
36.5158 	EXP 	cross_2: autoDraw = False
36.5158 	EXP 	cross_2: autoDraw = False
36.5158 	EXP 	text_2: autoDraw = True
36.7177 	DATA 	Keypress: 1
37.2000 	EXP 	New trial (rep=0, index=20): OrderedDict([('orientation_degrees', 270), ('orientation_index', 3), ('correct_answer_index', 3), ('correct_answer_direction', 1), ('arrow_color', 'red')])
37.2159 	EXP 	text_2: autoDraw = False
37.2159 	EXP 	text_2: autoDraw = False
37.2159 	EXP 	arrowhead: fillColor = <psychopy.colors.Color: red, alpha=1.0>
37.2159 	EXP 	arrowhead: ori = 270.0
37.2159 	EXP 	arrowhead: borderColor = <psychopy.colors.Color: none, alpha=0.0>
37.2159 	EXP 	arrowhead: autoDraw = True
37.4158 	EXP 	arrowhead: autoDraw = False
37.7159 	EXP 	arrowhead: autoDraw = False
37.7159 	EXP 	cross_2: autoDraw = True
37.8491 	EXP 	cross_2: autoDraw = False
37.8491 	EXP 	cross_2: autoDraw = False
37.8491 	EXP 	text_2: autoDraw = True
37.9849 	DATA 	Keypress: 1
38.5330 	EXP 	New trial (rep=0, index=21): OrderedDict([('orientation_degrees', 90), ('orientation_index', 1), ('correct_answer_index', 1), ('correct_answer_direction', 3), ('arrow_color', 'white')])
38.5492 	EXP 	text_2: autoDraw = False
38.5492 	EXP 	text_2: autoDraw = False
38.5492 	EXP 	arrowhead: fillColor = <psychopy.colors.Color: white, alpha=1.0>
38.5492 	EXP 	arrowhead: ori = 90.0
38.5492 	EXP 	arrowhead: borderColor = <psychopy.colors.Color: none, alpha=0.0>
38.5492 	EXP 	arrowhead: autoDraw = True
38.7491 	EXP 	arrowhead: autoDraw = False
39.0491 	EXP 	arrowhead: autoDraw = False
39.0491 	EXP 	cross_2: autoDraw = True
39.1823 	EXP 	cross_2: autoDraw = False
39.1823 	EXP 	cross_2: autoDraw = False
39.1823 	EXP 	text_2: autoDraw = True
39.8666 	EXP 	New trial (rep=0, index=22): OrderedDict([('orientation_degrees', 0), ('orientation_index', 0), ('correct_answer_index', 0), ('correct_answer_direction', 4), ('arrow_color', 'red')])
39.8823 	EXP 	text_2: autoDraw = False
39.8823 	EXP 	text_2: autoDraw = False
39.8823 	EXP 	arrowhead: fillColor = <psychopy.colors.Color: red, alpha=1.0>
39.8823 	EXP 	arrowhead: ori = 0.0
39.8823 	EXP 	arrowhead: borderColor = <psychopy.colors.Color: none, alpha=0.0>
39.8823 	EXP 	arrowhead: autoDraw = True
40.0824 	EXP 	arrowhead: autoDraw = False
40.3825 	EXP 	arrowhead: autoDraw = False
40.3825 	EXP 	cross_2: autoDraw = True
40.5157 	EXP 	cross_2: autoDraw = False
40.5157 	EXP 	cross_2: autoDraw = False
40.5157 	EXP 	text_2: autoDraw = True
41.2005 	EXP 	New trial (rep=0, index=23): OrderedDict([('orientation_degrees', 180), ('orientation_index', 2), ('correct_answer_index', 2), ('correct_answer_direction', 2), ('arrow_color', 'white')])
41.2157 	EXP 	text_2: autoDraw = False
41.2157 	EXP 	text_2: autoDraw = False
41.2157 	EXP 	arrowhead: fillColor = <psychopy.colors.Color: white, alpha=1.0>
41.2157 	EXP 	arrowhead: ori = 180.0
41.2157 	EXP 	arrowhead: borderColor = <psychopy.colors.Color: none, alpha=0.0>
41.2157 	EXP 	arrowhead: autoDraw = True
41.4156 	EXP 	arrowhead: autoDraw = False
41.7159 	EXP 	arrowhead: autoDraw = False
41.7159 	EXP 	cross_2: autoDraw = True
41.7838 	DATA 	Keypress: 2
41.8489 	EXP 	cross_2: autoDraw = False
41.8489 	EXP 	cross_2: autoDraw = False
41.8489 	EXP 	text_2: autoDraw = True
42.5332 	EXP 	New trial (rep=0, index=24): OrderedDict([('orientation_degrees', 270), ('orientation_index', 3), ('correct_answer_index', 3), ('correct_answer_direction', 1), ('arrow_color', 'red')])
42.5488 	EXP 	text_2: autoDraw = False
42.5488 	EXP 	text_2: autoDraw = False
42.5488 	EXP 	arrowhead: fillColor = <psychopy.colors.Color: red, alpha=1.0>
42.5488 	EXP 	arrowhead: ori = 270.0
42.5488 	EXP 	arrowhead: borderColor = <psychopy.colors.Color: none, alpha=0.0>
42.5488 	EXP 	arrowhead: autoDraw = True
42.7488 	EXP 	arrowhead: autoDraw = False
43.0489 	EXP 	arrowhead: autoDraw = False
43.0489 	EXP 	cross_2: autoDraw = True
43.1819 	EXP 	cross_2: autoDraw = False
43.1819 	EXP 	cross_2: autoDraw = False
43.1819 	EXP 	text_2: autoDraw = True
43.8663 	EXP 	New trial (rep=0, index=25): OrderedDict([('orientation_degrees', 270), ('orientation_index', 3), ('correct_answer_index', 3), ('correct_answer_direction', 1), ('arrow_color', 'white')])
43.8821 	EXP 	text_2: autoDraw = False
43.8821 	EXP 	text_2: autoDraw = False
43.8821 	EXP 	arrowhead: fillColor = <psychopy.colors.Color: white, alpha=1.0>
43.8821 	EXP 	arrowhead: ori = 270.0
43.8821 	EXP 	arrowhead: borderColor = <psychopy.colors.Color: none, alpha=0.0>
43.8821 	EXP 	arrowhead: autoDraw = True
44.0821 	EXP 	arrowhead: autoDraw = False
44.1339 	DATA 	Keypress: escape
44.2832 	EXP 	ASRT_percept: status = STOPPED
44.2988 	EXP 	ASRT_percept: status = STOPPED
44.4133 	EXP 	window1: mouseVisible = True
