9.3288 	WARNING 	User requested fullscreen with size [1280  800], but screen is actually [2560, 1600]. Using actual size
11.5589 	EXP 	Created window1 = Window(allowGUI=True, allowStencil=False, autoLog=True, backendConf=UNKNOWN, backgroundFit=<method-wrapper '__getattribute__' of attributeSetter object at 0x000001A6C3D71CD0>, backgroundImage=<method-wrapper '__getattribute__' of attributeSetter object at 0x000001A6C3D71C70>, bitsMode=UNKNOWN, blendMode='avg', bpc=(8, 8, 8), color=array([0, 0, 0]), colorSpace='rgb', depthBits=8, fullscr=<method-wrapper '__getattribute__' of attributeSetter object at 0x000001A6C3D71AF0>, gamma=None, gammaErrorPolicy='raise', lms=UNKNOWN, monitor=<psychopy.monitors.calibTools.Monitor object at 0x000001A6C4210B50>, multiSample=False, name='window1', numSamples=2, pos=(0, 0), screen=0, size=array([2560, 1600]), stencilBits=0, stereo=False, title='PsychoPy', units='deg', useFBO=True, useRetina=False, viewOri=0.0, viewPos=None, viewScale=None, waitBlanking=True, winType='pyglet')
11.5590 	EXP 	window1: mouseVisible = True
11.5590 	EXP 	window1: backgroundImage = ''
11.5590 	EXP 	window1: backgroundFit = 'none'
11.5603 	EXP 	window1: Attempting to measure frame rate of screen (0) ...
11.5604 	EXP 	window1: recordFrameIntervals = False
11.7251 	EXP 	window1: recordFrameIntervals = True
11.9085 	EXP 	Screen (0) actual frame rate measured at 60.03Hz
11.9086 	EXP 	window1: recordFrameIntervals = False
11.9087 	EXP 	window1: mouseVisible = False
13.8348 	EXP 	ASRT_percept: status = STARTED
13.8352 	EXP 	window1: mouseVisible = True
14.0753 	EXP 	Created spaceship = ImageStim(__class__=<class 'psychopy.visual.image.ImageStim'>, anchor=('center', 'center'), autoLog=True, color=array([1., 1., 1.]), colorSpace='rgb', contrast=1.0, depth=0.0, draggable=False, flipHoriz=False, flipVert=False, image='images/spaceship.jpg', interpolate=True, mask=None, maskParams=None, name='spaceship', opacity=0.3, ori=0.0, pos=array([0., 0.]), size=array([128.,  64.]), texRes=128.0, units='deg', win=Window(...))
14.0756 	EXP 	window1: mouseVisible = True
14.1864 	EXP 	Created welcometext = TextStim(__class__=<class 'psychopy.visual.text.TextStim'>, alignHoriz=method-wrapper(...), alignText='center', alignVert=method-wrapper(...), anchorHoriz='center', anchorVert='center', antialias=True, autoDraw=False, autoLog=True, bold=False, color=array([-1.,  1.,  1.]), colorSpace='rgb', contrast=1.0, depth=-1.0, draggable=False, flipHoriz=False, flipVert=False, font='DFKai-SB', fontFiles=[], height=2.0, italic=False, languageStyle='LTR', name='welcometext', opacity=1.0, ori=0.0, pos=array([0., 0.]), rgb=UNKNOWN, text=str(...), units='deg', win=Window(...), wrapWidth=30.0)
18.9108 	EXP 	window1: mouseVisible = True
18.9144 	EXP 	Created arrowhead = ShapeStim(__class__=<class 'psychopy.visual.shape.ShapeStim'>, anchor=('center', 'center'), autoDraw=False, autoLog=True, closeShape=True, color=method-wrapper(...), colorSpace='rgb', contrast=None, depth=0.0, draggable=False, fillColor=array([1, 1, 1]), fillColorSpace='rgb', fillRGB=array([1, 1, 1]), interpolate=True, lineColor=array([0., 0., 0.]), lineColorSpace='rgb', lineRGB=array([0, 0, 0]), lineWidth=1.0, name='arrowhead', opacity=0.25, ori=1.0, pos=array([0., 0.]), size=array([3., 3.]), units='deg', vertices=ndarray(...), win=Window(...), windingRule=None)
18.9146 	EXP 	window1: mouseVisible = True
18.9169 	EXP 	Created cross = ShapeStim(__class__=<class 'psychopy.visual.shape.ShapeStim'>, anchor=('center', 'center'), autoDraw=False, autoLog=True, closeShape=True, color=method-wrapper(...), colorSpace='rgb', contrast=None, depth=0.0, draggable=False, fillColor=array([-1, -1, -1]), fillColorSpace='rgb', fillRGB=array([-1, -1, -1]), interpolate=True, lineColor=array([-1., -1., -1.]), lineColorSpace='rgb', lineRGB=array([-1, -1, -1]), lineWidth=1.0, name='cross', opacity=1.0, ori=0.0, pos=array([0., 0.]), size=array([2., 2.]), units='deg', vertices=ndarray(...), win=Window(...), windingRule=None)
18.9171 	EXP 	window1: mouseVisible = True
18.9187 	EXP 	Created feedback_text = TextStim(__class__=<class 'psychopy.visual.text.TextStim'>, alignHoriz=method-wrapper(...), alignText='center', alignVert=method-wrapper(...), anchorHoriz='center', anchorVert='center', antialias=True, autoDraw=False, autoLog=True, bold=False, color=array([1., 1., 1.]), colorSpace='rgb', contrast=1.0, depth=-2.0, draggable=False, flipHoriz=False, flipVert=False, font='DFSB-Kai', fontFiles=[], height=3.0, italic=False, languageStyle='LTR', name='feedback_text', opacity=1.0, ori=0.0, pos=array([ 0., -8.]), rgb=UNKNOWN, text='', units='deg', win=Window(...), wrapWidth=15.0)
18.9188 	EXP 	window1: mouseVisible = True
18.9211 	EXP 	Created text_2 = TextStim(__class__=<class 'psychopy.visual.text.TextStim'>, alignHoriz=method-wrapper(...), alignText='center', alignVert=method-wrapper(...), anchorHoriz='center', anchorVert='center', antialias=True, autoDraw=False, autoLog=True, bold=False, color=array([1., 1., 1.]), colorSpace='rgb', contrast=1.0, depth=0.0, draggable=False, flipHoriz=False, flipVert=False, font='Open Sans', fontFiles=[], height=0.05, italic=False, languageStyle='LTR', name='text_2', opacity=1.0, ori=0.0, pos=array([0., 0.]), rgb=UNKNOWN, text='', units='deg', win=Window(...), wrapWidth=15.0)
18.9212 	EXP 	window1: mouseVisible = True
18.9220 	EXP 	Created feedback_post_section = TextStim(__class__=<class 'psychopy.visual.text.TextStim'>, alignHoriz=method-wrapper(...), alignText='center', alignVert=method-wrapper(...), anchorHoriz='center', anchorVert='center', antialias=True, autoDraw=False, autoLog=True, bold=False, color=array([1., 1., 1.]), colorSpace='rgb', contrast=1.0, depth=-1.0, draggable=False, flipHoriz=False, flipVert=False, font='DFKai-SB', fontFiles=[], height=2.0, italic=False, languageStyle='LTR', name='feedback_post_section', opacity=1.0, ori=0.0, pos=array([0., 0.]), rgb=UNKNOWN, text='', units='deg', win=Window(...), wrapWidth=15.0)
18.9221 	EXP 	window1: mouseVisible = True
19.0168 	EXP 	Created spaceship_rotated = ImageStim(__class__=<class 'psychopy.visual.image.ImageStim'>, anchor=('center', 'center'), autoLog=True, color=array([1., 1., 1.]), colorSpace='rgb', contrast=1.0, depth=0.0, draggable=False, flipHoriz=False, flipVert=True, image='images/spaceship.jpg', interpolate=True, mask=None, maskParams=None, name='spaceship_rotated', opacity=0.3, ori=-45.0, pos=array([0., 0.]), size=array([128.,  64.]), texRes=128.0, units='deg', win=Window(...))
19.0170 	EXP 	window1: mouseVisible = True
19.0496 	EXP 	Created rotation_instruction = TextStim(__class__=<class 'psychopy.visual.text.TextStim'>, alignHoriz=method-wrapper(...), alignText='center', alignVert=method-wrapper(...), anchorHoriz='center', anchorVert='center', antialias=True, autoDraw=False, autoLog=True, bold=False, color=array([-1.,  1.,  1.]), colorSpace='rgb', contrast=1.0, depth=-1.0, draggable=False, flipHoriz=False, flipVert=False, font='DFKai-SB', fontFiles=[], height=2.0, italic=False, languageStyle='LTR', name='rotation_instruction', opacity=1.0, ori=0.0, pos=array([0., 0.]), rgb=UNKNOWN, text=str(...), units='deg', win=Window(...), wrapWidth=30.0)
19.0508 	EXP 	window1: mouseVisible = True
19.0528 	EXP 	Created arrowhead = ShapeStim(__class__=<class 'psychopy.visual.shape.ShapeStim'>, anchor=('center', 'center'), autoDraw=False, autoLog=True, closeShape=True, color=method-wrapper(...), colorSpace='rgb', contrast=None, depth=0.0, draggable=False, fillColor=array([1, 1, 1]), fillColorSpace='rgb', fillRGB=array([1, 1, 1]), interpolate=True, lineColor=array([0., 0., 0.]), lineColorSpace='rgb', lineRGB=array([0, 0, 0]), lineWidth=1.0, name='arrowhead', opacity=0.25, ori=1.0, pos=array([0., 0.]), size=array([3., 3.]), units='deg', vertices=ndarray(...), win=Window(...), windingRule=None)
19.0531 	EXP 	window1: mouseVisible = True
19.0554 	EXP 	Created cross = ShapeStim(__class__=<class 'psychopy.visual.shape.ShapeStim'>, anchor=('center', 'center'), autoDraw=False, autoLog=True, closeShape=True, color=method-wrapper(...), colorSpace='rgb', contrast=None, depth=0.0, draggable=False, fillColor=array([-1, -1, -1]), fillColorSpace='rgb', fillRGB=array([-1, -1, -1]), interpolate=True, lineColor=array([-1., -1., -1.]), lineColorSpace='rgb', lineRGB=array([-1, -1, -1]), lineWidth=1.0, name='cross', opacity=1.0, ori=0.0, pos=array([0., 0.]), size=array([2., 2.]), units='deg', vertices=ndarray(...), win=Window(...), windingRule=None)
19.0555 	EXP 	window1: mouseVisible = True
19.0568 	EXP 	Created feedback_text = TextStim(__class__=<class 'psychopy.visual.text.TextStim'>, alignHoriz=method-wrapper(...), alignText='center', alignVert=method-wrapper(...), anchorHoriz='center', anchorVert='center', antialias=True, autoDraw=False, autoLog=True, bold=False, color=array([1., 1., 1.]), colorSpace='rgb', contrast=1.0, depth=-2.0, draggable=False, flipHoriz=False, flipVert=False, font='DFSB-Kai', fontFiles=[], height=3.0, italic=False, languageStyle='LTR', name='feedback_text', opacity=1.0, ori=0.0, pos=array([ 0., -8.]), rgb=UNKNOWN, text='', units='deg', win=Window(...), wrapWidth=15.0)
19.0570 	EXP 	window1: mouseVisible = True
19.0583 	EXP 	Created text_2 = TextStim(__class__=<class 'psychopy.visual.text.TextStim'>, alignHoriz=method-wrapper(...), alignText='center', alignVert=method-wrapper(...), anchorHoriz='center', anchorVert='center', antialias=True, autoDraw=False, autoLog=True, bold=False, color=array([1., 1., 1.]), colorSpace='rgb', contrast=1.0, depth=0.0, draggable=False, flipHoriz=False, flipVert=False, font='Open Sans', fontFiles=[], height=0.05, italic=False, languageStyle='LTR', name='text_2', opacity=1.0, ori=0.0, pos=array([0., 0.]), rgb=UNKNOWN, text='', units='deg', win=Window(...), wrapWidth=15.0)
19.0584 	EXP 	window1: mouseVisible = True
19.0593 	EXP 	Created feedback_post_section = TextStim(__class__=<class 'psychopy.visual.text.TextStim'>, alignHoriz=method-wrapper(...), alignText='center', alignVert=method-wrapper(...), anchorHoriz='center', anchorVert='center', antialias=True, autoDraw=False, autoLog=True, bold=False, color=array([1., 1., 1.]), colorSpace='rgb', contrast=1.0, depth=-1.0, draggable=False, flipHoriz=False, flipVert=False, font='DFKai-SB', fontFiles=[], height=2.0, italic=False, languageStyle='LTR', name='feedback_post_section', opacity=1.0, ori=0.0, pos=array([0., 0.]), rgb=UNKNOWN, text='', units='deg', win=Window(...), wrapWidth=15.0)
19.0594 	EXP 	window1: mouseVisible = True
19.1801 	EXP 	Created spaceship_rotated01 = ImageStim(__class__=<class 'psychopy.visual.image.ImageStim'>, anchor=('center', 'center'), autoLog=True, color=array([1., 1., 1.]), colorSpace='rgb', contrast=1.0, depth=0.0, draggable=False, flipHoriz=False, flipVert=True, image='images/spaceship.jpg', interpolate=True, mask=None, maskParams=None, name='spaceship_rotated01', opacity=0.3, ori=-45.0, pos=array([0., 0.]), size=array([128.,  64.]), texRes=128.0, units='deg', win=Window(...))
19.1802 	EXP 	window1: mouseVisible = True
19.2086 	EXP 	Created rotation_instruction01 = TextStim(__class__=<class 'psychopy.visual.text.TextStim'>, alignHoriz=method-wrapper(...), alignText='center', alignVert=method-wrapper(...), anchorHoriz='center', anchorVert='center', antialias=True, autoDraw=False, autoLog=True, bold=False, color=array([-1.,  1.,  1.]), colorSpace='rgb', contrast=1.0, depth=-1.0, draggable=False, flipHoriz=False, flipVert=False, font='DFKai-SB', fontFiles=[], height=2.0, italic=False, languageStyle='LTR', name='rotation_instruction01', opacity=1.0, ori=0.0, pos=array([0., 0.]), rgb=UNKNOWN, text=str(...), units='deg', win=Window(...), wrapWidth=100.0)
19.2087 	EXP 	window1: mouseVisible = True
19.2102 	EXP 	Created arrowhead = ShapeStim(__class__=<class 'psychopy.visual.shape.ShapeStim'>, anchor=('center', 'center'), autoDraw=False, autoLog=True, closeShape=True, color=method-wrapper(...), colorSpace='rgb', contrast=None, depth=0.0, draggable=False, fillColor=array([1, 1, 1]), fillColorSpace='rgb', fillRGB=array([1, 1, 1]), interpolate=True, lineColor=array([0., 0., 0.]), lineColorSpace='rgb', lineRGB=array([0, 0, 0]), lineWidth=1.0, name='arrowhead', opacity=0.25, ori=1.0, pos=array([0., 0.]), size=array([3., 3.]), units='deg', vertices=ndarray(...), win=Window(...), windingRule=None)
19.2103 	EXP 	window1: mouseVisible = True
19.2118 	EXP 	Created cross = ShapeStim(__class__=<class 'psychopy.visual.shape.ShapeStim'>, anchor=('center', 'center'), autoDraw=False, autoLog=True, closeShape=True, color=method-wrapper(...), colorSpace='rgb', contrast=None, depth=0.0, draggable=False, fillColor=array([-1, -1, -1]), fillColorSpace='rgb', fillRGB=array([-1, -1, -1]), interpolate=True, lineColor=array([-1., -1., -1.]), lineColorSpace='rgb', lineRGB=array([-1, -1, -1]), lineWidth=1.0, name='cross', opacity=1.0, ori=0.0, pos=array([0., 0.]), size=array([2., 2.]), units='deg', vertices=ndarray(...), win=Window(...), windingRule=None)
19.2119 	EXP 	window1: mouseVisible = True
19.2128 	EXP 	Created feedback_text = TextStim(__class__=<class 'psychopy.visual.text.TextStim'>, alignHoriz=method-wrapper(...), alignText='center', alignVert=method-wrapper(...), anchorHoriz='center', anchorVert='center', antialias=True, autoDraw=False, autoLog=True, bold=False, color=array([1., 1., 1.]), colorSpace='rgb', contrast=1.0, depth=-2.0, draggable=False, flipHoriz=False, flipVert=False, font='DFSB-Kai', fontFiles=[], height=3.0, italic=False, languageStyle='LTR', name='feedback_text', opacity=1.0, ori=0.0, pos=array([ 0., -8.]), rgb=UNKNOWN, text='', units='deg', win=Window(...), wrapWidth=15.0)
19.2128 	EXP 	window1: mouseVisible = True
19.2140 	EXP 	Created text_2 = TextStim(__class__=<class 'psychopy.visual.text.TextStim'>, alignHoriz=method-wrapper(...), alignText='center', alignVert=method-wrapper(...), anchorHoriz='center', anchorVert='center', antialias=True, autoDraw=False, autoLog=True, bold=False, color=array([1., 1., 1.]), colorSpace='rgb', contrast=1.0, depth=0.0, draggable=False, flipHoriz=False, flipVert=False, font='Open Sans', fontFiles=[], height=0.05, italic=False, languageStyle='LTR', name='text_2', opacity=1.0, ori=0.0, pos=array([0., 0.]), rgb=UNKNOWN, text='', units='deg', win=Window(...), wrapWidth=15.0)
19.2141 	EXP 	window1: mouseVisible = True
19.2280 	EXP 	Created seqreport_instruction_text = TextStim(__class__=<class 'psychopy.visual.text.TextStim'>, alignHoriz=method-wrapper(...), alignText='center', alignVert=method-wrapper(...), anchorHoriz='center', anchorVert='center', antialias=True, autoDraw=False, autoLog=True, bold=False, color=array([ 1.,  1., -1.]), colorSpace='rgb', contrast=1.0, depth=0.0, draggable=False, flipHoriz=False, flipVert=False, font='DFKai-SB', fontFiles=[], height=3.0, italic=False, languageStyle='LTR', name='seqreport_instruction_text', opacity=1.0, ori=0.0, pos=array([-15.,   6.]), rgb=UNKNOWN, text='請依時間順序按出白色箭頭方向\n請按空白鍵繼續…', units='deg', win=Window(...), wrapWidth=20.0)
19.2281 	EXP 	window1: mouseVisible = True
19.2296 	EXP 	Created arrow_report = ShapeStim(__class__=<class 'psychopy.visual.shape.ShapeStim'>, anchor=('center', 'center'), autoDraw=False, autoLog=True, closeShape=True, color=method-wrapper(...), colorSpace='rgb', contrast=None, depth=0.0, draggable=False, fillColor=array([1, 1, 1]), fillColorSpace='rgb', fillRGB=array([1, 1, 1]), interpolate=True, lineColor=array([1., 1., 1.]), lineColorSpace='rgb', lineRGB=array([1, 1, 1]), lineWidth=1.0, name='arrow_report', opacity=1.0, ori=1.0, pos=array([0., 0.]), size=array([3., 3.]), units='deg', vertices=ndarray(...), win=Window(...), windingRule=None)
19.2297 	EXP 	window1: mouseVisible = True
19.2305 	EXP 	Created feedback_post_section = TextStim(__class__=<class 'psychopy.visual.text.TextStim'>, alignHoriz=method-wrapper(...), alignText='center', alignVert=method-wrapper(...), anchorHoriz='center', anchorVert='center', antialias=True, autoDraw=False, autoLog=True, bold=False, color=array([1., 1., 1.]), colorSpace='rgb', contrast=1.0, depth=-1.0, draggable=False, flipHoriz=False, flipVert=False, font='DFKai-SB', fontFiles=[], height=2.0, italic=False, languageStyle='LTR', name='feedback_post_section', opacity=1.0, ori=0.0, pos=array([0., 0.]), rgb=UNKNOWN, text='', units='deg', win=Window(...), wrapWidth=15.0)
19.2306 	EXP 	window1: mouseVisible = True
19.3292 	EXP 	Created spaceship3 = ImageStim(__class__=<class 'psychopy.visual.image.ImageStim'>, anchor=('center', 'center'), autoLog=True, color=array([1., 1., 1.]), colorSpace='rgb', contrast=1.0, depth=0.0, draggable=False, flipHoriz=False, flipVert=False, image='images/spaceship.jpg', interpolate=True, mask=None, maskParams=None, name='spaceship3', opacity=0.3, ori=0.0, pos=array([0., 0.]), size=array([128.,  64.]), texRes=128.0, units='deg', win=Window(...))
19.3293 	EXP 	window1: mouseVisible = True
19.3496 	EXP 	Created motor_testing_instruction_text = TextStim(__class__=<class 'psychopy.visual.text.TextStim'>, alignHoriz=method-wrapper(...), alignText='center', alignVert=method-wrapper(...), anchorHoriz='center', anchorVert='center', antialias=True, autoDraw=False, autoLog=True, bold=False, color=array([-1.,  1.,  1.]), colorSpace='rgb', contrast=1.0, depth=-1.0, draggable=False, flipHoriz=False, flipVert=False, font='DFKai-SB', fontFiles=[], height=2.0, italic=False, languageStyle='LTR', name='motor_testing_instruction_text', opacity=1.0, ori=0.0, pos=array([0., 0.]), rgb=UNKNOWN, text=str(...), units='deg', win=Window(...), wrapWidth=30.0)
19.3497 	EXP 	window1: mouseVisible = True
19.3512 	EXP 	Created arrowhead = ShapeStim(__class__=<class 'psychopy.visual.shape.ShapeStim'>, anchor=('center', 'center'), autoDraw=False, autoLog=True, closeShape=True, color=method-wrapper(...), colorSpace='rgb', contrast=None, depth=0.0, draggable=False, fillColor=array([1, 1, 1]), fillColorSpace='rgb', fillRGB=array([1, 1, 1]), interpolate=True, lineColor=array([0., 0., 0.]), lineColorSpace='rgb', lineRGB=array([0, 0, 0]), lineWidth=1.0, name='arrowhead', opacity=0.25, ori=1.0, pos=array([0., 0.]), size=array([3., 3.]), units='deg', vertices=ndarray(...), win=Window(...), windingRule=None)
19.3513 	EXP 	window1: mouseVisible = True
19.3529 	EXP 	Created cross_2 = ShapeStim(__class__=<class 'psychopy.visual.shape.ShapeStim'>, anchor=('center', 'center'), autoDraw=False, autoLog=True, closeShape=True, color=method-wrapper(...), colorSpace='rgb', contrast=None, depth=0.0, draggable=False, fillColor=array([-1, -1, -1]), fillColorSpace='rgb', fillRGB=array([-1, -1, -1]), interpolate=True, lineColor=array([-1., -1., -1.]), lineColorSpace='rgb', lineRGB=array([-1, -1, -1]), lineWidth=1.0, name='cross_2', opacity=1.0, ori=0.0, pos=array([0., 0.]), size=array([2., 2.]), units='deg', vertices=ndarray(...), win=Window(...), windingRule=None)
19.3530 	EXP 	window1: mouseVisible = True
19.3543 	EXP 	Created text_2 = TextStim(__class__=<class 'psychopy.visual.text.TextStim'>, alignHoriz=method-wrapper(...), alignText='center', alignVert=method-wrapper(...), anchorHoriz='center', anchorVert='center', antialias=True, autoDraw=False, autoLog=True, bold=False, color=array([1., 1., 1.]), colorSpace='rgb', contrast=1.0, depth=0.0, draggable=False, flipHoriz=False, flipVert=False, font='Open Sans', fontFiles=[], height=0.05, italic=False, languageStyle='LTR', name='text_2', opacity=1.0, ori=0.0, pos=array([0., 0.]), rgb=UNKNOWN, text='', units='deg', win=Window(...), wrapWidth=15.0)
19.3544 	EXP 	window1: mouseVisible = True
19.3553 	EXP 	Created feedback_post_section = TextStim(__class__=<class 'psychopy.visual.text.TextStim'>, alignHoriz=method-wrapper(...), alignText='center', alignVert=method-wrapper(...), anchorHoriz='center', anchorVert='center', antialias=True, autoDraw=False, autoLog=True, bold=False, color=array([1., 1., 1.]), colorSpace='rgb', contrast=1.0, depth=-1.0, draggable=False, flipHoriz=False, flipVert=False, font='DFKai-SB', fontFiles=[], height=2.0, italic=False, languageStyle='LTR', name='feedback_post_section', opacity=1.0, ori=0.0, pos=array([0., 0.]), rgb=UNKNOWN, text='', units='deg', win=Window(...), wrapWidth=15.0)
19.3554 	EXP 	window1: mouseVisible = True
19.3704 	EXP 	Created text = TextStim(__class__=<class 'psychopy.visual.text.TextStim'>, alignHoriz=method-wrapper(...), alignText='center', alignVert=method-wrapper(...), anchorHoriz='center', anchorVert='center', antialias=True, autoDraw=False, autoLog=True, bold=False, color=array([-1.,  1.,  1.]), colorSpace='rgb', contrast=1.0, depth=0.0, draggable=False, flipHoriz=False, flipVert=False, font='DFKai-SB', fontFiles=[], height=3.0, italic=False, languageStyle='LTR', name='text', opacity=1.0, ori=0.0, pos=array([0., 0.]), rgb=UNKNOWN, text='實驗已完成，謝謝您的參與！\n請等待實驗者的進一步導引。', units='deg', win=Window(...), wrapWidth=30.0)
0.0472 	EXP 	spaceship: autoDraw = True
0.0472 	EXP 	welcometext: autoDraw = True
4.0360 	EXP 	Imported sequences/init_random_sequence_file_list.xlsx as conditions, 1 conditions, 1 params
4.0367 	EXP 	Created sequence: sequential, trialTypes=1, nReps=1, seed=None
4.0368 	EXP 	New trial (rep=0, index=0): {'initial_random_seq_files': 'sequences/867746_initial_random.csv'}
4.0623 	EXP 	Imported sequences/867746_initial_random.csv as conditions, 85 conditions, 5 params
4.0626 	EXP 	Created sequence: sequential, trialTypes=85, nReps=1, seed=None
4.0628 	EXP 	New trial (rep=0, index=0): OrderedDict([('orientation_index', 3), ('orientation_degrees', 270), ('correct_answer_index', 3), ('correct_answer_direction', 'left'), ('arrow_color', 'red')])
4.0649 	DATA 	Keypress: space
4.0667 	EXP 	spaceship: autoDraw = False
4.0667 	EXP 	welcometext: autoDraw = False
4.0667 	EXP 	arrowhead: fillColor = <psychopy.colors.Color: red, alpha=1.0>
4.0667 	EXP 	arrowhead: ori = 270.0
4.0667 	EXP 	arrowhead: borderColor = <psychopy.colors.Color: none, alpha=0.0>
4.0667 	EXP 	arrowhead: autoDraw = True
4.2708 	EXP 	arrowhead: autoDraw = False
4.5541 	EXP 	arrowhead: autoDraw = False
4.5541 	EXP 	feedback_text: height = 3.0
4.5541 	EXP 	feedback_text: height = 3.0
4.5541 	EXP 	feedback_text: height = 3.0
4.5541 	EXP 	feedback_text: text = '!'
4.5541 	EXP 	cross: autoDraw = True
4.5541 	EXP 	feedback_text: autoDraw = True
4.7231 	DATA 	Keypress: left
5.0541 	EXP 	cross: autoDraw = False
5.5539 	EXP 	feedback_text: autoDraw = False
5.5539 	EXP 	cross: autoDraw = False
5.5539 	EXP 	feedback_text: autoDraw = False
5.5539 	EXP 	text_2: autoDraw = True
5.9220 	DATA 	Keypress: down
6.2381 	EXP 	New trial (rep=0, index=1): OrderedDict([('orientation_index', 2), ('orientation_degrees', 180), ('correct_answer_index', 2), ('correct_answer_direction', 'down'), ('arrow_color', 'red')])
6.2539 	EXP 	text_2: autoDraw = False
6.2539 	EXP 	text_2: autoDraw = False
6.2539 	EXP 	arrowhead: fillColor = <psychopy.colors.Color: red, alpha=1.0>
6.2539 	EXP 	arrowhead: ori = 180.0
6.2539 	EXP 	arrowhead: borderColor = <psychopy.colors.Color: none, alpha=0.0>
6.2539 	EXP 	arrowhead: autoDraw = True
6.4537 	EXP 	arrowhead: autoDraw = False
6.7538 	EXP 	arrowhead: autoDraw = False
6.7538 	EXP 	feedback_text: text = '!'
6.7538 	EXP 	cross: autoDraw = True
6.7538 	EXP 	feedback_text: autoDraw = True
6.9061 	DATA 	Keypress: down
7.2538 	EXP 	cross: autoDraw = False
7.7538 	EXP 	feedback_text: autoDraw = False
7.7538 	EXP 	cross: autoDraw = False
7.7538 	EXP 	feedback_text: autoDraw = False
7.7538 	EXP 	text_2: autoDraw = True
8.4380 	EXP 	New trial (rep=0, index=2): OrderedDict([('orientation_index', 2), ('orientation_degrees', 180), ('correct_answer_index', 2), ('correct_answer_direction', 'down'), ('arrow_color', 'red')])
8.4538 	EXP 	text_2: autoDraw = False
8.4538 	EXP 	text_2: autoDraw = False
8.4538 	EXP 	arrowhead: fillColor = <psychopy.colors.Color: red, alpha=1.0>
8.4538 	EXP 	arrowhead: ori = 180.0
8.4538 	EXP 	arrowhead: borderColor = <psychopy.colors.Color: none, alpha=0.0>
8.4538 	EXP 	arrowhead: autoDraw = True
8.6538 	EXP 	arrowhead: autoDraw = False
8.8116 	DATA 	Keypress: left
8.8205 	EXP 	arrowhead: autoDraw = False
8.8205 	EXP 	feedback_text: height = 3.0
8.8205 	EXP 	feedback_text: height = 3.0
8.8205 	EXP 	feedback_text: height = 3.0
8.8205 	EXP 	feedback_text: text = 'X'
8.8205 	EXP 	cross: autoDraw = True
8.8205 	EXP 	feedback_text: autoDraw = True
9.3206 	EXP 	cross: autoDraw = False
9.8204 	EXP 	feedback_text: autoDraw = False
9.8204 	EXP 	cross: autoDraw = False
9.8204 	EXP 	feedback_text: autoDraw = False
9.8204 	EXP 	text_2: autoDraw = True
10.5048 	EXP 	New trial (rep=0, index=3): OrderedDict([('orientation_index', 3), ('orientation_degrees', 270), ('correct_answer_index', 3), ('correct_answer_direction', 'left'), ('arrow_color', 'red')])
10.5206 	EXP 	text_2: autoDraw = False
10.5206 	EXP 	text_2: autoDraw = False
10.5206 	EXP 	arrowhead: fillColor = <psychopy.colors.Color: red, alpha=1.0>
10.5206 	EXP 	arrowhead: ori = 270.0
10.5206 	EXP 	arrowhead: borderColor = <psychopy.colors.Color: none, alpha=0.0>
10.5206 	EXP 	arrowhead: autoDraw = True
10.7204 	EXP 	arrowhead: autoDraw = False
10.8244 	DATA 	Keypress: down
10.8371 	EXP 	arrowhead: autoDraw = False
10.8371 	EXP 	feedback_text: text = 'X'
10.8371 	EXP 	cross: autoDraw = True
10.8371 	EXP 	feedback_text: autoDraw = True
11.3372 	EXP 	cross: autoDraw = False
11.8371 	EXP 	feedback_text: autoDraw = False
11.8371 	EXP 	cross: autoDraw = False
11.8371 	EXP 	feedback_text: autoDraw = False
11.8371 	EXP 	text_2: autoDraw = True
12.5208 	EXP 	New trial (rep=0, index=4): OrderedDict([('orientation_index', 2), ('orientation_degrees', 180), ('correct_answer_index', 2), ('correct_answer_direction', 'down'), ('arrow_color', 'red')])
12.5370 	EXP 	text_2: autoDraw = False
12.5370 	EXP 	text_2: autoDraw = False
12.5370 	EXP 	arrowhead: fillColor = <psychopy.colors.Color: red, alpha=1.0>
12.5370 	EXP 	arrowhead: ori = 180.0
12.5370 	EXP 	arrowhead: borderColor = <psychopy.colors.Color: none, alpha=0.0>
12.5370 	EXP 	arrowhead: autoDraw = True
12.7368 	EXP 	arrowhead: autoDraw = False
12.9901 	DATA 	Keypress: down
13.0035 	EXP 	arrowhead: autoDraw = False
13.0035 	EXP 	feedback_text: height = 3.0
13.0035 	EXP 	feedback_text: height = 3.0
13.0035 	EXP 	feedback_text: height = 3.0
13.0035 	EXP 	feedback_text: text = ''
13.0035 	EXP 	cross: autoDraw = True
13.0035 	EXP 	feedback_text: autoDraw = True
13.5036 	EXP 	cross: autoDraw = False
14.0035 	EXP 	feedback_text: autoDraw = False
14.0035 	EXP 	cross: autoDraw = False
14.0035 	EXP 	feedback_text: autoDraw = False
14.0035 	EXP 	text_2: autoDraw = True
14.6876 	EXP 	New trial (rep=0, index=5): OrderedDict([('orientation_index', 2), ('orientation_degrees', 180), ('correct_answer_index', 2), ('correct_answer_direction', 'down'), ('arrow_color', 'red')])
14.7035 	EXP 	text_2: autoDraw = False
14.7035 	EXP 	text_2: autoDraw = False
14.7035 	EXP 	arrowhead: fillColor = <psychopy.colors.Color: red, alpha=1.0>
14.7035 	EXP 	arrowhead: ori = 180.0
14.7035 	EXP 	arrowhead: borderColor = <psychopy.colors.Color: none, alpha=0.0>
14.7035 	EXP 	arrowhead: autoDraw = True
14.9035 	EXP 	arrowhead: autoDraw = False
15.1905 	DATA 	Keypress: down
15.2036 	EXP 	arrowhead: autoDraw = False
15.2036 	EXP 	feedback_text: height = 3.0
15.2036 	EXP 	feedback_text: height = 3.0
15.2036 	EXP 	feedback_text: height = 3.0
15.2036 	EXP 	feedback_text: text = '!'
15.2036 	EXP 	cross: autoDraw = True
15.2036 	EXP 	feedback_text: autoDraw = True
15.7034 	EXP 	cross: autoDraw = False
16.2034 	EXP 	feedback_text: autoDraw = False
16.2034 	EXP 	cross: autoDraw = False
16.2034 	EXP 	feedback_text: autoDraw = False
16.2034 	EXP 	text_2: autoDraw = True
16.8873 	EXP 	New trial (rep=0, index=6): OrderedDict([('orientation_index', 0), ('orientation_degrees', 0), ('correct_answer_index', 0), ('correct_answer_direction', 'up'), ('arrow_color', 'red')])
16.9033 	EXP 	text_2: autoDraw = False
16.9033 	EXP 	text_2: autoDraw = False
16.9033 	EXP 	arrowhead: fillColor = <psychopy.colors.Color: red, alpha=1.0>
16.9033 	EXP 	arrowhead: ori = 0.0
16.9033 	EXP 	arrowhead: borderColor = <psychopy.colors.Color: none, alpha=0.0>
16.9033 	EXP 	arrowhead: autoDraw = True
17.1033 	EXP 	arrowhead: autoDraw = False
17.4036 	EXP 	arrowhead: autoDraw = False
17.4036 	EXP 	feedback_text: text = '!'
17.4036 	EXP 	cross: autoDraw = True
17.4036 	EXP 	feedback_text: autoDraw = True
17.4895 	DATA 	Keypress: up
17.9035 	EXP 	cross: autoDraw = False
18.4035 	EXP 	feedback_text: autoDraw = False
18.4035 	EXP 	cross: autoDraw = False
18.4035 	EXP 	feedback_text: autoDraw = False
18.4035 	EXP 	text_2: autoDraw = True
19.0874 	EXP 	New trial (rep=0, index=7): OrderedDict([('orientation_index', 3), ('orientation_degrees', 270), ('correct_answer_index', 3), ('correct_answer_direction', 'left'), ('arrow_color', 'red')])
19.1035 	EXP 	text_2: autoDraw = False
19.1035 	EXP 	text_2: autoDraw = False
19.1035 	EXP 	arrowhead: fillColor = <psychopy.colors.Color: red, alpha=1.0>
19.1035 	EXP 	arrowhead: ori = 270.0
19.1035 	EXP 	arrowhead: borderColor = <psychopy.colors.Color: none, alpha=0.0>
19.1035 	EXP 	arrowhead: autoDraw = True
19.3032 	EXP 	arrowhead: autoDraw = False
19.5896 	DATA 	Keypress: left
19.6032 	EXP 	arrowhead: autoDraw = False
19.6032 	EXP 	feedback_text: text = '!'
19.6032 	EXP 	cross: autoDraw = True
19.6032 	EXP 	feedback_text: autoDraw = True
20.1031 	EXP 	cross: autoDraw = False
20.6032 	EXP 	feedback_text: autoDraw = False
20.6032 	EXP 	cross: autoDraw = False
20.6032 	EXP 	feedback_text: autoDraw = False
20.6032 	EXP 	text_2: autoDraw = True
21.2877 	EXP 	New trial (rep=0, index=8): OrderedDict([('orientation_index', 2), ('orientation_degrees', 180), ('correct_answer_index', 2), ('correct_answer_direction', 'down'), ('arrow_color', 'red')])
21.3031 	EXP 	text_2: autoDraw = False
21.3031 	EXP 	text_2: autoDraw = False
21.3031 	EXP 	arrowhead: fillColor = <psychopy.colors.Color: red, alpha=1.0>
21.3031 	EXP 	arrowhead: ori = 180.0
21.3031 	EXP 	arrowhead: borderColor = <psychopy.colors.Color: none, alpha=0.0>
21.3031 	EXP 	arrowhead: autoDraw = True
21.5033 	EXP 	arrowhead: autoDraw = False
21.5589 	DATA 	Keypress: down
21.5698 	EXP 	arrowhead: autoDraw = False
21.5698 	EXP 	feedback_text: height = 3.0
21.5698 	EXP 	feedback_text: height = 3.0
21.5698 	EXP 	feedback_text: height = 3.0
21.5698 	EXP 	feedback_text: text = ''
21.5698 	EXP 	cross: autoDraw = True
21.5698 	EXP 	feedback_text: autoDraw = True
22.0699 	EXP 	cross: autoDraw = False
22.5700 	EXP 	feedback_text: autoDraw = False
22.5700 	EXP 	cross: autoDraw = False
22.5700 	EXP 	feedback_text: autoDraw = False
22.5700 	EXP 	text_2: autoDraw = True
23.2545 	EXP 	New trial (rep=0, index=9): OrderedDict([('orientation_index', 0), ('orientation_degrees', 0), ('correct_answer_index', 0), ('correct_answer_direction', 'up'), ('arrow_color', 'red')])
23.2698 	EXP 	text_2: autoDraw = False
23.2698 	EXP 	text_2: autoDraw = False
23.2698 	EXP 	arrowhead: fillColor = <psychopy.colors.Color: red, alpha=1.0>
23.2698 	EXP 	arrowhead: ori = 0.0
23.2698 	EXP 	arrowhead: borderColor = <psychopy.colors.Color: none, alpha=0.0>
23.2698 	EXP 	arrowhead: autoDraw = True
23.4701 	EXP 	arrowhead: autoDraw = False
23.7699 	EXP 	arrowhead: autoDraw = False
23.7699 	EXP 	feedback_text: height = 3.0
23.7699 	EXP 	feedback_text: height = 3.0
23.7699 	EXP 	feedback_text: height = 3.0
23.7699 	EXP 	feedback_text: text = '!'
23.7699 	EXP 	cross: autoDraw = True
23.7699 	EXP 	feedback_text: autoDraw = True
23.7885 	DATA 	Keypress: up
24.2698 	EXP 	cross: autoDraw = False
24.7699 	EXP 	feedback_text: autoDraw = False
24.7699 	EXP 	cross: autoDraw = False
24.7699 	EXP 	feedback_text: autoDraw = False
24.7699 	EXP 	text_2: autoDraw = True
25.4542 	EXP 	New trial (rep=0, index=10): OrderedDict([('orientation_index', 3), ('orientation_degrees', 270), ('correct_answer_index', 3), ('correct_answer_direction', 'left'), ('arrow_color', 'red')])
25.4700 	EXP 	text_2: autoDraw = False
25.4700 	EXP 	text_2: autoDraw = False
25.4700 	EXP 	arrowhead: fillColor = <psychopy.colors.Color: red, alpha=1.0>
25.4700 	EXP 	arrowhead: ori = 270.0
25.4700 	EXP 	arrowhead: borderColor = <psychopy.colors.Color: none, alpha=0.0>
25.4700 	EXP 	arrowhead: autoDraw = True
25.6698 	EXP 	arrowhead: autoDraw = False
25.9571 	DATA 	Keypress: left
25.9699 	EXP 	arrowhead: autoDraw = False
25.9699 	EXP 	feedback_text: text = '!'
25.9699 	EXP 	cross: autoDraw = True
25.9699 	EXP 	feedback_text: autoDraw = True
26.4699 	EXP 	cross: autoDraw = False
26.9698 	EXP 	feedback_text: autoDraw = False
26.9698 	EXP 	cross: autoDraw = False
26.9698 	EXP 	feedback_text: autoDraw = False
26.9698 	EXP 	text_2: autoDraw = True
27.6538 	EXP 	New trial (rep=0, index=11): OrderedDict([('orientation_index', 2), ('orientation_degrees', 180), ('correct_answer_index', 2), ('correct_answer_direction', 'down'), ('arrow_color', 'red')])
27.6695 	EXP 	text_2: autoDraw = False
27.6695 	EXP 	text_2: autoDraw = False
27.6695 	EXP 	arrowhead: fillColor = <psychopy.colors.Color: red, alpha=1.0>
27.6695 	EXP 	arrowhead: ori = 180.0
27.6695 	EXP 	arrowhead: borderColor = <psychopy.colors.Color: none, alpha=0.0>
27.6695 	EXP 	arrowhead: autoDraw = True
27.8699 	EXP 	arrowhead: autoDraw = False
28.1604 	DATA 	Keypress: up
28.1697 	EXP 	arrowhead: autoDraw = False
28.1697 	EXP 	feedback_text: text = '!'
28.1697 	EXP 	cross: autoDraw = True
28.1697 	EXP 	feedback_text: autoDraw = True
28.1889 	DATA 	Keypress: down
28.3397 	DATA 	Keypress: down
28.6696 	EXP 	cross: autoDraw = False
29.1697 	EXP 	feedback_text: autoDraw = False
29.1697 	EXP 	cross: autoDraw = False
29.1697 	EXP 	feedback_text: autoDraw = False
29.1697 	EXP 	text_2: autoDraw = True
29.8539 	EXP 	New trial (rep=0, index=12): OrderedDict([('orientation_index', 3), ('orientation_degrees', 270), ('correct_answer_index', 3), ('correct_answer_direction', 'left'), ('arrow_color', 'red')])
29.8696 	EXP 	text_2: autoDraw = False
29.8696 	EXP 	text_2: autoDraw = False
29.8696 	EXP 	arrowhead: fillColor = <psychopy.colors.Color: red, alpha=1.0>
29.8696 	EXP 	arrowhead: ori = 270.0
29.8696 	EXP 	arrowhead: borderColor = <psychopy.colors.Color: none, alpha=0.0>
29.8696 	EXP 	arrowhead: autoDraw = True
30.0697 	EXP 	arrowhead: autoDraw = False
30.2893 	DATA 	Keypress: left
30.3029 	EXP 	arrowhead: autoDraw = False
30.3029 	EXP 	feedback_text: height = 3.0
30.3029 	EXP 	feedback_text: height = 3.0
30.3029 	EXP 	feedback_text: height = 3.0
30.3029 	EXP 	feedback_text: text = ''
30.3029 	EXP 	cross: autoDraw = True
30.3029 	EXP 	feedback_text: autoDraw = True
30.8029 	EXP 	cross: autoDraw = False
31.3026 	EXP 	feedback_text: autoDraw = False
31.3026 	EXP 	cross: autoDraw = False
31.3026 	EXP 	feedback_text: autoDraw = False
31.3026 	EXP 	text_2: autoDraw = True
31.9874 	EXP 	New trial (rep=0, index=13): OrderedDict([('orientation_index', 1), ('orientation_degrees', 90), ('correct_answer_index', 1), ('correct_answer_direction', 'right'), ('arrow_color', 'red')])
32.0028 	EXP 	text_2: autoDraw = False
32.0028 	EXP 	text_2: autoDraw = False
32.0028 	EXP 	arrowhead: fillColor = <psychopy.colors.Color: red, alpha=1.0>
32.0028 	EXP 	arrowhead: ori = 90.0
32.0028 	EXP 	arrowhead: borderColor = <psychopy.colors.Color: none, alpha=0.0>
32.0028 	EXP 	arrowhead: autoDraw = True
32.2030 	EXP 	arrowhead: autoDraw = False
32.4608 	DATA 	Keypress: up
32.4697 	EXP 	arrowhead: autoDraw = False
32.4697 	EXP 	feedback_text: height = 3.0
32.4697 	EXP 	feedback_text: height = 3.0
32.4697 	EXP 	feedback_text: height = 3.0
32.4697 	EXP 	feedback_text: text = 'X'
32.4697 	EXP 	cross: autoDraw = True
32.4697 	EXP 	feedback_text: autoDraw = True
32.9696 	EXP 	cross: autoDraw = False
33.4693 	EXP 	feedback_text: autoDraw = False
33.4693 	EXP 	cross: autoDraw = False
33.4693 	EXP 	feedback_text: autoDraw = False
33.4693 	EXP 	text_2: autoDraw = True
34.1539 	EXP 	New trial (rep=0, index=14): OrderedDict([('orientation_index', 3), ('orientation_degrees', 270), ('correct_answer_index', 3), ('correct_answer_direction', 'left'), ('arrow_color', 'red')])
34.1692 	EXP 	text_2: autoDraw = False
34.1692 	EXP 	text_2: autoDraw = False
34.1692 	EXP 	arrowhead: fillColor = <psychopy.colors.Color: red, alpha=1.0>
34.1692 	EXP 	arrowhead: ori = 270.0
34.1692 	EXP 	arrowhead: borderColor = <psychopy.colors.Color: none, alpha=0.0>
34.1692 	EXP 	arrowhead: autoDraw = True
34.3693 	EXP 	arrowhead: autoDraw = False
34.6691 	EXP 	arrowhead: autoDraw = False
34.6691 	EXP 	feedback_text: height = 3.0
34.6691 	EXP 	feedback_text: height = 3.0
34.6691 	EXP 	feedback_text: height = 3.0
34.6691 	EXP 	feedback_text: text = '!'
34.6691 	EXP 	cross: autoDraw = True
34.6691 	EXP 	feedback_text: autoDraw = True
34.7405 	DATA 	Keypress: left
35.1695 	EXP 	cross: autoDraw = False
35.6695 	EXP 	feedback_text: autoDraw = False
35.6695 	EXP 	cross: autoDraw = False
35.6695 	EXP 	feedback_text: autoDraw = False
35.6695 	EXP 	text_2: autoDraw = True
36.3539 	EXP 	New trial (rep=0, index=15): OrderedDict([('orientation_index', 2), ('orientation_degrees', 180), ('correct_answer_index', 2), ('correct_answer_direction', 'down'), ('arrow_color', 'red')])
36.3693 	EXP 	text_2: autoDraw = False
36.3693 	EXP 	text_2: autoDraw = False
36.3693 	EXP 	arrowhead: fillColor = <psychopy.colors.Color: red, alpha=1.0>
36.3693 	EXP 	arrowhead: ori = 180.0
36.3693 	EXP 	arrowhead: borderColor = <psychopy.colors.Color: none, alpha=0.0>
36.3693 	EXP 	arrowhead: autoDraw = True
36.5694 	EXP 	arrowhead: autoDraw = False
36.8564 	DATA 	Keypress: down
36.8692 	EXP 	arrowhead: autoDraw = False
36.8692 	EXP 	feedback_text: text = '!'
36.8692 	EXP 	cross: autoDraw = True
36.8692 	EXP 	feedback_text: autoDraw = True
37.3692 	EXP 	cross: autoDraw = False
37.8692 	EXP 	feedback_text: autoDraw = False
37.8692 	EXP 	cross: autoDraw = False
37.8692 	EXP 	feedback_text: autoDraw = False
37.8692 	EXP 	text_2: autoDraw = True
38.5534 	EXP 	New trial (rep=0, index=16): OrderedDict([('orientation_index', 3), ('orientation_degrees', 270), ('correct_answer_index', 3), ('correct_answer_direction', 'left'), ('arrow_color', 'red')])
38.5691 	EXP 	text_2: autoDraw = False
38.5691 	EXP 	text_2: autoDraw = False
38.5691 	EXP 	arrowhead: fillColor = <psychopy.colors.Color: red, alpha=1.0>
38.5691 	EXP 	arrowhead: ori = 270.0
38.5691 	EXP 	arrowhead: borderColor = <psychopy.colors.Color: none, alpha=0.0>
38.5691 	EXP 	arrowhead: autoDraw = True
38.7692 	EXP 	arrowhead: autoDraw = False
38.8932 	DATA 	Keypress: right
38.9025 	EXP 	arrowhead: autoDraw = False
38.9025 	EXP 	feedback_text: height = 3.0
38.9025 	EXP 	feedback_text: height = 3.0
38.9025 	EXP 	feedback_text: height = 3.0
38.9025 	EXP 	feedback_text: text = 'X'
38.9025 	EXP 	cross: autoDraw = True
38.9025 	EXP 	feedback_text: autoDraw = True
39.4024 	EXP 	cross: autoDraw = False
39.9024 	EXP 	feedback_text: autoDraw = False
39.9024 	EXP 	cross: autoDraw = False
39.9024 	EXP 	feedback_text: autoDraw = False
39.9024 	EXP 	text_2: autoDraw = True
40.5871 	EXP 	New trial (rep=0, index=17): OrderedDict([('orientation_index', 3), ('orientation_degrees', 270), ('correct_answer_index', 3), ('correct_answer_direction', 'left'), ('arrow_color', 'red')])
40.6025 	EXP 	text_2: autoDraw = False
40.6025 	EXP 	text_2: autoDraw = False
40.6025 	EXP 	arrowhead: fillColor = <psychopy.colors.Color: red, alpha=1.0>
40.6025 	EXP 	arrowhead: ori = 270.0
40.6025 	EXP 	arrowhead: borderColor = <psychopy.colors.Color: none, alpha=0.0>
40.6025 	EXP 	arrowhead: autoDraw = True
40.8024 	EXP 	arrowhead: autoDraw = False
40.9743 	DATA 	Keypress: left
40.9856 	EXP 	arrowhead: autoDraw = False
40.9856 	EXP 	feedback_text: height = 3.0
40.9856 	EXP 	feedback_text: height = 3.0
40.9856 	EXP 	feedback_text: height = 3.0
40.9856 	EXP 	feedback_text: text = ''
40.9856 	EXP 	cross: autoDraw = True
40.9856 	EXP 	feedback_text: autoDraw = True
41.4858 	EXP 	cross: autoDraw = False
41.9856 	EXP 	feedback_text: autoDraw = False
41.9856 	EXP 	cross: autoDraw = False
41.9856 	EXP 	feedback_text: autoDraw = False
41.9856 	EXP 	text_2: autoDraw = True
42.6701 	EXP 	New trial (rep=0, index=18): OrderedDict([('orientation_index', 0), ('orientation_degrees', 0), ('correct_answer_index', 0), ('correct_answer_direction', 'up'), ('arrow_color', 'red')])
42.6856 	EXP 	text_2: autoDraw = False
42.6856 	EXP 	text_2: autoDraw = False
42.6856 	EXP 	arrowhead: fillColor = <psychopy.colors.Color: red, alpha=1.0>
42.6856 	EXP 	arrowhead: ori = 0.0
42.6856 	EXP 	arrowhead: borderColor = <psychopy.colors.Color: none, alpha=0.0>
42.6856 	EXP 	arrowhead: autoDraw = True
42.8853 	EXP 	arrowhead: autoDraw = False
43.0560 	DATA 	Keypress: up
43.0689 	EXP 	arrowhead: autoDraw = False
43.0689 	EXP 	feedback_text: text = ''
43.0689 	EXP 	cross: autoDraw = True
43.0689 	EXP 	feedback_text: autoDraw = True
43.5689 	EXP 	cross: autoDraw = False
44.0689 	EXP 	feedback_text: autoDraw = False
44.0689 	EXP 	cross: autoDraw = False
44.0689 	EXP 	feedback_text: autoDraw = False
44.0689 	EXP 	text_2: autoDraw = True
44.7536 	EXP 	New trial (rep=0, index=19): OrderedDict([('orientation_index', 2), ('orientation_degrees', 180), ('correct_answer_index', 2), ('correct_answer_direction', 'down'), ('arrow_color', 'red')])
44.7690 	EXP 	text_2: autoDraw = False
44.7690 	EXP 	text_2: autoDraw = False
44.7690 	EXP 	arrowhead: fillColor = <psychopy.colors.Color: red, alpha=1.0>
44.7690 	EXP 	arrowhead: ori = 180.0
44.7690 	EXP 	arrowhead: borderColor = <psychopy.colors.Color: none, alpha=0.0>
44.7690 	EXP 	arrowhead: autoDraw = True
44.9687 	EXP 	arrowhead: autoDraw = False
45.2044 	DATA 	Keypress: down
45.2187 	EXP 	arrowhead: autoDraw = False
45.2187 	EXP 	feedback_text: text = ''
45.2187 	EXP 	cross: autoDraw = True
45.2187 	EXP 	feedback_text: autoDraw = True
45.7186 	EXP 	cross: autoDraw = False
46.2186 	EXP 	feedback_text: autoDraw = False
46.2186 	EXP 	cross: autoDraw = False
46.2186 	EXP 	feedback_text: autoDraw = False
46.2186 	EXP 	text_2: autoDraw = True
46.9026 	EXP 	New trial (rep=0, index=20): OrderedDict([('orientation_index', 3), ('orientation_degrees', 270), ('correct_answer_index', 3), ('correct_answer_direction', 'left'), ('arrow_color', 'red')])
46.9186 	EXP 	text_2: autoDraw = False
46.9186 	EXP 	text_2: autoDraw = False
46.9186 	EXP 	arrowhead: fillColor = <psychopy.colors.Color: red, alpha=1.0>
46.9186 	EXP 	arrowhead: ori = 270.0
46.9186 	EXP 	arrowhead: borderColor = <psychopy.colors.Color: none, alpha=0.0>
46.9186 	EXP 	arrowhead: autoDraw = True
47.1185 	EXP 	arrowhead: autoDraw = False
47.3381 	DATA 	Keypress: left
47.3518 	EXP 	arrowhead: autoDraw = False
47.3518 	EXP 	feedback_text: text = ''
47.3518 	EXP 	cross: autoDraw = True
47.3518 	EXP 	feedback_text: autoDraw = True
47.8518 	EXP 	cross: autoDraw = False
48.3518 	EXP 	feedback_text: autoDraw = False
48.3518 	EXP 	cross: autoDraw = False
48.3518 	EXP 	feedback_text: autoDraw = False
48.3518 	EXP 	text_2: autoDraw = True
49.0359 	EXP 	New trial (rep=0, index=21): OrderedDict([('orientation_index', 2), ('orientation_degrees', 180), ('correct_answer_index', 2), ('correct_answer_direction', 'down'), ('arrow_color', 'red')])
49.0519 	EXP 	text_2: autoDraw = False
49.0519 	EXP 	text_2: autoDraw = False
49.0519 	EXP 	arrowhead: fillColor = <psychopy.colors.Color: red, alpha=1.0>
49.0519 	EXP 	arrowhead: ori = 180.0
49.0519 	EXP 	arrowhead: borderColor = <psychopy.colors.Color: none, alpha=0.0>
49.0519 	EXP 	arrowhead: autoDraw = True
49.2517 	EXP 	arrowhead: autoDraw = False
49.5049 	DATA 	Keypress: down
49.5184 	EXP 	arrowhead: autoDraw = False
49.5184 	EXP 	feedback_text: text = ''
49.5184 	EXP 	cross: autoDraw = True
49.5184 	EXP 	feedback_text: autoDraw = True
50.0185 	EXP 	cross: autoDraw = False
50.5184 	EXP 	feedback_text: autoDraw = False
50.5184 	EXP 	cross: autoDraw = False
50.5184 	EXP 	feedback_text: autoDraw = False
50.5184 	EXP 	text_2: autoDraw = True
51.2029 	EXP 	New trial (rep=0, index=22): OrderedDict([('orientation_index', 2), ('orientation_degrees', 180), ('correct_answer_index', 2), ('correct_answer_direction', 'down'), ('arrow_color', 'red')])
51.2185 	EXP 	text_2: autoDraw = False
51.2185 	EXP 	text_2: autoDraw = False
51.2185 	EXP 	arrowhead: fillColor = <psychopy.colors.Color: red, alpha=1.0>
51.2185 	EXP 	arrowhead: ori = 180.0
51.2185 	EXP 	arrowhead: borderColor = <psychopy.colors.Color: none, alpha=0.0>
51.2185 	EXP 	arrowhead: autoDraw = True
51.4182 	EXP 	arrowhead: autoDraw = False
51.6888 	DATA 	Keypress: down
51.7017 	EXP 	arrowhead: autoDraw = False
51.7017 	EXP 	feedback_text: text = ''
51.7017 	EXP 	cross: autoDraw = True
51.7017 	EXP 	feedback_text: autoDraw = True
52.2016 	EXP 	cross: autoDraw = False
52.7016 	EXP 	feedback_text: autoDraw = False
52.7016 	EXP 	cross: autoDraw = False
52.7016 	EXP 	feedback_text: autoDraw = False
52.7016 	EXP 	text_2: autoDraw = True
53.3860 	EXP 	New trial (rep=0, index=23): OrderedDict([('orientation_index', 1), ('orientation_degrees', 90), ('correct_answer_index', 1), ('correct_answer_direction', 'right'), ('arrow_color', 'red')])
53.4016 	EXP 	text_2: autoDraw = False
53.4016 	EXP 	text_2: autoDraw = False
53.4016 	EXP 	arrowhead: fillColor = <psychopy.colors.Color: red, alpha=1.0>
53.4016 	EXP 	arrowhead: ori = 90.0
53.4016 	EXP 	arrowhead: borderColor = <psychopy.colors.Color: none, alpha=0.0>
53.4016 	EXP 	arrowhead: autoDraw = True
53.6016 	EXP 	arrowhead: autoDraw = False
53.8375 	DATA 	Keypress: right
53.8517 	EXP 	arrowhead: autoDraw = False
53.8517 	EXP 	feedback_text: text = ''
53.8517 	EXP 	cross: autoDraw = True
53.8517 	EXP 	feedback_text: autoDraw = True
54.3514 	EXP 	cross: autoDraw = False
54.8515 	EXP 	feedback_text: autoDraw = False
54.8515 	EXP 	cross: autoDraw = False
54.8515 	EXP 	feedback_text: autoDraw = False
54.8515 	EXP 	text_2: autoDraw = True
55.5359 	EXP 	New trial (rep=0, index=24): OrderedDict([('orientation_index', 1), ('orientation_degrees', 90), ('correct_answer_index', 1), ('correct_answer_direction', 'right'), ('arrow_color', 'red')])
55.5515 	EXP 	text_2: autoDraw = False
55.5515 	EXP 	text_2: autoDraw = False
55.5515 	EXP 	arrowhead: fillColor = <psychopy.colors.Color: red, alpha=1.0>
55.5515 	EXP 	arrowhead: ori = 90.0
55.5515 	EXP 	arrowhead: borderColor = <psychopy.colors.Color: none, alpha=0.0>
55.5515 	EXP 	arrowhead: autoDraw = True
55.7515 	EXP 	arrowhead: autoDraw = False
55.9565 	DATA 	Keypress: down
55.9682 	EXP 	arrowhead: autoDraw = False
55.9682 	EXP 	feedback_text: height = 3.0
55.9682 	EXP 	feedback_text: height = 3.0
55.9682 	EXP 	feedback_text: height = 3.0
55.9682 	EXP 	feedback_text: text = 'X'
55.9682 	EXP 	cross: autoDraw = True
55.9682 	EXP 	feedback_text: autoDraw = True
56.1039 	DATA 	Keypress: right
56.4680 	EXP 	cross: autoDraw = False
56.9682 	EXP 	feedback_text: autoDraw = False
56.9682 	EXP 	cross: autoDraw = False
56.9682 	EXP 	feedback_text: autoDraw = False
56.9682 	EXP 	text_2: autoDraw = True
57.6521 	EXP 	New trial (rep=0, index=25): OrderedDict([('orientation_index', 1), ('orientation_degrees', 90), ('correct_answer_index', 1), ('correct_answer_direction', 'right'), ('arrow_color', 'red')])
57.6680 	EXP 	text_2: autoDraw = False
57.6680 	EXP 	text_2: autoDraw = False
57.6680 	EXP 	arrowhead: fillColor = <psychopy.colors.Color: red, alpha=1.0>
57.6680 	EXP 	arrowhead: ori = 90.0
57.6680 	EXP 	arrowhead: borderColor = <psychopy.colors.Color: none, alpha=0.0>
57.6680 	EXP 	arrowhead: autoDraw = True
57.8681 	EXP 	arrowhead: autoDraw = False
58.0885 	DATA 	Keypress: right
58.1013 	EXP 	arrowhead: autoDraw = False
58.1013 	EXP 	feedback_text: height = 3.0
58.1013 	EXP 	feedback_text: height = 3.0
58.1013 	EXP 	feedback_text: height = 3.0
58.1013 	EXP 	feedback_text: text = ''
58.1013 	EXP 	cross: autoDraw = True
58.1013 	EXP 	feedback_text: autoDraw = True
58.6012 	EXP 	cross: autoDraw = False
59.1012 	EXP 	feedback_text: autoDraw = False
59.1012 	EXP 	cross: autoDraw = False
59.1012 	EXP 	feedback_text: autoDraw = False
59.1012 	EXP 	text_2: autoDraw = True
59.7852 	EXP 	New trial (rep=0, index=26): OrderedDict([('orientation_index', 3), ('orientation_degrees', 270), ('correct_answer_index', 3), ('correct_answer_direction', 'left'), ('arrow_color', 'red')])
59.8012 	EXP 	text_2: autoDraw = False
59.8012 	EXP 	text_2: autoDraw = False
59.8012 	EXP 	arrowhead: fillColor = <psychopy.colors.Color: red, alpha=1.0>
59.8012 	EXP 	arrowhead: ori = 270.0
59.8012 	EXP 	arrowhead: borderColor = <psychopy.colors.Color: none, alpha=0.0>
59.8012 	EXP 	arrowhead: autoDraw = True
60.0010 	EXP 	arrowhead: autoDraw = False
60.1218 	DATA 	Keypress: down
60.1346 	EXP 	arrowhead: autoDraw = False
60.1346 	EXP 	feedback_text: height = 3.0
60.1346 	EXP 	feedback_text: height = 3.0
60.1346 	EXP 	feedback_text: height = 3.0
60.1346 	EXP 	feedback_text: text = 'X'
60.1346 	EXP 	cross: autoDraw = True
60.1346 	EXP 	feedback_text: autoDraw = True
60.6346 	EXP 	cross: autoDraw = False
61.1347 	EXP 	feedback_text: autoDraw = False
61.1347 	EXP 	cross: autoDraw = False
61.1347 	EXP 	feedback_text: autoDraw = False
61.1347 	EXP 	text_2: autoDraw = True
61.8188 	EXP 	New trial (rep=0, index=27): OrderedDict([('orientation_index', 0), ('orientation_degrees', 0), ('correct_answer_index', 0), ('correct_answer_direction', 'up'), ('arrow_color', 'red')])
61.8345 	EXP 	text_2: autoDraw = False
61.8345 	EXP 	text_2: autoDraw = False
61.8345 	EXP 	arrowhead: fillColor = <psychopy.colors.Color: red, alpha=1.0>
61.8345 	EXP 	arrowhead: ori = 0.0
61.8345 	EXP 	arrowhead: borderColor = <psychopy.colors.Color: none, alpha=0.0>
61.8345 	EXP 	arrowhead: autoDraw = True
62.0345 	EXP 	arrowhead: autoDraw = False
62.3345 	EXP 	arrowhead: autoDraw = False
62.3345 	EXP 	feedback_text: height = 3.0
62.3345 	EXP 	feedback_text: height = 3.0
62.3345 	EXP 	feedback_text: height = 3.0
62.3345 	EXP 	feedback_text: text = '!'
62.3345 	EXP 	cross: autoDraw = True
62.3345 	EXP 	feedback_text: autoDraw = True
62.4361 	DATA 	Keypress: up
62.8344 	EXP 	cross: autoDraw = False
63.3344 	EXP 	feedback_text: autoDraw = False
63.3344 	EXP 	cross: autoDraw = False
63.3344 	EXP 	feedback_text: autoDraw = False
63.3344 	EXP 	text_2: autoDraw = True
64.0185 	EXP 	New trial (rep=0, index=28): OrderedDict([('orientation_index', 2), ('orientation_degrees', 180), ('correct_answer_index', 2), ('correct_answer_direction', 'down'), ('arrow_color', 'red')])
64.0344 	EXP 	text_2: autoDraw = False
64.0344 	EXP 	text_2: autoDraw = False
64.0344 	EXP 	arrowhead: fillColor = <psychopy.colors.Color: red, alpha=1.0>
64.0344 	EXP 	arrowhead: ori = 180.0
64.0344 	EXP 	arrowhead: borderColor = <psychopy.colors.Color: none, alpha=0.0>
64.0344 	EXP 	arrowhead: autoDraw = True
64.2345 	EXP 	arrowhead: autoDraw = False
64.4733 	DATA 	Keypress: left
64.4845 	EXP 	arrowhead: autoDraw = False
64.4845 	EXP 	feedback_text: height = 3.0
64.4845 	EXP 	feedback_text: height = 3.0
64.4845 	EXP 	feedback_text: height = 3.0
64.4845 	EXP 	feedback_text: text = 'X'
64.4845 	EXP 	cross: autoDraw = True
64.4845 	EXP 	feedback_text: autoDraw = True
64.5030 	DATA 	Keypress: up
64.5371 	DATA 	Keypress: down
64.9843 	EXP 	cross: autoDraw = False
65.4842 	EXP 	feedback_text: autoDraw = False
65.4842 	EXP 	cross: autoDraw = False
65.4842 	EXP 	feedback_text: autoDraw = False
65.4842 	EXP 	text_2: autoDraw = True
66.1685 	EXP 	New trial (rep=0, index=29): OrderedDict([('orientation_index', 2), ('orientation_degrees', 180), ('correct_answer_index', 2), ('correct_answer_direction', 'down'), ('arrow_color', 'red')])
66.1844 	EXP 	text_2: autoDraw = False
66.1844 	EXP 	text_2: autoDraw = False
66.1844 	EXP 	arrowhead: fillColor = <psychopy.colors.Color: red, alpha=1.0>
66.1844 	EXP 	arrowhead: ori = 180.0
66.1844 	EXP 	arrowhead: borderColor = <psychopy.colors.Color: none, alpha=0.0>
66.1844 	EXP 	arrowhead: autoDraw = True
66.3843 	EXP 	arrowhead: autoDraw = False
66.6543 	DATA 	Keypress: down
66.6676 	EXP 	arrowhead: autoDraw = False
66.6676 	EXP 	feedback_text: height = 3.0
66.6676 	EXP 	feedback_text: height = 3.0
66.6676 	EXP 	feedback_text: height = 3.0
66.6676 	EXP 	feedback_text: text = ''
66.6676 	EXP 	cross: autoDraw = True
66.6676 	EXP 	feedback_text: autoDraw = True
67.1677 	EXP 	cross: autoDraw = False
67.6675 	EXP 	feedback_text: autoDraw = False
67.6675 	EXP 	cross: autoDraw = False
67.6675 	EXP 	feedback_text: autoDraw = False
67.6675 	EXP 	text_2: autoDraw = True
68.3518 	EXP 	New trial (rep=0, index=30): OrderedDict([('orientation_index', 3), ('orientation_degrees', 270), ('correct_answer_index', 3), ('correct_answer_direction', 'left'), ('arrow_color', 'red')])
68.3675 	EXP 	text_2: autoDraw = False
68.3675 	EXP 	text_2: autoDraw = False
68.3675 	EXP 	arrowhead: fillColor = <psychopy.colors.Color: red, alpha=1.0>
68.3675 	EXP 	arrowhead: ori = 270.0
68.3675 	EXP 	arrowhead: borderColor = <psychopy.colors.Color: none, alpha=0.0>
68.3675 	EXP 	arrowhead: autoDraw = True
68.5675 	EXP 	arrowhead: autoDraw = False
68.8362 	DATA 	Keypress: left
68.8507 	EXP 	arrowhead: autoDraw = False
68.8507 	EXP 	feedback_text: text = ''
68.8507 	EXP 	cross: autoDraw = True
68.8507 	EXP 	feedback_text: autoDraw = True
69.3507 	EXP 	cross: autoDraw = False
69.8507 	EXP 	feedback_text: autoDraw = False
69.8507 	EXP 	cross: autoDraw = False
69.8507 	EXP 	feedback_text: autoDraw = False
69.8507 	EXP 	text_2: autoDraw = True
70.5347 	EXP 	New trial (rep=0, index=31): OrderedDict([('orientation_index', 1), ('orientation_degrees', 90), ('correct_answer_index', 1), ('correct_answer_direction', 'right'), ('arrow_color', 'red')])
70.5507 	EXP 	text_2: autoDraw = False
70.5507 	EXP 	text_2: autoDraw = False
70.5507 	EXP 	arrowhead: fillColor = <psychopy.colors.Color: red, alpha=1.0>
70.5507 	EXP 	arrowhead: ori = 90.0
70.5507 	EXP 	arrowhead: borderColor = <psychopy.colors.Color: none, alpha=0.0>
70.5507 	EXP 	arrowhead: autoDraw = True
70.7506 	EXP 	arrowhead: autoDraw = False
71.0204 	DATA 	Keypress: right
71.0340 	EXP 	arrowhead: autoDraw = False
71.0340 	EXP 	feedback_text: text = ''
71.0340 	EXP 	cross: autoDraw = True
71.0340 	EXP 	feedback_text: autoDraw = True
71.5341 	EXP 	cross: autoDraw = False
72.0339 	EXP 	feedback_text: autoDraw = False
72.0339 	EXP 	cross: autoDraw = False
72.0339 	EXP 	feedback_text: autoDraw = False
72.0339 	EXP 	text_2: autoDraw = True
72.7182 	EXP 	New trial (rep=0, index=32): OrderedDict([('orientation_index', 1), ('orientation_degrees', 90), ('correct_answer_index', 1), ('correct_answer_direction', 'right'), ('arrow_color', 'red')])
72.7339 	EXP 	text_2: autoDraw = False
72.7339 	EXP 	text_2: autoDraw = False
72.7339 	EXP 	arrowhead: fillColor = <psychopy.colors.Color: red, alpha=1.0>
72.7339 	EXP 	arrowhead: ori = 90.0
72.7339 	EXP 	arrowhead: borderColor = <psychopy.colors.Color: none, alpha=0.0>
72.7339 	EXP 	arrowhead: autoDraw = True
72.9338 	EXP 	arrowhead: autoDraw = False
73.2041 	DATA 	Keypress: right
73.2173 	EXP 	arrowhead: autoDraw = False
73.2173 	EXP 	feedback_text: text = ''
73.2173 	EXP 	cross: autoDraw = True
73.2173 	EXP 	feedback_text: autoDraw = True
73.7173 	EXP 	cross: autoDraw = False
74.2172 	EXP 	feedback_text: autoDraw = False
74.2172 	EXP 	cross: autoDraw = False
74.2172 	EXP 	feedback_text: autoDraw = False
74.2172 	EXP 	text_2: autoDraw = True
74.9014 	EXP 	New trial (rep=0, index=33): OrderedDict([('orientation_index', 0), ('orientation_degrees', 0), ('correct_answer_index', 0), ('correct_answer_direction', 'up'), ('arrow_color', 'red')])
74.9171 	EXP 	text_2: autoDraw = False
74.9171 	EXP 	text_2: autoDraw = False
74.9171 	EXP 	arrowhead: fillColor = <psychopy.colors.Color: red, alpha=1.0>
74.9171 	EXP 	arrowhead: ori = 0.0
74.9171 	EXP 	arrowhead: borderColor = <psychopy.colors.Color: none, alpha=0.0>
74.9171 	EXP 	arrowhead: autoDraw = True
75.1172 	EXP 	arrowhead: autoDraw = False
75.4171 	EXP 	arrowhead: autoDraw = False
75.4171 	EXP 	feedback_text: height = 3.0
75.4171 	EXP 	feedback_text: height = 3.0
75.4171 	EXP 	feedback_text: height = 3.0
75.4171 	EXP 	feedback_text: text = '!'
75.4171 	EXP 	cross: autoDraw = True
75.4171 	EXP 	feedback_text: autoDraw = True
75.4692 	DATA 	Keypress: up
75.9172 	EXP 	cross: autoDraw = False
76.4171 	EXP 	feedback_text: autoDraw = False
76.4171 	EXP 	cross: autoDraw = False
76.4171 	EXP 	feedback_text: autoDraw = False
76.4171 	EXP 	text_2: autoDraw = True
77.1012 	EXP 	New trial (rep=0, index=34): OrderedDict([('orientation_index', 1), ('orientation_degrees', 90), ('correct_answer_index', 1), ('correct_answer_direction', 'right'), ('arrow_color', 'red')])
77.1172 	EXP 	text_2: autoDraw = False
77.1172 	EXP 	text_2: autoDraw = False
77.1172 	EXP 	arrowhead: fillColor = <psychopy.colors.Color: red, alpha=1.0>
77.1172 	EXP 	arrowhead: ori = 90.0
77.1172 	EXP 	arrowhead: borderColor = <psychopy.colors.Color: none, alpha=0.0>
77.1172 	EXP 	arrowhead: autoDraw = True
77.3171 	EXP 	arrowhead: autoDraw = False
77.5884 	DATA 	Keypress: right
77.6004 	EXP 	arrowhead: autoDraw = False
77.6004 	EXP 	feedback_text: height = 3.0
77.6004 	EXP 	feedback_text: height = 3.0
77.6004 	EXP 	feedback_text: height = 3.0
77.6004 	EXP 	feedback_text: text = ''
77.6004 	EXP 	cross: autoDraw = True
77.6004 	EXP 	feedback_text: autoDraw = True
78.1003 	EXP 	cross: autoDraw = False
78.6003 	EXP 	feedback_text: autoDraw = False
78.6003 	EXP 	cross: autoDraw = False
78.6003 	EXP 	feedback_text: autoDraw = False
78.6003 	EXP 	text_2: autoDraw = True
79.2847 	EXP 	New trial (rep=0, index=35): OrderedDict([('orientation_index', 0), ('orientation_degrees', 0), ('correct_answer_index', 0), ('correct_answer_direction', 'up'), ('arrow_color', 'red')])
79.3002 	EXP 	text_2: autoDraw = False
79.3002 	EXP 	text_2: autoDraw = False
79.3002 	EXP 	arrowhead: fillColor = <psychopy.colors.Color: red, alpha=1.0>
79.3002 	EXP 	arrowhead: ori = 0.0
79.3002 	EXP 	arrowhead: borderColor = <psychopy.colors.Color: none, alpha=0.0>
79.3002 	EXP 	arrowhead: autoDraw = True
79.5003 	EXP 	arrowhead: autoDraw = False
79.8001 	EXP 	arrowhead: autoDraw = False
79.8001 	EXP 	feedback_text: height = 3.0
79.8001 	EXP 	feedback_text: height = 3.0
79.8001 	EXP 	feedback_text: height = 3.0
79.8001 	EXP 	feedback_text: text = '!'
79.8001 	EXP 	cross: autoDraw = True
79.8001 	EXP 	feedback_text: autoDraw = True
79.8686 	DATA 	Keypress: up
80.3002 	EXP 	cross: autoDraw = False
80.8001 	EXP 	feedback_text: autoDraw = False
80.8001 	EXP 	cross: autoDraw = False
80.8001 	EXP 	feedback_text: autoDraw = False
80.8001 	EXP 	text_2: autoDraw = True
81.4840 	EXP 	New trial (rep=0, index=36): OrderedDict([('orientation_index', 1), ('orientation_degrees', 90), ('correct_answer_index', 1), ('correct_answer_direction', 'right'), ('arrow_color', 'red')])
81.5002 	EXP 	text_2: autoDraw = False
81.5002 	EXP 	text_2: autoDraw = False
81.5002 	EXP 	arrowhead: fillColor = <psychopy.colors.Color: red, alpha=1.0>
81.5002 	EXP 	arrowhead: ori = 90.0
81.5002 	EXP 	arrowhead: borderColor = <psychopy.colors.Color: none, alpha=0.0>
81.5002 	EXP 	arrowhead: autoDraw = True
81.7000 	EXP 	arrowhead: autoDraw = False
82.0001 	EXP 	arrowhead: autoDraw = False
82.0001 	EXP 	feedback_text: text = '!'
82.0001 	EXP 	cross: autoDraw = True
82.0001 	EXP 	feedback_text: autoDraw = True
82.0362 	DATA 	Keypress: right
82.5001 	EXP 	cross: autoDraw = False
83.0002 	EXP 	feedback_text: autoDraw = False
83.0002 	EXP 	cross: autoDraw = False
83.0002 	EXP 	feedback_text: autoDraw = False
83.0002 	EXP 	text_2: autoDraw = True
83.6839 	EXP 	New trial (rep=0, index=37): OrderedDict([('orientation_index', 0), ('orientation_degrees', 0), ('correct_answer_index', 0), ('correct_answer_direction', 'up'), ('arrow_color', 'red')])
83.7000 	EXP 	text_2: autoDraw = False
83.7000 	EXP 	text_2: autoDraw = False
83.7000 	EXP 	arrowhead: fillColor = <psychopy.colors.Color: red, alpha=1.0>
83.7000 	EXP 	arrowhead: ori = 0.0
83.7000 	EXP 	arrowhead: borderColor = <psychopy.colors.Color: none, alpha=0.0>
83.7000 	EXP 	arrowhead: autoDraw = True
83.8999 	EXP 	arrowhead: autoDraw = False
84.1030 	DATA 	Keypress: up
84.1166 	EXP 	arrowhead: autoDraw = False
84.1166 	EXP 	feedback_text: height = 3.0
84.1166 	EXP 	feedback_text: height = 3.0
84.1166 	EXP 	feedback_text: height = 3.0
84.1166 	EXP 	feedback_text: text = ''
84.1166 	EXP 	cross: autoDraw = True
84.1166 	EXP 	feedback_text: autoDraw = True
84.6168 	EXP 	cross: autoDraw = False
85.1166 	EXP 	feedback_text: autoDraw = False
85.1166 	EXP 	cross: autoDraw = False
85.1166 	EXP 	feedback_text: autoDraw = False
85.1166 	EXP 	text_2: autoDraw = True
85.8011 	EXP 	New trial (rep=0, index=38): OrderedDict([('orientation_index', 0), ('orientation_degrees', 0), ('correct_answer_index', 0), ('correct_answer_direction', 'up'), ('arrow_color', 'red')])
85.8167 	EXP 	text_2: autoDraw = False
85.8167 	EXP 	text_2: autoDraw = False
85.8167 	EXP 	arrowhead: fillColor = <psychopy.colors.Color: red, alpha=1.0>
85.8167 	EXP 	arrowhead: ori = 0.0
85.8167 	EXP 	arrowhead: borderColor = <psychopy.colors.Color: none, alpha=0.0>
85.8167 	EXP 	arrowhead: autoDraw = True
86.0166 	EXP 	arrowhead: autoDraw = False
86.3167 	EXP 	arrowhead: autoDraw = False
86.3167 	EXP 	feedback_text: height = 3.0
86.3167 	EXP 	feedback_text: height = 3.0
86.3167 	EXP 	feedback_text: height = 3.0
86.3167 	EXP 	feedback_text: text = '!'
86.3167 	EXP 	cross: autoDraw = True
86.3167 	EXP 	feedback_text: autoDraw = True
86.4198 	DATA 	Keypress: up
86.8166 	EXP 	cross: autoDraw = False
87.3165 	EXP 	feedback_text: autoDraw = False
87.3165 	EXP 	cross: autoDraw = False
87.3165 	EXP 	feedback_text: autoDraw = False
87.3165 	EXP 	text_2: autoDraw = True
88.0004 	EXP 	New trial (rep=0, index=39): OrderedDict([('orientation_index', 0), ('orientation_degrees', 0), ('correct_answer_index', 0), ('correct_answer_direction', 'up'), ('arrow_color', 'red')])
88.0165 	EXP 	text_2: autoDraw = False
88.0165 	EXP 	text_2: autoDraw = False
88.0165 	EXP 	arrowhead: fillColor = <psychopy.colors.Color: red, alpha=1.0>
88.0165 	EXP 	arrowhead: ori = 0.0
88.0165 	EXP 	arrowhead: borderColor = <psychopy.colors.Color: none, alpha=0.0>
88.0165 	EXP 	arrowhead: autoDraw = True
88.0188 	DATA 	Keypress: escape
88.1674 	EXP 	ASRT_percept: status = STOPPED
88.1832 	EXP 	arrowhead: autoDraw = False
88.1833 	EXP 	ASRT_percept: status = STOPPED
88.3119 	EXP 	window1: mouseVisible = True
